	.text
	.syntax unified
	.eabi_attribute	67, "2.09"	@ Tag_conformance
	.cpu	cortex-m0
	.eabi_attribute	6, 12	@ Tag_CPU_arch
	.eabi_attribute	7, 77	@ Tag_CPU_arch_profile
	.eabi_attribute	8, 0	@ Tag_ARM_ISA_use
	.eabi_attribute	9, 1	@ Tag_THUMB_ISA_use
	.eabi_attribute	34, 0	@ Tag_CPU_unaligned_access
	.eabi_attribute	17, 1	@ Tag_ABI_PCS_GOT_use
	.eabi_attribute	20, 2	@ Tag_ABI_FP_denormal
	.eabi_attribute	21, 0	@ Tag_ABI_FP_exceptions
	.eabi_attribute	23, 1	@ Tag_ABI_FP_number_model
	.eabi_attribute	24, 1	@ Tag_ABI_align_needed
	.eabi_attribute	25, 1	@ Tag_ABI_align_preserved
	.eabi_attribute	38, 1	@ Tag_ABI_FP_16bit_format
	.eabi_attribute	18, 2	@ Tag_ABI_PCS_wchar_t
	.eabi_attribute	26, 1	@ Tag_ABI_enum_size
	.eabi_attribute	14, 0	@ Tag_ABI_PCS_R9_use
	.file	"clk_config.c"
	.file	1 "C:\\Users\\mgokce\\AppData\\Local\\Keil_v5\\ARM\\ARMCLANG\\bin\\..\\include" "stdint.h"
	.file	2 "C:\\Nuvoton_ws\\M032GK_GPIO_LED_3_BUTON\\Keil" "../../M031BSP/Library/Device/Nuvoton/M031/Include\\clk_reg.h"
	.file	3 "C:\\Nuvoton_ws\\M032GK_GPIO_LED_3_BUTON\\Keil" "../../M031BSP/Library/Device/Nuvoton/M031/Include\\sys_reg.h"
	.section	.text.clk_config_init_isp,"ax",%progbits
	.hidden	clk_config_init_isp             @ -- Begin function clk_config_init_isp
	.globl	clk_config_init_isp
	.p2align	1
	.type	clk_config_init_isp,%function
	.code	16                              @ @clk_config_init_isp
	.thumb_func
clk_config_init_isp:
.Lfunc_begin0:
	.file	4 "C:\\Nuvoton_ws\\M032GK_GPIO_LED_3_BUTON\\Keil" "../clk_config.c"
	.loc	4 31 0                          @ ../clk_config.c:31:0
	.fnstart
	.cfi_sections .debug_frame
	.cfi_startproc
@ %bb.0:
	.save	{r7, lr}
	push	{r7, lr}
	.cfi_def_cfa_offset 8
	.cfi_offset lr, -4
	.cfi_offset r7, -8
	movs	r0, #2
.Ltmp0:
	.loc	4 32 5 prologue_end             @ ../clk_config.c:32:5
	bl	CLK_EnableModuleClock
.Ltmp1:
	.loc	4 34 5 epilogue_begin           @ ../clk_config.c:34:5
	pop	{r7, pc}
.Ltmp2:
.Lfunc_end0:
	.size	clk_config_init_isp, .Lfunc_end0-clk_config_init_isp
	.cfi_endproc
	.cantunwind
	.fnend
                                        @ -- End function
	.section	.text.clk_config_deinit_isp,"ax",%progbits
	.hidden	clk_config_deinit_isp           @ -- Begin function clk_config_deinit_isp
	.globl	clk_config_deinit_isp
	.p2align	1
	.type	clk_config_deinit_isp,%function
	.code	16                              @ @clk_config_deinit_isp
	.thumb_func
clk_config_deinit_isp:
.Lfunc_begin1:
	.loc	4 38 0                          @ ../clk_config.c:38:0
	.fnstart
	.cfi_startproc
@ %bb.0:
	.save	{r7, lr}
	push	{r7, lr}
	.cfi_def_cfa_offset 8
	.cfi_offset lr, -4
	.cfi_offset r7, -8
	movs	r0, #2
.Ltmp3:
	.loc	4 39 5 prologue_end             @ ../clk_config.c:39:5
	bl	CLK_DisableModuleClock
.Ltmp4:
	.loc	4 41 5 epilogue_begin           @ ../clk_config.c:41:5
	pop	{r7, pc}
.Ltmp5:
.Lfunc_end1:
	.size	clk_config_deinit_isp, .Lfunc_end1-clk_config_deinit_isp
	.cfi_endproc
	.cantunwind
	.fnend
                                        @ -- End function
	.section	.text.clk_config_init_tmr0,"ax",%progbits
	.hidden	clk_config_init_tmr0            @ -- Begin function clk_config_init_tmr0
	.globl	clk_config_init_tmr0
	.p2align	2
	.type	clk_config_init_tmr0,%function
	.code	16                              @ @clk_config_init_tmr0
	.thumb_func
clk_config_init_tmr0:
.Lfunc_begin2:
	.loc	4 45 0                          @ ../clk_config.c:45:0
	.fnstart
	.cfi_startproc
@ %bb.0:
	.save	{r4, lr}
	push	{r4, lr}
	.cfi_def_cfa_offset 8
	.cfi_offset lr, -4
	.cfi_offset r4, -8
	ldr	r4, __arm_cp.2_0
.Ltmp6:
	.loc	4 46 5 prologue_end             @ ../clk_config.c:46:5
	mov	r0, r4
	bl	CLK_EnableModuleClock
.Ltmp7:
	.loc	4 0 5 is_stmt 0                 @ ../clk_config.c:0:5
	movs	r0, #1
	lsls	r1, r0, #9
	movs	r2, #0
	.loc	4 47 5 is_stmt 1                @ ../clk_config.c:47:5
	mov	r0, r4
	bl	CLK_SetModuleClock
.Ltmp8:
	.loc	4 49 5 epilogue_begin           @ ../clk_config.c:49:5
	pop	{r4, pc}
.Ltmp9:
	.p2align	2
@ %bb.1:
	.loc	4 0 5 is_stmt 0                 @ ../clk_config.c:0:5
__arm_cp.2_0:
	.long	1585446914                      @ 0x5e800002
.Lcpi_end0:
	.size	__arm_cp.2_0, .Lcpi_end0-__arm_cp.2_0
.Lfunc_end2:
	.size	clk_config_init_tmr0, .Lfunc_end2-clk_config_init_tmr0
	.cfi_endproc
	.cantunwind
	.fnend
                                        @ -- End function
	.section	.text.clk_config_deinit_tmr0,"ax",%progbits
	.hidden	clk_config_deinit_tmr0          @ -- Begin function clk_config_deinit_tmr0
	.globl	clk_config_deinit_tmr0
	.p2align	2
	.type	clk_config_deinit_tmr0,%function
	.code	16                              @ @clk_config_deinit_tmr0
	.thumb_func
clk_config_deinit_tmr0:
.Lfunc_begin3:
	.loc	4 53 0 is_stmt 1                @ ../clk_config.c:53:0
	.fnstart
	.cfi_startproc
@ %bb.0:
	.save	{r7, lr}
	push	{r7, lr}
	.cfi_def_cfa_offset 8
	.cfi_offset lr, -4
	.cfi_offset r7, -8
	ldr	r0, __arm_cp.3_0
.Ltmp10:
	.loc	4 54 5 prologue_end             @ ../clk_config.c:54:5
	bl	CLK_DisableModuleClock
.Ltmp11:
	.loc	4 56 5 epilogue_begin           @ ../clk_config.c:56:5
	pop	{r7, pc}
.Ltmp12:
	.p2align	2
@ %bb.1:
	.loc	4 0 5 is_stmt 0                 @ ../clk_config.c:0:5
__arm_cp.3_0:
	.long	1585446914                      @ 0x5e800002
.Lcpi_end1:
	.size	__arm_cp.3_0, .Lcpi_end1-__arm_cp.3_0
.Lfunc_end3:
	.size	clk_config_deinit_tmr0, .Lfunc_end3-clk_config_deinit_tmr0
	.cfi_endproc
	.cantunwind
	.fnend
                                        @ -- End function
	.section	.text.clk_config_init_uart0,"ax",%progbits
	.hidden	clk_config_init_uart0           @ -- Begin function clk_config_init_uart0
	.globl	clk_config_init_uart0
	.p2align	2
	.type	clk_config_init_uart0,%function
	.code	16                              @ @clk_config_init_uart0
	.thumb_func
clk_config_init_uart0:
.Lfunc_begin4:
	.loc	4 60 0 is_stmt 1                @ ../clk_config.c:60:0
	.fnstart
	.cfi_startproc
@ %bb.0:
	.save	{r4, lr}
	push	{r4, lr}
	.cfi_def_cfa_offset 8
	.cfi_offset lr, -4
	.cfi_offset r4, -8
	ldr	r4, __arm_cp.4_0
.Ltmp13:
	.loc	4 61 5 prologue_end             @ ../clk_config.c:61:5
	mov	r0, r4
	bl	CLK_EnableModuleClock
.Ltmp14:
	.loc	4 0 5 is_stmt 0                 @ ../clk_config.c:0:5
	movs	r0, #1
	lsls	r1, r0, #26
	movs	r2, #0
	.loc	4 62 5 is_stmt 1                @ ../clk_config.c:62:5
	mov	r0, r4
	bl	CLK_SetModuleClock
.Ltmp15:
	.loc	4 64 5 epilogue_begin           @ ../clk_config.c:64:5
	pop	{r4, pc}
.Ltmp16:
	.p2align	2
@ %bb.1:
	.loc	4 0 5 is_stmt 0                 @ ../clk_config.c:0:5
__arm_cp.4_0:
	.long	1602239760                      @ 0x5f803d10
.Lcpi_end2:
	.size	__arm_cp.4_0, .Lcpi_end2-__arm_cp.4_0
.Lfunc_end4:
	.size	clk_config_init_uart0, .Lfunc_end4-clk_config_init_uart0
	.cfi_endproc
	.cantunwind
	.fnend
                                        @ -- End function
	.section	.text.clk_config_deinit_uart0,"ax",%progbits
	.hidden	clk_config_deinit_uart0         @ -- Begin function clk_config_deinit_uart0
	.globl	clk_config_deinit_uart0
	.p2align	2
	.type	clk_config_deinit_uart0,%function
	.code	16                              @ @clk_config_deinit_uart0
	.thumb_func
clk_config_deinit_uart0:
.Lfunc_begin5:
	.loc	4 68 0 is_stmt 1                @ ../clk_config.c:68:0
	.fnstart
	.cfi_startproc
@ %bb.0:
	.save	{r7, lr}
	push	{r7, lr}
	.cfi_def_cfa_offset 8
	.cfi_offset lr, -4
	.cfi_offset r7, -8
	ldr	r0, __arm_cp.5_0
.Ltmp17:
	.loc	4 69 5 prologue_end             @ ../clk_config.c:69:5
	bl	CLK_DisableModuleClock
.Ltmp18:
	.loc	4 71 5 epilogue_begin           @ ../clk_config.c:71:5
	pop	{r7, pc}
.Ltmp19:
	.p2align	2
@ %bb.1:
	.loc	4 0 5 is_stmt 0                 @ ../clk_config.c:0:5
__arm_cp.5_0:
	.long	1602239760                      @ 0x5f803d10
.Lcpi_end3:
	.size	__arm_cp.5_0, .Lcpi_end3-__arm_cp.5_0
.Lfunc_end5:
	.size	clk_config_deinit_uart0, .Lfunc_end5-clk_config_deinit_uart0
	.cfi_endproc
	.cantunwind
	.fnend
                                        @ -- End function
	.section	.text.clk_config_init_base,"ax",%progbits
	.hidden	clk_config_init_base            @ -- Begin function clk_config_init_base
	.globl	clk_config_init_base
	.p2align	2
	.type	clk_config_init_base,%function
	.code	16                              @ @clk_config_init_base
	.thumb_func
clk_config_init_base:
.Lfunc_begin6:
	.loc	4 75 0 is_stmt 1                @ ../clk_config.c:75:0
	.fnstart
	.cfi_startproc
@ %bb.0:
	.save	{r4, lr}
	push	{r4, lr}
	.cfi_def_cfa_offset 8
	.cfi_offset lr, -4
	.cfi_offset r4, -8
	movs	r0, #5
.Ltmp20:
	.loc	4 78 5 prologue_end             @ ../clk_config.c:78:5
	bl	CLK_EnableXtalRC
.Ltmp21:
	.loc	4 0 5 is_stmt 0                 @ ../clk_config.c:0:5
	movs	r0, #17
	.loc	4 81 5 is_stmt 1                @ ../clk_config.c:81:5
	bl	CLK_WaitClockReady
.Ltmp22:
	.loc	4 84 5                          @ ../clk_config.c:84:5
	bl	CLK_DisablePLL
.Ltmp23:
	.loc	4 0 5 is_stmt 0                 @ ../clk_config.c:0:5
	ldr	r4, __arm_cp.6_0
	.loc	4 87 25 is_stmt 1               @ ../clk_config.c:87:25
	ldr	r0, [r4]
	ldr	r1, __arm_cp.6_1
	.loc	4 87 32 is_stmt 0               @ ../clk_config.c:87:32
	ands	r1, r0
	ldr	r0, __arm_cp.6_2
	.loc	4 87 51                         @ ../clk_config.c:87:51
	adds	r0, r1, r0
	.loc	4 87 17                         @ ../clk_config.c:87:17
	str	r0, [r4]
	movs	r0, #4
	.loc	4 90 5 is_stmt 1                @ ../clk_config.c:90:5
	bl	CLK_WaitClockReady
.Ltmp24:
	.loc	4 0 5 is_stmt 0                 @ ../clk_config.c:0:5
	movs	r0, #2
	movs	r1, #0
	.loc	4 93 5 is_stmt 1                @ ../clk_config.c:93:5
	bl	CLK_SetHCLK
.Ltmp25:
	.loc	4 96 18                         @ ../clk_config.c:96:18
	subs	r4, #12
	movs	r0, #16
	str	r0, [r4]
	.loc	4 98 5 epilogue_begin           @ ../clk_config.c:98:5
	pop	{r4, pc}
.Ltmp26:
	.p2align	2
@ %bb.1:
	.loc	4 0 5 is_stmt 0                 @ ../clk_config.c:0:5
__arm_cp.6_0:
	.long	1073742400                      @ 0x40000240
.Lcpi_end4:
	.size	__arm_cp.6_0, .Lcpi_end4-__arm_cp.6_0
__arm_cp.6_1:
	.long	4293918720                      @ 0xfff00000
.Lcpi_end5:
	.size	__arm_cp.6_1, .Lcpi_end5-__arm_cp.6_1
__arm_cp.6_2:
	.long	49689                           @ 0xc219
.Lcpi_end6:
	.size	__arm_cp.6_2, .Lcpi_end6-__arm_cp.6_2
.Lfunc_end6:
	.size	clk_config_init_base, .Lfunc_end6-clk_config_init_base
	.cfi_endproc
	.cantunwind
	.fnend
                                        @ -- End function
	.section	.text.clk_config_init,"ax",%progbits
	.hidden	clk_config_init                 @ -- Begin function clk_config_init
	.globl	clk_config_init
	.p2align	2
	.type	clk_config_init,%function
	.code	16                              @ @clk_config_init
	.thumb_func
clk_config_init:
.Lfunc_begin7:
	.loc	4 102 0 is_stmt 1               @ ../clk_config.c:102:0
	.fnstart
	.cfi_startproc
@ %bb.0:
	.save	{r4, r5, r6, r7, lr}
	push	{r4, r5, r6, r7, lr}
	.cfi_def_cfa_offset 20
	.cfi_offset lr, -4
	.cfi_offset r7, -8
	.cfi_offset r6, -12
	.cfi_offset r5, -16
	.cfi_offset r4, -20
	.pad	#4
	sub	sp, #4
	.cfi_def_cfa_offset 24
	ldr	r6, __arm_cp.7_0
.LBB7_1:                                @ =>This Inner Loop Header: Depth=1
	movs	r0, #89
.Ltmp27:
	.file	5 "C:\\Nuvoton_ws\\M032GK_GPIO_LED_3_BUTON\\Keil" "../../M031BSP/Library/StdDriver/inc\\sys.h"
	.loc	5 1346 22 prologue_end          @ ../../M031BSP/Library/StdDriver/inc\sys.h:1346:22
	str	r0, [r6]
	movs	r1, #22
	.loc	5 1347 22                       @ ../../M031BSP/Library/StdDriver/inc\sys.h:1347:22
	str	r1, [r6]
	movs	r2, #136
	.loc	5 1348 22                       @ ../../M031BSP/Library/StdDriver/inc\sys.h:1348:22
	str	r2, [r6]
.Ltmp28:
	.loc	5 1349 19                       @ ../../M031BSP/Library/StdDriver/inc\sys.h:1349:19
	ldr	r3, [r6]
.Ltmp29:
	.loc	5 1349 5 is_stmt 0              @ ../../M031BSP/Library/StdDriver/inc\sys.h:1349:5
	cmp	r3, #0
	bne	.LBB7_5
@ %bb.2:                                @   in Loop: Header=BB7_1 Depth=1
	.loc	5 1346 22 is_stmt 1             @ ../../M031BSP/Library/StdDriver/inc\sys.h:1346:22
	str	r0, [r6]
	.loc	5 1347 22                       @ ../../M031BSP/Library/StdDriver/inc\sys.h:1347:22
	str	r1, [r6]
	.loc	5 1348 22                       @ ../../M031BSP/Library/StdDriver/inc\sys.h:1348:22
	str	r2, [r6]
.Ltmp30:
	.loc	5 1349 19                       @ ../../M031BSP/Library/StdDriver/inc\sys.h:1349:19
	ldr	r3, [r6]
.Ltmp31:
	.loc	5 1349 5 is_stmt 0              @ ../../M031BSP/Library/StdDriver/inc\sys.h:1349:5
	cmp	r3, #0
	bne	.LBB7_5
@ %bb.3:                                @   in Loop: Header=BB7_1 Depth=1
	.loc	5 1346 22 is_stmt 1             @ ../../M031BSP/Library/StdDriver/inc\sys.h:1346:22
	str	r0, [r6]
	.loc	5 1347 22                       @ ../../M031BSP/Library/StdDriver/inc\sys.h:1347:22
	str	r1, [r6]
	.loc	5 1348 22                       @ ../../M031BSP/Library/StdDriver/inc\sys.h:1348:22
	str	r2, [r6]
.Ltmp32:
	.loc	5 1349 19                       @ ../../M031BSP/Library/StdDriver/inc\sys.h:1349:19
	ldr	r3, [r6]
.Ltmp33:
	.loc	5 1349 5 is_stmt 0              @ ../../M031BSP/Library/StdDriver/inc\sys.h:1349:5
	cmp	r3, #0
	bne	.LBB7_5
@ %bb.4:                                @   in Loop: Header=BB7_1 Depth=1
	.loc	5 1346 22 is_stmt 1             @ ../../M031BSP/Library/StdDriver/inc\sys.h:1346:22
	str	r0, [r6]
	.loc	5 1347 22                       @ ../../M031BSP/Library/StdDriver/inc\sys.h:1347:22
	str	r1, [r6]
	.loc	5 1348 22                       @ ../../M031BSP/Library/StdDriver/inc\sys.h:1348:22
	str	r2, [r6]
.Ltmp34:
	.loc	5 1349 19                       @ ../../M031BSP/Library/StdDriver/inc\sys.h:1349:19
	ldr	r0, [r6]
.Ltmp35:
	.loc	5 1349 5 is_stmt 0              @ ../../M031BSP/Library/StdDriver/inc\sys.h:1349:5
	cmp	r0, #0
	beq	.LBB7_1
.Ltmp36:
.LBB7_5:
	.loc	5 0 5                           @ ../../M031BSP/Library/StdDriver/inc\sys.h:0:5
	movs	r0, #5
.Ltmp37:
	.loc	4 78 5 is_stmt 1                @ ../clk_config.c:78:5
	bl	CLK_EnableXtalRC
.Ltmp38:
	.loc	4 0 5 is_stmt 0                 @ ../clk_config.c:0:5
	movs	r0, #17
	.loc	4 81 5 is_stmt 1                @ ../clk_config.c:81:5
	bl	CLK_WaitClockReady
.Ltmp39:
	.loc	4 84 5                          @ ../clk_config.c:84:5
	bl	CLK_DisablePLL
.Ltmp40:
	.loc	4 0 5 is_stmt 0                 @ ../clk_config.c:0:5
	ldr	r7, __arm_cp.7_1
	.loc	4 87 25 is_stmt 1               @ ../clk_config.c:87:25
	ldr	r0, [r7]
	ldr	r1, __arm_cp.7_2
	.loc	4 87 32 is_stmt 0               @ ../clk_config.c:87:32
	ands	r1, r0
	ldr	r0, __arm_cp.7_3
	.loc	4 87 51                         @ ../clk_config.c:87:51
	adds	r0, r1, r0
	.loc	4 87 17                         @ ../clk_config.c:87:17
	str	r0, [r7]
	movs	r0, #4
	.loc	4 90 5 is_stmt 1                @ ../clk_config.c:90:5
	bl	CLK_WaitClockReady
.Ltmp41:
	.loc	4 0 5 is_stmt 0                 @ ../clk_config.c:0:5
	movs	r5, #2
	movs	r4, #0
	.loc	4 93 5 is_stmt 1                @ ../clk_config.c:93:5
	mov	r0, r5
	mov	r1, r4
	bl	CLK_SetHCLK
.Ltmp42:
	.loc	4 96 18                         @ ../clk_config.c:96:18
	subs	r7, #12
	movs	r0, #16
	str	r0, [r7]
.Ltmp43:
	.loc	4 32 5                          @ ../clk_config.c:32:5
	mov	r0, r5
	bl	CLK_EnableModuleClock
.Ltmp44:
	.loc	4 0 5 is_stmt 0                 @ ../clk_config.c:0:5
	ldr	r5, __arm_cp.7_4
.Ltmp45:
	.loc	4 46 5 is_stmt 1                @ ../clk_config.c:46:5
	mov	r0, r5
	bl	CLK_EnableModuleClock
.Ltmp46:
	.loc	4 0 5 is_stmt 0                 @ ../clk_config.c:0:5
	movs	r7, #1
	lsls	r1, r7, #9
	.loc	4 47 5 is_stmt 1                @ ../clk_config.c:47:5
	mov	r0, r5
	mov	r2, r4
	bl	CLK_SetModuleClock
.Ltmp47:
	.loc	4 0 5 is_stmt 0                 @ ../clk_config.c:0:5
	ldr	r5, __arm_cp.7_5
.Ltmp48:
	.loc	4 61 5 is_stmt 1                @ ../clk_config.c:61:5
	mov	r0, r5
	bl	CLK_EnableModuleClock
.Ltmp49:
	.loc	4 0 5 is_stmt 0                 @ ../clk_config.c:0:5
	lsls	r1, r7, #26
	.loc	4 62 5 is_stmt 1                @ ../clk_config.c:62:5
	mov	r0, r5
	mov	r2, r4
	bl	CLK_SetModuleClock
.Ltmp50:
	.loc	4 135 5                         @ ../clk_config.c:135:5
	bl	SystemCoreClockUpdate
.Ltmp51:
	.loc	5 1362 18                       @ ../../M031BSP/Library/StdDriver/inc\sys.h:1362:18
	str	r4, [r6]
.Ltmp52:
	.loc	4 140 5 epilogue_begin          @ ../clk_config.c:140:5
	add	sp, #4
	pop	{r4, r5, r6, r7, pc}
.Ltmp53:
	.p2align	2
@ %bb.6:
	.loc	4 0 5 is_stmt 0                 @ ../clk_config.c:0:5
__arm_cp.7_0:
	.long	1073742080                      @ 0x40000100
.Lcpi_end7:
	.size	__arm_cp.7_0, .Lcpi_end7-__arm_cp.7_0
__arm_cp.7_1:
	.long	1073742400                      @ 0x40000240
.Lcpi_end8:
	.size	__arm_cp.7_1, .Lcpi_end8-__arm_cp.7_1
__arm_cp.7_2:
	.long	4293918720                      @ 0xfff00000
.Lcpi_end9:
	.size	__arm_cp.7_2, .Lcpi_end9-__arm_cp.7_2
__arm_cp.7_3:
	.long	49689                           @ 0xc219
.Lcpi_end10:
	.size	__arm_cp.7_3, .Lcpi_end10-__arm_cp.7_3
__arm_cp.7_4:
	.long	1585446914                      @ 0x5e800002
.Lcpi_end11:
	.size	__arm_cp.7_4, .Lcpi_end11-__arm_cp.7_4
__arm_cp.7_5:
	.long	1602239760                      @ 0x5f803d10
.Lcpi_end12:
	.size	__arm_cp.7_5, .Lcpi_end12-__arm_cp.7_5
.Lfunc_end7:
	.size	clk_config_init, .Lfunc_end7-clk_config_init
	.cfi_endproc
	.cantunwind
	.fnend
                                        @ -- End function
	.section	.debug_abbrev,"",%progbits
	.byte	1                               @ Abbreviation Code
	.byte	17                              @ DW_TAG_compile_unit
	.byte	1                               @ DW_CHILDREN_yes
	.byte	37                              @ DW_AT_producer
	.byte	14                              @ DW_FORM_strp
	.byte	19                              @ DW_AT_language
	.byte	5                               @ DW_FORM_data2
	.byte	3                               @ DW_AT_name
	.byte	14                              @ DW_FORM_strp
	.byte	16                              @ DW_AT_stmt_list
	.byte	23                              @ DW_FORM_sec_offset
	.byte	27                              @ DW_AT_comp_dir
	.byte	14                              @ DW_FORM_strp
	.byte	17                              @ DW_AT_low_pc
	.byte	1                               @ DW_FORM_addr
	.byte	85                              @ DW_AT_ranges
	.byte	23                              @ DW_FORM_sec_offset
	.byte	0                               @ EOM(1)
	.byte	0                               @ EOM(2)
	.byte	2                               @ Abbreviation Code
	.byte	15                              @ DW_TAG_pointer_type
	.byte	0                               @ DW_CHILDREN_no
	.byte	73                              @ DW_AT_type
	.byte	19                              @ DW_FORM_ref4
	.byte	0                               @ EOM(1)
	.byte	0                               @ EOM(2)
	.byte	3                               @ Abbreviation Code
	.byte	22                              @ DW_TAG_typedef
	.byte	0                               @ DW_CHILDREN_no
	.byte	73                              @ DW_AT_type
	.byte	19                              @ DW_FORM_ref4
	.byte	3                               @ DW_AT_name
	.byte	14                              @ DW_FORM_strp
	.byte	58                              @ DW_AT_decl_file
	.byte	11                              @ DW_FORM_data1
	.byte	59                              @ DW_AT_decl_line
	.byte	5                               @ DW_FORM_data2
	.byte	0                               @ EOM(1)
	.byte	0                               @ EOM(2)
	.byte	4                               @ Abbreviation Code
	.byte	19                              @ DW_TAG_structure_type
	.byte	1                               @ DW_CHILDREN_yes
	.byte	11                              @ DW_AT_byte_size
	.byte	11                              @ DW_FORM_data1
	.byte	58                              @ DW_AT_decl_file
	.byte	11                              @ DW_FORM_data1
	.byte	59                              @ DW_AT_decl_line
	.byte	11                              @ DW_FORM_data1
	.byte	0                               @ EOM(1)
	.byte	0                               @ EOM(2)
	.byte	5                               @ Abbreviation Code
	.byte	13                              @ DW_TAG_member
	.byte	0                               @ DW_CHILDREN_no
	.byte	3                               @ DW_AT_name
	.byte	14                              @ DW_FORM_strp
	.byte	73                              @ DW_AT_type
	.byte	19                              @ DW_FORM_ref4
	.byte	58                              @ DW_AT_decl_file
	.byte	11                              @ DW_FORM_data1
	.byte	59                              @ DW_AT_decl_line
	.byte	5                               @ DW_FORM_data2
	.byte	56                              @ DW_AT_data_member_location
	.byte	11                              @ DW_FORM_data1
	.byte	0                               @ EOM(1)
	.byte	0                               @ EOM(2)
	.byte	6                               @ Abbreviation Code
	.byte	53                              @ DW_TAG_volatile_type
	.byte	0                               @ DW_CHILDREN_no
	.byte	73                              @ DW_AT_type
	.byte	19                              @ DW_FORM_ref4
	.byte	0                               @ EOM(1)
	.byte	0                               @ EOM(2)
	.byte	7                               @ Abbreviation Code
	.byte	22                              @ DW_TAG_typedef
	.byte	0                               @ DW_CHILDREN_no
	.byte	73                              @ DW_AT_type
	.byte	19                              @ DW_FORM_ref4
	.byte	3                               @ DW_AT_name
	.byte	14                              @ DW_FORM_strp
	.byte	58                              @ DW_AT_decl_file
	.byte	11                              @ DW_FORM_data1
	.byte	59                              @ DW_AT_decl_line
	.byte	11                              @ DW_FORM_data1
	.byte	0                               @ EOM(1)
	.byte	0                               @ EOM(2)
	.byte	8                               @ Abbreviation Code
	.byte	36                              @ DW_TAG_base_type
	.byte	0                               @ DW_CHILDREN_no
	.byte	3                               @ DW_AT_name
	.byte	14                              @ DW_FORM_strp
	.byte	62                              @ DW_AT_encoding
	.byte	11                              @ DW_FORM_data1
	.byte	11                              @ DW_AT_byte_size
	.byte	11                              @ DW_FORM_data1
	.byte	0                               @ EOM(1)
	.byte	0                               @ EOM(2)
	.byte	9                               @ Abbreviation Code
	.byte	1                               @ DW_TAG_array_type
	.byte	1                               @ DW_CHILDREN_yes
	.byte	73                              @ DW_AT_type
	.byte	19                              @ DW_FORM_ref4
	.byte	0                               @ EOM(1)
	.byte	0                               @ EOM(2)
	.byte	10                              @ Abbreviation Code
	.byte	33                              @ DW_TAG_subrange_type
	.byte	0                               @ DW_CHILDREN_no
	.byte	73                              @ DW_AT_type
	.byte	19                              @ DW_FORM_ref4
	.byte	55                              @ DW_AT_count
	.byte	11                              @ DW_FORM_data1
	.byte	0                               @ EOM(1)
	.byte	0                               @ EOM(2)
	.byte	11                              @ Abbreviation Code
	.byte	38                              @ DW_TAG_const_type
	.byte	0                               @ DW_CHILDREN_no
	.byte	73                              @ DW_AT_type
	.byte	19                              @ DW_FORM_ref4
	.byte	0                               @ EOM(1)
	.byte	0                               @ EOM(2)
	.byte	12                              @ Abbreviation Code
	.byte	36                              @ DW_TAG_base_type
	.byte	0                               @ DW_CHILDREN_no
	.byte	3                               @ DW_AT_name
	.byte	14                              @ DW_FORM_strp
	.byte	11                              @ DW_AT_byte_size
	.byte	11                              @ DW_FORM_data1
	.byte	62                              @ DW_AT_encoding
	.byte	11                              @ DW_FORM_data1
	.byte	0                               @ EOM(1)
	.byte	0                               @ EOM(2)
	.byte	13                              @ Abbreviation Code
	.byte	19                              @ DW_TAG_structure_type
	.byte	1                               @ DW_CHILDREN_yes
	.byte	11                              @ DW_AT_byte_size
	.byte	5                               @ DW_FORM_data2
	.byte	58                              @ DW_AT_decl_file
	.byte	11                              @ DW_FORM_data1
	.byte	59                              @ DW_AT_decl_line
	.byte	11                              @ DW_FORM_data1
	.byte	0                               @ EOM(1)
	.byte	0                               @ EOM(2)
	.byte	14                              @ Abbreviation Code
	.byte	13                              @ DW_TAG_member
	.byte	0                               @ DW_CHILDREN_no
	.byte	3                               @ DW_AT_name
	.byte	14                              @ DW_FORM_strp
	.byte	73                              @ DW_AT_type
	.byte	19                              @ DW_FORM_ref4
	.byte	58                              @ DW_AT_decl_file
	.byte	11                              @ DW_FORM_data1
	.byte	59                              @ DW_AT_decl_line
	.byte	5                               @ DW_FORM_data2
	.byte	56                              @ DW_AT_data_member_location
	.byte	5                               @ DW_FORM_data2
	.byte	0                               @ EOM(1)
	.byte	0                               @ EOM(2)
	.byte	15                              @ Abbreviation Code
	.byte	46                              @ DW_TAG_subprogram
	.byte	0                               @ DW_CHILDREN_no
	.byte	17                              @ DW_AT_low_pc
	.byte	1                               @ DW_FORM_addr
	.byte	18                              @ DW_AT_high_pc
	.byte	6                               @ DW_FORM_data4
	.byte	64                              @ DW_AT_frame_base
	.byte	24                              @ DW_FORM_exprloc
	.ascii	"\227B"                         @ DW_AT_GNU_all_call_sites
	.byte	25                              @ DW_FORM_flag_present
	.byte	49                              @ DW_AT_abstract_origin
	.byte	19                              @ DW_FORM_ref4
	.byte	0                               @ EOM(1)
	.byte	0                               @ EOM(2)
	.byte	16                              @ Abbreviation Code
	.byte	46                              @ DW_TAG_subprogram
	.byte	0                               @ DW_CHILDREN_no
	.byte	17                              @ DW_AT_low_pc
	.byte	1                               @ DW_FORM_addr
	.byte	18                              @ DW_AT_high_pc
	.byte	6                               @ DW_FORM_data4
	.byte	64                              @ DW_AT_frame_base
	.byte	24                              @ DW_FORM_exprloc
	.ascii	"\227B"                         @ DW_AT_GNU_all_call_sites
	.byte	25                              @ DW_FORM_flag_present
	.byte	3                               @ DW_AT_name
	.byte	14                              @ DW_FORM_strp
	.byte	58                              @ DW_AT_decl_file
	.byte	11                              @ DW_FORM_data1
	.byte	59                              @ DW_AT_decl_line
	.byte	11                              @ DW_FORM_data1
	.byte	39                              @ DW_AT_prototyped
	.byte	25                              @ DW_FORM_flag_present
	.byte	63                              @ DW_AT_external
	.byte	25                              @ DW_FORM_flag_present
	.byte	0                               @ EOM(1)
	.byte	0                               @ EOM(2)
	.byte	17                              @ Abbreviation Code
	.byte	46                              @ DW_TAG_subprogram
	.byte	0                               @ DW_CHILDREN_no
	.byte	3                               @ DW_AT_name
	.byte	14                              @ DW_FORM_strp
	.byte	58                              @ DW_AT_decl_file
	.byte	11                              @ DW_FORM_data1
	.byte	59                              @ DW_AT_decl_line
	.byte	5                               @ DW_FORM_data2
	.byte	39                              @ DW_AT_prototyped
	.byte	25                              @ DW_FORM_flag_present
	.byte	32                              @ DW_AT_inline
	.byte	11                              @ DW_FORM_data1
	.byte	0                               @ EOM(1)
	.byte	0                               @ EOM(2)
	.byte	18                              @ Abbreviation Code
	.byte	46                              @ DW_TAG_subprogram
	.byte	0                               @ DW_CHILDREN_no
	.byte	3                               @ DW_AT_name
	.byte	14                              @ DW_FORM_strp
	.byte	58                              @ DW_AT_decl_file
	.byte	11                              @ DW_FORM_data1
	.byte	59                              @ DW_AT_decl_line
	.byte	11                              @ DW_FORM_data1
	.byte	39                              @ DW_AT_prototyped
	.byte	25                              @ DW_FORM_flag_present
	.byte	63                              @ DW_AT_external
	.byte	25                              @ DW_FORM_flag_present
	.byte	32                              @ DW_AT_inline
	.byte	11                              @ DW_FORM_data1
	.byte	0                               @ EOM(1)
	.byte	0                               @ EOM(2)
	.byte	19                              @ Abbreviation Code
	.byte	46                              @ DW_TAG_subprogram
	.byte	1                               @ DW_CHILDREN_yes
	.byte	17                              @ DW_AT_low_pc
	.byte	1                               @ DW_FORM_addr
	.byte	18                              @ DW_AT_high_pc
	.byte	6                               @ DW_FORM_data4
	.byte	64                              @ DW_AT_frame_base
	.byte	24                              @ DW_FORM_exprloc
	.ascii	"\227B"                         @ DW_AT_GNU_all_call_sites
	.byte	25                              @ DW_FORM_flag_present
	.byte	3                               @ DW_AT_name
	.byte	14                              @ DW_FORM_strp
	.byte	58                              @ DW_AT_decl_file
	.byte	11                              @ DW_FORM_data1
	.byte	59                              @ DW_AT_decl_line
	.byte	11                              @ DW_FORM_data1
	.byte	39                              @ DW_AT_prototyped
	.byte	25                              @ DW_FORM_flag_present
	.byte	63                              @ DW_AT_external
	.byte	25                              @ DW_FORM_flag_present
	.byte	0                               @ EOM(1)
	.byte	0                               @ EOM(2)
	.byte	20                              @ Abbreviation Code
	.byte	29                              @ DW_TAG_inlined_subroutine
	.byte	0                               @ DW_CHILDREN_no
	.byte	49                              @ DW_AT_abstract_origin
	.byte	19                              @ DW_FORM_ref4
	.byte	17                              @ DW_AT_low_pc
	.byte	1                               @ DW_FORM_addr
	.byte	18                              @ DW_AT_high_pc
	.byte	6                               @ DW_FORM_data4
	.byte	88                              @ DW_AT_call_file
	.byte	11                              @ DW_FORM_data1
	.byte	89                              @ DW_AT_call_line
	.byte	11                              @ DW_FORM_data1
	.byte	87                              @ DW_AT_call_column
	.byte	11                              @ DW_FORM_data1
	.byte	0                               @ EOM(1)
	.byte	0                               @ EOM(2)
	.byte	0                               @ EOM(3)
	.section	.debug_info,"",%progbits
.Lcu_begin0:
	.long	.Ldebug_info_end0-.Ldebug_info_start0 @ Length of Unit
.Ldebug_info_start0:
	.short	4                               @ DWARF version number
	.long	.debug_abbrev                   @ Offset Into Abbrev. Section
	.byte	4                               @ Address Size (in bytes)
	.byte	1                               @ Abbrev [1] 0xb:0x69d DW_TAG_compile_unit
	.long	.Linfo_string0                  @ DW_AT_producer
	.short	12                              @ DW_AT_language
	.long	.Linfo_string1                  @ DW_AT_name
	.long	.Lline_table_start0             @ DW_AT_stmt_list
	.long	.Linfo_string2                  @ DW_AT_comp_dir
	.long	0                               @ DW_AT_low_pc
	.long	.Ldebug_ranges0                 @ DW_AT_ranges
	.byte	2                               @ Abbrev [2] 0x26:0x5 DW_TAG_pointer_type
	.long	43                              @ DW_AT_type
	.byte	3                               @ Abbrev [3] 0x2b:0xc DW_TAG_typedef
	.long	55                              @ DW_AT_type
	.long	.Linfo_string34                 @ DW_AT_name
	.byte	2                               @ DW_AT_decl_file
	.short	549                             @ DW_AT_decl_line
	.byte	4                               @ Abbrev [4] 0x37:0x171 DW_TAG_structure_type
	.byte	244                             @ DW_AT_byte_size
	.byte	2                               @ DW_AT_decl_file
	.byte	26                              @ DW_AT_decl_line
	.byte	5                               @ Abbrev [5] 0x3b:0xd DW_TAG_member
	.long	.Linfo_string3                  @ DW_AT_name
	.long	424                             @ DW_AT_type
	.byte	2                               @ DW_AT_decl_file
	.short	520                             @ DW_AT_decl_line
	.byte	0                               @ DW_AT_data_member_location
	.byte	5                               @ Abbrev [5] 0x48:0xd DW_TAG_member
	.long	.Linfo_string6                  @ DW_AT_name
	.long	424                             @ DW_AT_type
	.byte	2                               @ DW_AT_decl_file
	.short	521                             @ DW_AT_decl_line
	.byte	4                               @ DW_AT_data_member_location
	.byte	5                               @ Abbrev [5] 0x55:0xd DW_TAG_member
	.long	.Linfo_string7                  @ DW_AT_name
	.long	424                             @ DW_AT_type
	.byte	2                               @ DW_AT_decl_file
	.short	522                             @ DW_AT_decl_line
	.byte	8                               @ DW_AT_data_member_location
	.byte	5                               @ Abbrev [5] 0x62:0xd DW_TAG_member
	.long	.Linfo_string8                  @ DW_AT_name
	.long	424                             @ DW_AT_type
	.byte	2                               @ DW_AT_decl_file
	.short	523                             @ DW_AT_decl_line
	.byte	12                              @ DW_AT_data_member_location
	.byte	5                               @ Abbrev [5] 0x6f:0xd DW_TAG_member
	.long	.Linfo_string9                  @ DW_AT_name
	.long	424                             @ DW_AT_type
	.byte	2                               @ DW_AT_decl_file
	.short	524                             @ DW_AT_decl_line
	.byte	16                              @ DW_AT_data_member_location
	.byte	5                               @ Abbrev [5] 0x7c:0xd DW_TAG_member
	.long	.Linfo_string10                 @ DW_AT_name
	.long	424                             @ DW_AT_type
	.byte	2                               @ DW_AT_decl_file
	.short	525                             @ DW_AT_decl_line
	.byte	20                              @ DW_AT_data_member_location
	.byte	5                               @ Abbrev [5] 0x89:0xd DW_TAG_member
	.long	.Linfo_string11                 @ DW_AT_name
	.long	424                             @ DW_AT_type
	.byte	2                               @ DW_AT_decl_file
	.short	526                             @ DW_AT_decl_line
	.byte	24                              @ DW_AT_data_member_location
	.byte	5                               @ Abbrev [5] 0x96:0xd DW_TAG_member
	.long	.Linfo_string12                 @ DW_AT_name
	.long	424                             @ DW_AT_type
	.byte	2                               @ DW_AT_decl_file
	.short	527                             @ DW_AT_decl_line
	.byte	28                              @ DW_AT_data_member_location
	.byte	5                               @ Abbrev [5] 0xa3:0xd DW_TAG_member
	.long	.Linfo_string13                 @ DW_AT_name
	.long	424                             @ DW_AT_type
	.byte	2                               @ DW_AT_decl_file
	.short	528                             @ DW_AT_decl_line
	.byte	32                              @ DW_AT_data_member_location
	.byte	5                               @ Abbrev [5] 0xb0:0xd DW_TAG_member
	.long	.Linfo_string14                 @ DW_AT_name
	.long	447                             @ DW_AT_type
	.byte	2                               @ DW_AT_decl_file
	.short	529                             @ DW_AT_decl_line
	.byte	36                              @ DW_AT_data_member_location
	.byte	5                               @ Abbrev [5] 0xbd:0xd DW_TAG_member
	.long	.Linfo_string16                 @ DW_AT_name
	.long	424                             @ DW_AT_type
	.byte	2                               @ DW_AT_decl_file
	.short	530                             @ DW_AT_decl_line
	.byte	48                              @ DW_AT_data_member_location
	.byte	5                               @ Abbrev [5] 0xca:0xd DW_TAG_member
	.long	.Linfo_string17                 @ DW_AT_name
	.long	424                             @ DW_AT_type
	.byte	2                               @ DW_AT_decl_file
	.short	531                             @ DW_AT_decl_line
	.byte	52                              @ DW_AT_data_member_location
	.byte	5                               @ Abbrev [5] 0xd7:0xd DW_TAG_member
	.long	.Linfo_string18                 @ DW_AT_name
	.long	471                             @ DW_AT_type
	.byte	2                               @ DW_AT_decl_file
	.short	532                             @ DW_AT_decl_line
	.byte	56                              @ DW_AT_data_member_location
	.byte	5                               @ Abbrev [5] 0xe4:0xd DW_TAG_member
	.long	.Linfo_string19                 @ DW_AT_name
	.long	424                             @ DW_AT_type
	.byte	2                               @ DW_AT_decl_file
	.short	533                             @ DW_AT_decl_line
	.byte	64                              @ DW_AT_data_member_location
	.byte	5                               @ Abbrev [5] 0xf1:0xd DW_TAG_member
	.long	.Linfo_string20                 @ DW_AT_name
	.long	447                             @ DW_AT_type
	.byte	2                               @ DW_AT_decl_file
	.short	534                             @ DW_AT_decl_line
	.byte	68                              @ DW_AT_data_member_location
	.byte	5                               @ Abbrev [5] 0xfe:0xd DW_TAG_member
	.long	.Linfo_string21                 @ DW_AT_name
	.long	459                             @ DW_AT_type
	.byte	2                               @ DW_AT_decl_file
	.short	535                             @ DW_AT_decl_line
	.byte	80                              @ DW_AT_data_member_location
	.byte	5                               @ Abbrev [5] 0x10b:0xd DW_TAG_member
	.long	.Linfo_string22                 @ DW_AT_name
	.long	447                             @ DW_AT_type
	.byte	2                               @ DW_AT_decl_file
	.short	536                             @ DW_AT_decl_line
	.byte	84                              @ DW_AT_data_member_location
	.byte	5                               @ Abbrev [5] 0x118:0xd DW_TAG_member
	.long	.Linfo_string23                 @ DW_AT_name
	.long	424                             @ DW_AT_type
	.byte	2                               @ DW_AT_decl_file
	.short	537                             @ DW_AT_decl_line
	.byte	96                              @ DW_AT_data_member_location
	.byte	5                               @ Abbrev [5] 0x125:0xd DW_TAG_member
	.long	.Linfo_string24                 @ DW_AT_name
	.long	447                             @ DW_AT_type
	.byte	2                               @ DW_AT_decl_file
	.short	538                             @ DW_AT_decl_line
	.byte	100                             @ DW_AT_data_member_location
	.byte	5                               @ Abbrev [5] 0x132:0xd DW_TAG_member
	.long	.Linfo_string25                 @ DW_AT_name
	.long	424                             @ DW_AT_type
	.byte	2                               @ DW_AT_decl_file
	.short	539                             @ DW_AT_decl_line
	.byte	112                             @ DW_AT_data_member_location
	.byte	5                               @ Abbrev [5] 0x13f:0xd DW_TAG_member
	.long	.Linfo_string26                 @ DW_AT_name
	.long	424                             @ DW_AT_type
	.byte	2                               @ DW_AT_decl_file
	.short	540                             @ DW_AT_decl_line
	.byte	116                             @ DW_AT_data_member_location
	.byte	5                               @ Abbrev [5] 0x14c:0xd DW_TAG_member
	.long	.Linfo_string27                 @ DW_AT_name
	.long	424                             @ DW_AT_type
	.byte	2                               @ DW_AT_decl_file
	.short	541                             @ DW_AT_decl_line
	.byte	120                             @ DW_AT_data_member_location
	.byte	5                               @ Abbrev [5] 0x159:0xd DW_TAG_member
	.long	.Linfo_string28                 @ DW_AT_name
	.long	424                             @ DW_AT_type
	.byte	2                               @ DW_AT_decl_file
	.short	542                             @ DW_AT_decl_line
	.byte	124                             @ DW_AT_data_member_location
	.byte	5                               @ Abbrev [5] 0x166:0xd DW_TAG_member
	.long	.Linfo_string29                 @ DW_AT_name
	.long	424                             @ DW_AT_type
	.byte	2                               @ DW_AT_decl_file
	.short	543                             @ DW_AT_decl_line
	.byte	128                             @ DW_AT_data_member_location
	.byte	5                               @ Abbrev [5] 0x173:0xd DW_TAG_member
	.long	.Linfo_string30                 @ DW_AT_name
	.long	483                             @ DW_AT_type
	.byte	2                               @ DW_AT_decl_file
	.short	544                             @ DW_AT_decl_line
	.byte	132                             @ DW_AT_data_member_location
	.byte	5                               @ Abbrev [5] 0x180:0xd DW_TAG_member
	.long	.Linfo_string31                 @ DW_AT_name
	.long	424                             @ DW_AT_type
	.byte	2                               @ DW_AT_decl_file
	.short	545                             @ DW_AT_decl_line
	.byte	180                             @ DW_AT_data_member_location
	.byte	5                               @ Abbrev [5] 0x18d:0xd DW_TAG_member
	.long	.Linfo_string32                 @ DW_AT_name
	.long	495                             @ DW_AT_type
	.byte	2                               @ DW_AT_decl_file
	.short	546                             @ DW_AT_decl_line
	.byte	184                             @ DW_AT_data_member_location
	.byte	5                               @ Abbrev [5] 0x19a:0xd DW_TAG_member
	.long	.Linfo_string33                 @ DW_AT_name
	.long	424                             @ DW_AT_type
	.byte	2                               @ DW_AT_decl_file
	.short	547                             @ DW_AT_decl_line
	.byte	240                             @ DW_AT_data_member_location
	.byte	0                               @ End Of Children Mark
	.byte	6                               @ Abbrev [6] 0x1a8:0x5 DW_TAG_volatile_type
	.long	429                             @ DW_AT_type
	.byte	7                               @ Abbrev [7] 0x1ad:0xb DW_TAG_typedef
	.long	440                             @ DW_AT_type
	.long	.Linfo_string5                  @ DW_AT_name
	.byte	1                               @ DW_AT_decl_file
	.byte	64                              @ DW_AT_decl_line
	.byte	8                               @ Abbrev [8] 0x1b8:0x7 DW_TAG_base_type
	.long	.Linfo_string4                  @ DW_AT_name
	.byte	7                               @ DW_AT_encoding
	.byte	4                               @ DW_AT_byte_size
	.byte	9                               @ Abbrev [9] 0x1bf:0xc DW_TAG_array_type
	.long	459                             @ DW_AT_type
	.byte	10                              @ Abbrev [10] 0x1c4:0x6 DW_TAG_subrange_type
	.long	464                             @ DW_AT_type
	.byte	3                               @ DW_AT_count
	.byte	0                               @ End Of Children Mark
	.byte	11                              @ Abbrev [11] 0x1cb:0x5 DW_TAG_const_type
	.long	424                             @ DW_AT_type
	.byte	12                              @ Abbrev [12] 0x1d0:0x7 DW_TAG_base_type
	.long	.Linfo_string15                 @ DW_AT_name
	.byte	8                               @ DW_AT_byte_size
	.byte	7                               @ DW_AT_encoding
	.byte	9                               @ Abbrev [9] 0x1d7:0xc DW_TAG_array_type
	.long	459                             @ DW_AT_type
	.byte	10                              @ Abbrev [10] 0x1dc:0x6 DW_TAG_subrange_type
	.long	464                             @ DW_AT_type
	.byte	2                               @ DW_AT_count
	.byte	0                               @ End Of Children Mark
	.byte	9                               @ Abbrev [9] 0x1e3:0xc DW_TAG_array_type
	.long	459                             @ DW_AT_type
	.byte	10                              @ Abbrev [10] 0x1e8:0x6 DW_TAG_subrange_type
	.long	464                             @ DW_AT_type
	.byte	12                              @ DW_AT_count
	.byte	0                               @ End Of Children Mark
	.byte	9                               @ Abbrev [9] 0x1ef:0xc DW_TAG_array_type
	.long	459                             @ DW_AT_type
	.byte	10                              @ Abbrev [10] 0x1f4:0x6 DW_TAG_subrange_type
	.long	464                             @ DW_AT_type
	.byte	14                              @ DW_AT_count
	.byte	0                               @ End Of Children Mark
	.byte	2                               @ Abbrev [2] 0x1fb:0x5 DW_TAG_pointer_type
	.long	512                             @ DW_AT_type
	.byte	3                               @ Abbrev [3] 0x200:0xc DW_TAG_typedef
	.long	524                             @ DW_AT_type
	.long	.Linfo_string90                 @ DW_AT_name
	.byte	3                               @ DW_AT_decl_file
	.short	641                             @ DW_AT_decl_line
	.byte	13                              @ Abbrev [13] 0x20c:0x340 DW_TAG_structure_type
	.short	496                             @ DW_AT_byte_size
	.byte	3                               @ DW_AT_decl_file
	.byte	26                              @ DW_AT_decl_line
	.byte	5                               @ Abbrev [5] 0x211:0xd DW_TAG_member
	.long	.Linfo_string35                 @ DW_AT_name
	.long	459                             @ DW_AT_type
	.byte	3                               @ DW_AT_decl_file
	.short	579                             @ DW_AT_decl_line
	.byte	0                               @ DW_AT_data_member_location
	.byte	5                               @ Abbrev [5] 0x21e:0xd DW_TAG_member
	.long	.Linfo_string36                 @ DW_AT_name
	.long	424                             @ DW_AT_type
	.byte	3                               @ DW_AT_decl_file
	.short	580                             @ DW_AT_decl_line
	.byte	4                               @ DW_AT_data_member_location
	.byte	5                               @ Abbrev [5] 0x22b:0xd DW_TAG_member
	.long	.Linfo_string37                 @ DW_AT_name
	.long	424                             @ DW_AT_type
	.byte	3                               @ DW_AT_decl_file
	.short	581                             @ DW_AT_decl_line
	.byte	8                               @ DW_AT_data_member_location
	.byte	5                               @ Abbrev [5] 0x238:0xd DW_TAG_member
	.long	.Linfo_string38                 @ DW_AT_name
	.long	424                             @ DW_AT_type
	.byte	3                               @ DW_AT_decl_file
	.short	582                             @ DW_AT_decl_line
	.byte	12                              @ DW_AT_data_member_location
	.byte	5                               @ Abbrev [5] 0x245:0xd DW_TAG_member
	.long	.Linfo_string39                 @ DW_AT_name
	.long	424                             @ DW_AT_type
	.byte	3                               @ DW_AT_decl_file
	.short	583                             @ DW_AT_decl_line
	.byte	16                              @ DW_AT_data_member_location
	.byte	5                               @ Abbrev [5] 0x252:0xd DW_TAG_member
	.long	.Linfo_string14                 @ DW_AT_name
	.long	1356                            @ DW_AT_type
	.byte	3                               @ DW_AT_decl_file
	.short	584                             @ DW_AT_decl_line
	.byte	20                              @ DW_AT_data_member_location
	.byte	5                               @ Abbrev [5] 0x25f:0xd DW_TAG_member
	.long	.Linfo_string40                 @ DW_AT_name
	.long	424                             @ DW_AT_type
	.byte	3                               @ DW_AT_decl_file
	.short	585                             @ DW_AT_decl_line
	.byte	24                              @ DW_AT_data_member_location
	.byte	5                               @ Abbrev [5] 0x26c:0xd DW_TAG_member
	.long	.Linfo_string18                 @ DW_AT_name
	.long	471                             @ DW_AT_type
	.byte	3                               @ DW_AT_decl_file
	.short	586                             @ DW_AT_decl_line
	.byte	28                              @ DW_AT_data_member_location
	.byte	5                               @ Abbrev [5] 0x279:0xd DW_TAG_member
	.long	.Linfo_string41                 @ DW_AT_name
	.long	424                             @ DW_AT_type
	.byte	3                               @ DW_AT_decl_file
	.short	587                             @ DW_AT_decl_line
	.byte	36                              @ DW_AT_data_member_location
	.byte	5                               @ Abbrev [5] 0x286:0xd DW_TAG_member
	.long	.Linfo_string20                 @ DW_AT_name
	.long	471                             @ DW_AT_type
	.byte	3                               @ DW_AT_decl_file
	.short	588                             @ DW_AT_decl_line
	.byte	40                              @ DW_AT_data_member_location
	.byte	5                               @ Abbrev [5] 0x293:0xd DW_TAG_member
	.long	.Linfo_string42                 @ DW_AT_name
	.long	424                             @ DW_AT_type
	.byte	3                               @ DW_AT_decl_file
	.short	589                             @ DW_AT_decl_line
	.byte	48                              @ DW_AT_data_member_location
	.byte	5                               @ Abbrev [5] 0x2a0:0xd DW_TAG_member
	.long	.Linfo_string43                 @ DW_AT_name
	.long	424                             @ DW_AT_type
	.byte	3                               @ DW_AT_decl_file
	.short	590                             @ DW_AT_decl_line
	.byte	52                              @ DW_AT_data_member_location
	.byte	5                               @ Abbrev [5] 0x2ad:0xd DW_TAG_member
	.long	.Linfo_string44                 @ DW_AT_name
	.long	424                             @ DW_AT_type
	.byte	3                               @ DW_AT_decl_file
	.short	591                             @ DW_AT_decl_line
	.byte	56                              @ DW_AT_data_member_location
	.byte	5                               @ Abbrev [5] 0x2ba:0xd DW_TAG_member
	.long	.Linfo_string45                 @ DW_AT_name
	.long	424                             @ DW_AT_type
	.byte	3                               @ DW_AT_decl_file
	.short	592                             @ DW_AT_decl_line
	.byte	60                              @ DW_AT_data_member_location
	.byte	5                               @ Abbrev [5] 0x2c7:0xd DW_TAG_member
	.long	.Linfo_string46                 @ DW_AT_name
	.long	424                             @ DW_AT_type
	.byte	3                               @ DW_AT_decl_file
	.short	593                             @ DW_AT_decl_line
	.byte	64                              @ DW_AT_data_member_location
	.byte	5                               @ Abbrev [5] 0x2d4:0xd DW_TAG_member
	.long	.Linfo_string47                 @ DW_AT_name
	.long	424                             @ DW_AT_type
	.byte	3                               @ DW_AT_decl_file
	.short	594                             @ DW_AT_decl_line
	.byte	68                              @ DW_AT_data_member_location
	.byte	5                               @ Abbrev [5] 0x2e1:0xd DW_TAG_member
	.long	.Linfo_string48                 @ DW_AT_name
	.long	424                             @ DW_AT_type
	.byte	3                               @ DW_AT_decl_file
	.short	595                             @ DW_AT_decl_line
	.byte	72                              @ DW_AT_data_member_location
	.byte	5                               @ Abbrev [5] 0x2ee:0xd DW_TAG_member
	.long	.Linfo_string49                 @ DW_AT_name
	.long	424                             @ DW_AT_type
	.byte	3                               @ DW_AT_decl_file
	.short	596                             @ DW_AT_decl_line
	.byte	76                              @ DW_AT_data_member_location
	.byte	5                               @ Abbrev [5] 0x2fb:0xd DW_TAG_member
	.long	.Linfo_string50                 @ DW_AT_name
	.long	424                             @ DW_AT_type
	.byte	3                               @ DW_AT_decl_file
	.short	597                             @ DW_AT_decl_line
	.byte	80                              @ DW_AT_data_member_location
	.byte	5                               @ Abbrev [5] 0x308:0xd DW_TAG_member
	.long	.Linfo_string51                 @ DW_AT_name
	.long	424                             @ DW_AT_type
	.byte	3                               @ DW_AT_decl_file
	.short	598                             @ DW_AT_decl_line
	.byte	84                              @ DW_AT_data_member_location
	.byte	5                               @ Abbrev [5] 0x315:0xd DW_TAG_member
	.long	.Linfo_string52                 @ DW_AT_name
	.long	424                             @ DW_AT_type
	.byte	3                               @ DW_AT_decl_file
	.short	599                             @ DW_AT_decl_line
	.byte	88                              @ DW_AT_data_member_location
	.byte	5                               @ Abbrev [5] 0x322:0xd DW_TAG_member
	.long	.Linfo_string53                 @ DW_AT_name
	.long	424                             @ DW_AT_type
	.byte	3                               @ DW_AT_decl_file
	.short	600                             @ DW_AT_decl_line
	.byte	92                              @ DW_AT_data_member_location
	.byte	5                               @ Abbrev [5] 0x32f:0xd DW_TAG_member
	.long	.Linfo_string54                 @ DW_AT_name
	.long	424                             @ DW_AT_type
	.byte	3                               @ DW_AT_decl_file
	.short	601                             @ DW_AT_decl_line
	.byte	96                              @ DW_AT_data_member_location
	.byte	5                               @ Abbrev [5] 0x33c:0xd DW_TAG_member
	.long	.Linfo_string55                 @ DW_AT_name
	.long	424                             @ DW_AT_type
	.byte	3                               @ DW_AT_decl_file
	.short	602                             @ DW_AT_decl_line
	.byte	100                             @ DW_AT_data_member_location
	.byte	5                               @ Abbrev [5] 0x349:0xd DW_TAG_member
	.long	.Linfo_string56                 @ DW_AT_name
	.long	424                             @ DW_AT_type
	.byte	3                               @ DW_AT_decl_file
	.short	603                             @ DW_AT_decl_line
	.byte	104                             @ DW_AT_data_member_location
	.byte	5                               @ Abbrev [5] 0x356:0xd DW_TAG_member
	.long	.Linfo_string57                 @ DW_AT_name
	.long	424                             @ DW_AT_type
	.byte	3                               @ DW_AT_decl_file
	.short	604                             @ DW_AT_decl_line
	.byte	108                             @ DW_AT_data_member_location
	.byte	5                               @ Abbrev [5] 0x363:0xd DW_TAG_member
	.long	.Linfo_string22                 @ DW_AT_name
	.long	471                             @ DW_AT_type
	.byte	3                               @ DW_AT_decl_file
	.short	605                             @ DW_AT_decl_line
	.byte	112                             @ DW_AT_data_member_location
	.byte	5                               @ Abbrev [5] 0x370:0xd DW_TAG_member
	.long	.Linfo_string58                 @ DW_AT_name
	.long	424                             @ DW_AT_type
	.byte	3                               @ DW_AT_decl_file
	.short	606                             @ DW_AT_decl_line
	.byte	120                             @ DW_AT_data_member_location
	.byte	5                               @ Abbrev [5] 0x37d:0xd DW_TAG_member
	.long	.Linfo_string24                 @ DW_AT_name
	.long	1368                            @ DW_AT_type
	.byte	3                               @ DW_AT_decl_file
	.short	607                             @ DW_AT_decl_line
	.byte	124                             @ DW_AT_data_member_location
	.byte	5                               @ Abbrev [5] 0x38a:0xd DW_TAG_member
	.long	.Linfo_string59                 @ DW_AT_name
	.long	424                             @ DW_AT_type
	.byte	3                               @ DW_AT_decl_file
	.short	608                             @ DW_AT_decl_line
	.byte	192                             @ DW_AT_data_member_location
	.byte	5                               @ Abbrev [5] 0x397:0xd DW_TAG_member
	.long	.Linfo_string30                 @ DW_AT_name
	.long	447                             @ DW_AT_type
	.byte	3                               @ DW_AT_decl_file
	.short	609                             @ DW_AT_decl_line
	.byte	196                             @ DW_AT_data_member_location
	.byte	5                               @ Abbrev [5] 0x3a4:0xd DW_TAG_member
	.long	.Linfo_string60                 @ DW_AT_name
	.long	424                             @ DW_AT_type
	.byte	3                               @ DW_AT_decl_file
	.short	610                             @ DW_AT_decl_line
	.byte	208                             @ DW_AT_data_member_location
	.byte	5                               @ Abbrev [5] 0x3b1:0xd DW_TAG_member
	.long	.Linfo_string61                 @ DW_AT_name
	.long	459                             @ DW_AT_type
	.byte	3                               @ DW_AT_decl_file
	.short	611                             @ DW_AT_decl_line
	.byte	212                             @ DW_AT_data_member_location
	.byte	5                               @ Abbrev [5] 0x3be:0xd DW_TAG_member
	.long	.Linfo_string62                 @ DW_AT_name
	.long	424                             @ DW_AT_type
	.byte	3                               @ DW_AT_decl_file
	.short	612                             @ DW_AT_decl_line
	.byte	216                             @ DW_AT_data_member_location
	.byte	5                               @ Abbrev [5] 0x3cb:0xd DW_TAG_member
	.long	.Linfo_string63                 @ DW_AT_name
	.long	424                             @ DW_AT_type
	.byte	3                               @ DW_AT_decl_file
	.short	613                             @ DW_AT_decl_line
	.byte	220                             @ DW_AT_data_member_location
	.byte	5                               @ Abbrev [5] 0x3d8:0xd DW_TAG_member
	.long	.Linfo_string64                 @ DW_AT_name
	.long	424                             @ DW_AT_type
	.byte	3                               @ DW_AT_decl_file
	.short	614                             @ DW_AT_decl_line
	.byte	224                             @ DW_AT_data_member_location
	.byte	5                               @ Abbrev [5] 0x3e5:0xd DW_TAG_member
	.long	.Linfo_string65                 @ DW_AT_name
	.long	459                             @ DW_AT_type
	.byte	3                               @ DW_AT_decl_file
	.short	615                             @ DW_AT_decl_line
	.byte	228                             @ DW_AT_data_member_location
	.byte	5                               @ Abbrev [5] 0x3f2:0xd DW_TAG_member
	.long	.Linfo_string66                 @ DW_AT_name
	.long	471                             @ DW_AT_type
	.byte	3                               @ DW_AT_decl_file
	.short	616                             @ DW_AT_decl_line
	.byte	232                             @ DW_AT_data_member_location
	.byte	5                               @ Abbrev [5] 0x3ff:0xd DW_TAG_member
	.long	.Linfo_string67                 @ DW_AT_name
	.long	424                             @ DW_AT_type
	.byte	3                               @ DW_AT_decl_file
	.short	617                             @ DW_AT_decl_line
	.byte	240                             @ DW_AT_data_member_location
	.byte	5                               @ Abbrev [5] 0x40c:0xd DW_TAG_member
	.long	.Linfo_string68                 @ DW_AT_name
	.long	424                             @ DW_AT_type
	.byte	3                               @ DW_AT_decl_file
	.short	618                             @ DW_AT_decl_line
	.byte	244                             @ DW_AT_data_member_location
	.byte	5                               @ Abbrev [5] 0x419:0xd DW_TAG_member
	.long	.Linfo_string69                 @ DW_AT_name
	.long	424                             @ DW_AT_type
	.byte	3                               @ DW_AT_decl_file
	.short	619                             @ DW_AT_decl_line
	.byte	248                             @ DW_AT_data_member_location
	.byte	5                               @ Abbrev [5] 0x426:0xd DW_TAG_member
	.long	.Linfo_string70                 @ DW_AT_name
	.long	1356                            @ DW_AT_type
	.byte	3                               @ DW_AT_decl_file
	.short	620                             @ DW_AT_decl_line
	.byte	252                             @ DW_AT_data_member_location
	.byte	14                              @ Abbrev [14] 0x433:0xe DW_TAG_member
	.long	.Linfo_string71                 @ DW_AT_name
	.long	424                             @ DW_AT_type
	.byte	3                               @ DW_AT_decl_file
	.short	621                             @ DW_AT_decl_line
	.short	256                             @ DW_AT_data_member_location
	.byte	14                              @ Abbrev [14] 0x441:0xe DW_TAG_member
	.long	.Linfo_string72                 @ DW_AT_name
	.long	1380                            @ DW_AT_type
	.byte	3                               @ DW_AT_decl_file
	.short	622                             @ DW_AT_decl_line
	.short	260                             @ DW_AT_data_member_location
	.byte	14                              @ Abbrev [14] 0x44f:0xe DW_TAG_member
	.long	.Linfo_string73                 @ DW_AT_name
	.long	424                             @ DW_AT_type
	.byte	3                               @ DW_AT_decl_file
	.short	623                             @ DW_AT_decl_line
	.short	280                             @ DW_AT_data_member_location
	.byte	14                              @ Abbrev [14] 0x45d:0xe DW_TAG_member
	.long	.Linfo_string32                 @ DW_AT_name
	.long	1356                            @ DW_AT_type
	.byte	3                               @ DW_AT_decl_file
	.short	624                             @ DW_AT_decl_line
	.short	284                             @ DW_AT_data_member_location
	.byte	14                              @ Abbrev [14] 0x46b:0xe DW_TAG_member
	.long	.Linfo_string74                 @ DW_AT_name
	.long	459                             @ DW_AT_type
	.byte	3                               @ DW_AT_decl_file
	.short	625                             @ DW_AT_decl_line
	.short	288                             @ DW_AT_data_member_location
	.byte	14                              @ Abbrev [14] 0x479:0xe DW_TAG_member
	.long	.Linfo_string75                 @ DW_AT_name
	.long	459                             @ DW_AT_type
	.byte	3                               @ DW_AT_decl_file
	.short	626                             @ DW_AT_decl_line
	.short	292                             @ DW_AT_data_member_location
	.byte	14                              @ Abbrev [14] 0x487:0xe DW_TAG_member
	.long	.Linfo_string76                 @ DW_AT_name
	.long	1392                            @ DW_AT_type
	.byte	3                               @ DW_AT_decl_file
	.short	627                             @ DW_AT_decl_line
	.short	296                             @ DW_AT_data_member_location
	.byte	14                              @ Abbrev [14] 0x495:0xe DW_TAG_member
	.long	.Linfo_string77                 @ DW_AT_name
	.long	459                             @ DW_AT_type
	.byte	3                               @ DW_AT_decl_file
	.short	628                             @ DW_AT_decl_line
	.short	312                             @ DW_AT_data_member_location
	.byte	14                              @ Abbrev [14] 0x4a3:0xe DW_TAG_member
	.long	.Linfo_string78                 @ DW_AT_name
	.long	1380                            @ DW_AT_type
	.byte	3                               @ DW_AT_decl_file
	.short	629                             @ DW_AT_decl_line
	.short	316                             @ DW_AT_data_member_location
	.byte	14                              @ Abbrev [14] 0x4b1:0xe DW_TAG_member
	.long	.Linfo_string79                 @ DW_AT_name
	.long	459                             @ DW_AT_type
	.byte	3                               @ DW_AT_decl_file
	.short	630                             @ DW_AT_decl_line
	.short	336                             @ DW_AT_data_member_location
	.byte	14                              @ Abbrev [14] 0x4bf:0xe DW_TAG_member
	.long	.Linfo_string80                 @ DW_AT_name
	.long	459                             @ DW_AT_type
	.byte	3                               @ DW_AT_decl_file
	.short	631                             @ DW_AT_decl_line
	.short	340                             @ DW_AT_data_member_location
	.byte	14                              @ Abbrev [14] 0x4cd:0xe DW_TAG_member
	.long	.Linfo_string81                 @ DW_AT_name
	.long	459                             @ DW_AT_type
	.byte	3                               @ DW_AT_decl_file
	.short	632                             @ DW_AT_decl_line
	.short	344                             @ DW_AT_data_member_location
	.byte	14                              @ Abbrev [14] 0x4db:0xe DW_TAG_member
	.long	.Linfo_string82                 @ DW_AT_name
	.long	459                             @ DW_AT_type
	.byte	3                               @ DW_AT_decl_file
	.short	633                             @ DW_AT_decl_line
	.short	348                             @ DW_AT_data_member_location
	.byte	14                              @ Abbrev [14] 0x4e9:0xe DW_TAG_member
	.long	.Linfo_string83                 @ DW_AT_name
	.long	424                             @ DW_AT_type
	.byte	3                               @ DW_AT_decl_file
	.short	634                             @ DW_AT_decl_line
	.short	352                             @ DW_AT_data_member_location
	.byte	14                              @ Abbrev [14] 0x4f7:0xe DW_TAG_member
	.long	.Linfo_string84                 @ DW_AT_name
	.long	1404                            @ DW_AT_type
	.byte	3                               @ DW_AT_decl_file
	.short	635                             @ DW_AT_decl_line
	.short	356                             @ DW_AT_data_member_location
	.byte	14                              @ Abbrev [14] 0x505:0xe DW_TAG_member
	.long	.Linfo_string85                 @ DW_AT_name
	.long	424                             @ DW_AT_type
	.byte	3                               @ DW_AT_decl_file
	.short	636                             @ DW_AT_decl_line
	.short	392                             @ DW_AT_data_member_location
	.byte	14                              @ Abbrev [14] 0x513:0xe DW_TAG_member
	.long	.Linfo_string86                 @ DW_AT_name
	.long	424                             @ DW_AT_type
	.byte	3                               @ DW_AT_decl_file
	.short	637                             @ DW_AT_decl_line
	.short	396                             @ DW_AT_data_member_location
	.byte	14                              @ Abbrev [14] 0x521:0xe DW_TAG_member
	.long	.Linfo_string87                 @ DW_AT_name
	.long	424                             @ DW_AT_type
	.byte	3                               @ DW_AT_decl_file
	.short	638                             @ DW_AT_decl_line
	.short	400                             @ DW_AT_data_member_location
	.byte	14                              @ Abbrev [14] 0x52f:0xe DW_TAG_member
	.long	.Linfo_string88                 @ DW_AT_name
	.long	1416                            @ DW_AT_type
	.byte	3                               @ DW_AT_decl_file
	.short	639                             @ DW_AT_decl_line
	.short	404                             @ DW_AT_data_member_location
	.byte	14                              @ Abbrev [14] 0x53d:0xe DW_TAG_member
	.long	.Linfo_string89                 @ DW_AT_name
	.long	424                             @ DW_AT_type
	.byte	3                               @ DW_AT_decl_file
	.short	640                             @ DW_AT_decl_line
	.short	492                             @ DW_AT_data_member_location
	.byte	0                               @ End Of Children Mark
	.byte	9                               @ Abbrev [9] 0x54c:0xc DW_TAG_array_type
	.long	459                             @ DW_AT_type
	.byte	10                              @ Abbrev [10] 0x551:0x6 DW_TAG_subrange_type
	.long	464                             @ DW_AT_type
	.byte	1                               @ DW_AT_count
	.byte	0                               @ End Of Children Mark
	.byte	9                               @ Abbrev [9] 0x558:0xc DW_TAG_array_type
	.long	459                             @ DW_AT_type
	.byte	10                              @ Abbrev [10] 0x55d:0x6 DW_TAG_subrange_type
	.long	464                             @ DW_AT_type
	.byte	17                              @ DW_AT_count
	.byte	0                               @ End Of Children Mark
	.byte	9                               @ Abbrev [9] 0x564:0xc DW_TAG_array_type
	.long	459                             @ DW_AT_type
	.byte	10                              @ Abbrev [10] 0x569:0x6 DW_TAG_subrange_type
	.long	464                             @ DW_AT_type
	.byte	5                               @ DW_AT_count
	.byte	0                               @ End Of Children Mark
	.byte	9                               @ Abbrev [9] 0x570:0xc DW_TAG_array_type
	.long	459                             @ DW_AT_type
	.byte	10                              @ Abbrev [10] 0x575:0x6 DW_TAG_subrange_type
	.long	464                             @ DW_AT_type
	.byte	4                               @ DW_AT_count
	.byte	0                               @ End Of Children Mark
	.byte	9                               @ Abbrev [9] 0x57c:0xc DW_TAG_array_type
	.long	459                             @ DW_AT_type
	.byte	10                              @ Abbrev [10] 0x581:0x6 DW_TAG_subrange_type
	.long	464                             @ DW_AT_type
	.byte	9                               @ DW_AT_count
	.byte	0                               @ End Of Children Mark
	.byte	9                               @ Abbrev [9] 0x588:0xc DW_TAG_array_type
	.long	459                             @ DW_AT_type
	.byte	10                              @ Abbrev [10] 0x58d:0x6 DW_TAG_subrange_type
	.long	464                             @ DW_AT_type
	.byte	22                              @ DW_AT_count
	.byte	0                               @ End Of Children Mark
	.byte	15                              @ Abbrev [15] 0x594:0xf DW_TAG_subprogram
	.long	.Lfunc_begin0                   @ DW_AT_low_pc
	.long	.Lfunc_end0-.Lfunc_begin0       @ DW_AT_high_pc
	.byte	1                               @ DW_AT_frame_base
	.byte	93
                                        @ DW_AT_GNU_all_call_sites
	.long	1556                            @ DW_AT_abstract_origin
	.byte	16                              @ Abbrev [16] 0x5a3:0x11 DW_TAG_subprogram
	.long	.Lfunc_begin1                   @ DW_AT_low_pc
	.long	.Lfunc_end1-.Lfunc_begin1       @ DW_AT_high_pc
	.byte	1                               @ DW_AT_frame_base
	.byte	93
                                        @ DW_AT_GNU_all_call_sites
	.long	.Linfo_string97                 @ DW_AT_name
	.byte	4                               @ DW_AT_decl_file
	.byte	37                              @ DW_AT_decl_line
                                        @ DW_AT_prototyped
                                        @ DW_AT_external
	.byte	15                              @ Abbrev [15] 0x5b4:0xf DW_TAG_subprogram
	.long	.Lfunc_begin2                   @ DW_AT_low_pc
	.long	.Lfunc_end2-.Lfunc_begin2       @ DW_AT_high_pc
	.byte	1                               @ DW_AT_frame_base
	.byte	93
                                        @ DW_AT_GNU_all_call_sites
	.long	1564                            @ DW_AT_abstract_origin
	.byte	16                              @ Abbrev [16] 0x5c3:0x11 DW_TAG_subprogram
	.long	.Lfunc_begin3                   @ DW_AT_low_pc
	.long	.Lfunc_end3-.Lfunc_begin3       @ DW_AT_high_pc
	.byte	1                               @ DW_AT_frame_base
	.byte	93
                                        @ DW_AT_GNU_all_call_sites
	.long	.Linfo_string98                 @ DW_AT_name
	.byte	4                               @ DW_AT_decl_file
	.byte	52                              @ DW_AT_decl_line
                                        @ DW_AT_prototyped
                                        @ DW_AT_external
	.byte	15                              @ Abbrev [15] 0x5d4:0xf DW_TAG_subprogram
	.long	.Lfunc_begin4                   @ DW_AT_low_pc
	.long	.Lfunc_end4-.Lfunc_begin4       @ DW_AT_high_pc
	.byte	1                               @ DW_AT_frame_base
	.byte	93
                                        @ DW_AT_GNU_all_call_sites
	.long	1572                            @ DW_AT_abstract_origin
	.byte	16                              @ Abbrev [16] 0x5e3:0x11 DW_TAG_subprogram
	.long	.Lfunc_begin5                   @ DW_AT_low_pc
	.long	.Lfunc_end5-.Lfunc_begin5       @ DW_AT_high_pc
	.byte	1                               @ DW_AT_frame_base
	.byte	93
                                        @ DW_AT_GNU_all_call_sites
	.long	.Linfo_string99                 @ DW_AT_name
	.byte	4                               @ DW_AT_decl_file
	.byte	67                              @ DW_AT_decl_line
                                        @ DW_AT_prototyped
                                        @ DW_AT_external
	.byte	15                              @ Abbrev [15] 0x5f4:0xf DW_TAG_subprogram
	.long	.Lfunc_begin6                   @ DW_AT_low_pc
	.long	.Lfunc_end6-.Lfunc_begin6       @ DW_AT_high_pc
	.byte	1                               @ DW_AT_frame_base
	.byte	93
                                        @ DW_AT_GNU_all_call_sites
	.long	1548                            @ DW_AT_abstract_origin
	.byte	17                              @ Abbrev [17] 0x603:0x9 DW_TAG_subprogram
	.long	.Linfo_string91                 @ DW_AT_name
	.byte	5                               @ DW_AT_decl_file
	.short	1343                            @ DW_AT_decl_line
                                        @ DW_AT_prototyped
	.byte	1                               @ DW_AT_inline
	.byte	18                              @ Abbrev [18] 0x60c:0x8 DW_TAG_subprogram
	.long	.Linfo_string92                 @ DW_AT_name
	.byte	4                               @ DW_AT_decl_file
	.byte	74                              @ DW_AT_decl_line
                                        @ DW_AT_prototyped
                                        @ DW_AT_external
	.byte	1                               @ DW_AT_inline
	.byte	18                              @ Abbrev [18] 0x614:0x8 DW_TAG_subprogram
	.long	.Linfo_string93                 @ DW_AT_name
	.byte	4                               @ DW_AT_decl_file
	.byte	30                              @ DW_AT_decl_line
                                        @ DW_AT_prototyped
                                        @ DW_AT_external
	.byte	1                               @ DW_AT_inline
	.byte	18                              @ Abbrev [18] 0x61c:0x8 DW_TAG_subprogram
	.long	.Linfo_string94                 @ DW_AT_name
	.byte	4                               @ DW_AT_decl_file
	.byte	44                              @ DW_AT_decl_line
                                        @ DW_AT_prototyped
                                        @ DW_AT_external
	.byte	1                               @ DW_AT_inline
	.byte	18                              @ Abbrev [18] 0x624:0x8 DW_TAG_subprogram
	.long	.Linfo_string95                 @ DW_AT_name
	.byte	4                               @ DW_AT_decl_file
	.byte	59                              @ DW_AT_decl_line
                                        @ DW_AT_prototyped
                                        @ DW_AT_external
	.byte	1                               @ DW_AT_inline
	.byte	17                              @ Abbrev [17] 0x62c:0x9 DW_TAG_subprogram
	.long	.Linfo_string96                 @ DW_AT_name
	.byte	5                               @ DW_AT_decl_file
	.short	1360                            @ DW_AT_decl_line
                                        @ DW_AT_prototyped
	.byte	1                               @ DW_AT_inline
	.byte	19                              @ Abbrev [19] 0x635:0x72 DW_TAG_subprogram
	.long	.Lfunc_begin7                   @ DW_AT_low_pc
	.long	.Lfunc_end7-.Lfunc_begin7       @ DW_AT_high_pc
	.byte	1                               @ DW_AT_frame_base
	.byte	93
                                        @ DW_AT_GNU_all_call_sites
	.long	.Linfo_string100                @ DW_AT_name
	.byte	4                               @ DW_AT_decl_file
	.byte	101                             @ DW_AT_decl_line
                                        @ DW_AT_prototyped
                                        @ DW_AT_external
	.byte	20                              @ Abbrev [20] 0x646:0x10 DW_TAG_inlined_subroutine
	.long	1539                            @ DW_AT_abstract_origin
	.long	.Ltmp27                         @ DW_AT_low_pc
	.long	.Ltmp36-.Ltmp27                 @ DW_AT_high_pc
	.byte	4                               @ DW_AT_call_file
	.byte	123                             @ DW_AT_call_line
	.byte	5                               @ DW_AT_call_column
	.byte	20                              @ Abbrev [20] 0x656:0x10 DW_TAG_inlined_subroutine
	.long	1548                            @ DW_AT_abstract_origin
	.long	.Ltmp37                         @ DW_AT_low_pc
	.long	.Ltmp43-.Ltmp37                 @ DW_AT_high_pc
	.byte	4                               @ DW_AT_call_file
	.byte	126                             @ DW_AT_call_line
	.byte	5                               @ DW_AT_call_column
	.byte	20                              @ Abbrev [20] 0x666:0x10 DW_TAG_inlined_subroutine
	.long	1556                            @ DW_AT_abstract_origin
	.long	.Ltmp43                         @ DW_AT_low_pc
	.long	.Ltmp45-.Ltmp43                 @ DW_AT_high_pc
	.byte	4                               @ DW_AT_call_file
	.byte	129                             @ DW_AT_call_line
	.byte	5                               @ DW_AT_call_column
	.byte	20                              @ Abbrev [20] 0x676:0x10 DW_TAG_inlined_subroutine
	.long	1564                            @ DW_AT_abstract_origin
	.long	.Ltmp45                         @ DW_AT_low_pc
	.long	.Ltmp48-.Ltmp45                 @ DW_AT_high_pc
	.byte	4                               @ DW_AT_call_file
	.byte	130                             @ DW_AT_call_line
	.byte	5                               @ DW_AT_call_column
	.byte	20                              @ Abbrev [20] 0x686:0x10 DW_TAG_inlined_subroutine
	.long	1572                            @ DW_AT_abstract_origin
	.long	.Ltmp48                         @ DW_AT_low_pc
	.long	.Ltmp50-.Ltmp48                 @ DW_AT_high_pc
	.byte	4                               @ DW_AT_call_file
	.byte	131                             @ DW_AT_call_line
	.byte	5                               @ DW_AT_call_column
	.byte	20                              @ Abbrev [20] 0x696:0x10 DW_TAG_inlined_subroutine
	.long	1580                            @ DW_AT_abstract_origin
	.long	.Ltmp51                         @ DW_AT_low_pc
	.long	.Ltmp52-.Ltmp51                 @ DW_AT_high_pc
	.byte	4                               @ DW_AT_call_file
	.byte	138                             @ DW_AT_call_line
	.byte	5                               @ DW_AT_call_column
	.byte	0                               @ End Of Children Mark
	.byte	0                               @ End Of Children Mark
.Ldebug_info_end0:
	.section	.debug_ranges,"",%progbits
.Ldebug_ranges0:
	.long	.Lfunc_begin0
	.long	.Lfunc_end0
	.long	.Lfunc_begin1
	.long	.Lfunc_end1
	.long	.Lfunc_begin2
	.long	.Lfunc_end2
	.long	.Lfunc_begin3
	.long	.Lfunc_end3
	.long	.Lfunc_begin4
	.long	.Lfunc_end4
	.long	.Lfunc_begin5
	.long	.Lfunc_end5
	.long	.Lfunc_begin6
	.long	.Lfunc_end6
	.long	.Lfunc_begin7
	.long	.Lfunc_end7
	.long	0
	.long	0
	.section	.debug_str,"MS",%progbits,1
.Linfo_string0:
	.asciz	"Component: Arm Compiler for Embedded 6.22 Tool: armclang [5ee92100]" @ string offset=0
.Linfo_string1:
	.asciz	"..\\clk_config.c"              @ string offset=68
.Linfo_string2:
	.asciz	"C:\\Nuvoton_ws\\M032GK_GPIO_LED_3_BUTON\\Keil" @ string offset=84
.Linfo_string3:
	.asciz	"PWRCTL"                        @ string offset=127
.Linfo_string4:
	.asciz	"unsigned int"                  @ string offset=134
.Linfo_string5:
	.asciz	"uint32_t"                      @ string offset=147
.Linfo_string6:
	.asciz	"AHBCLK"                        @ string offset=156
.Linfo_string7:
	.asciz	"APBCLK0"                       @ string offset=163
.Linfo_string8:
	.asciz	"APBCLK1"                       @ string offset=171
.Linfo_string9:
	.asciz	"CLKSEL0"                       @ string offset=179
.Linfo_string10:
	.asciz	"CLKSEL1"                       @ string offset=187
.Linfo_string11:
	.asciz	"CLKSEL2"                       @ string offset=195
.Linfo_string12:
	.asciz	"CLKSEL3"                       @ string offset=203
.Linfo_string13:
	.asciz	"CLKDIV0"                       @ string offset=211
.Linfo_string14:
	.asciz	"RESERVE0"                      @ string offset=219
.Linfo_string15:
	.asciz	"__ARRAY_SIZE_TYPE__"           @ string offset=228
.Linfo_string16:
	.asciz	"CLKDIV4"                       @ string offset=248
.Linfo_string17:
	.asciz	"PCLKDIV"                       @ string offset=256
.Linfo_string18:
	.asciz	"RESERVE1"                      @ string offset=264
.Linfo_string19:
	.asciz	"PLLCTL"                        @ string offset=273
.Linfo_string20:
	.asciz	"RESERVE2"                      @ string offset=280
.Linfo_string21:
	.asciz	"STATUS"                        @ string offset=289
.Linfo_string22:
	.asciz	"RESERVE3"                      @ string offset=296
.Linfo_string23:
	.asciz	"CLKOCTL"                       @ string offset=305
.Linfo_string24:
	.asciz	"RESERVE4"                      @ string offset=313
.Linfo_string25:
	.asciz	"CLKDCTL"                       @ string offset=322
.Linfo_string26:
	.asciz	"CLKDSTS"                       @ string offset=330
.Linfo_string27:
	.asciz	"CDUPB"                         @ string offset=338
.Linfo_string28:
	.asciz	"CDLOWB"                        @ string offset=344
.Linfo_string29:
	.asciz	"LDOCTL"                        @ string offset=351
.Linfo_string30:
	.asciz	"RESERVE5"                      @ string offset=358
.Linfo_string31:
	.asciz	"HXTFSEL"                       @ string offset=367
.Linfo_string32:
	.asciz	"RESERVE9"                      @ string offset=375
.Linfo_string33:
	.asciz	"TESTCLK"                       @ string offset=384
.Linfo_string34:
	.asciz	"CLK_T"                         @ string offset=392
.Linfo_string35:
	.asciz	"PDID"                          @ string offset=398
.Linfo_string36:
	.asciz	"RSTSTS"                        @ string offset=403
.Linfo_string37:
	.asciz	"IPRST0"                        @ string offset=410
.Linfo_string38:
	.asciz	"IPRST1"                        @ string offset=417
.Linfo_string39:
	.asciz	"IPRST2"                        @ string offset=424
.Linfo_string40:
	.asciz	"BODCTL"                        @ string offset=431
.Linfo_string41:
	.asciz	"PORCTL"                        @ string offset=438
.Linfo_string42:
	.asciz	"GPA_MFPL"                      @ string offset=445
.Linfo_string43:
	.asciz	"GPA_MFPH"                      @ string offset=454
.Linfo_string44:
	.asciz	"GPB_MFPL"                      @ string offset=463
.Linfo_string45:
	.asciz	"GPB_MFPH"                      @ string offset=472
.Linfo_string46:
	.asciz	"GPC_MFPL"                      @ string offset=481
.Linfo_string47:
	.asciz	"GPC_MFPH"                      @ string offset=490
.Linfo_string48:
	.asciz	"GPD_MFPL"                      @ string offset=499
.Linfo_string49:
	.asciz	"GPD_MFPH"                      @ string offset=508
.Linfo_string50:
	.asciz	"GPE_MFPL"                      @ string offset=517
.Linfo_string51:
	.asciz	"GPE_MFPH"                      @ string offset=526
.Linfo_string52:
	.asciz	"GPF_MFPL"                      @ string offset=535
.Linfo_string53:
	.asciz	"GPF_MFPH"                      @ string offset=544
.Linfo_string54:
	.asciz	"GPG_MFPL"                      @ string offset=553
.Linfo_string55:
	.asciz	"GPG_MFPH"                      @ string offset=562
.Linfo_string56:
	.asciz	"GPH_MFPL"                      @ string offset=571
.Linfo_string57:
	.asciz	"GPH_MFPH"                      @ string offset=580
.Linfo_string58:
	.asciz	"LPLDOCTL"                      @ string offset=589
.Linfo_string59:
	.asciz	"MODCTL"                        @ string offset=598
.Linfo_string60:
	.asciz	"SRAM_BISTCTL"                  @ string offset=605
.Linfo_string61:
	.asciz	"SRAM_BISTSTS"                  @ string offset=618
.Linfo_string62:
	.asciz	"SRAM_PARITY"                   @ string offset=631
.Linfo_string63:
	.asciz	"SRAM_INTCTL"                   @ string offset=643
.Linfo_string64:
	.asciz	"SRAM_STATUS"                   @ string offset=655
.Linfo_string65:
	.asciz	"SRAM_ERRADDR"                  @ string offset=667
.Linfo_string66:
	.asciz	"RESERVE6"                      @ string offset=680
.Linfo_string67:
	.asciz	"HIRCTRIMCTL"                   @ string offset=689
.Linfo_string68:
	.asciz	"HIRCTRIMIEN"                   @ string offset=701
.Linfo_string69:
	.asciz	"HIRCTRIMSTS"                   @ string offset=713
.Linfo_string70:
	.asciz	"RESERVE7"                      @ string offset=725
.Linfo_string71:
	.asciz	"REGLCTL"                       @ string offset=734
.Linfo_string72:
	.asciz	"RESERVE8"                      @ string offset=742
.Linfo_string73:
	.asciz	"HIRCADJ"                       @ string offset=751
.Linfo_string74:
	.asciz	"LDOTRIM"                       @ string offset=759
.Linfo_string75:
	.asciz	"LVR16TRIM"                     @ string offset=767
.Linfo_string76:
	.asciz	"RESERVE10"                     @ string offset=777
.Linfo_string77:
	.asciz	"LIRCT"                         @ string offset=787
.Linfo_string78:
	.asciz	"RESERVE11"                     @ string offset=793
.Linfo_string79:
	.asciz	"LVR17TRIM"                     @ string offset=803
.Linfo_string80:
	.asciz	"LVR20TRIM"                     @ string offset=813
.Linfo_string81:
	.asciz	"LVR25TRIM"                     @ string offset=823
.Linfo_string82:
	.asciz	"uLDOVITRIM"                    @ string offset=833
.Linfo_string83:
	.asciz	"LVRITRIMSEL"                   @ string offset=844
.Linfo_string84:
	.asciz	"RESERVE12"                     @ string offset=856
.Linfo_string85:
	.asciz	"HIRCTCTL"                      @ string offset=866
.Linfo_string86:
	.asciz	"ADCCHIP"                       @ string offset=875
.Linfo_string87:
	.asciz	"HXTTCTL"                       @ string offset=883
.Linfo_string88:
	.asciz	"RESERVE13"                     @ string offset=891
.Linfo_string89:
	.asciz	"PORDISAN"                      @ string offset=901
.Linfo_string90:
	.asciz	"SYS_T"                         @ string offset=910
.Linfo_string91:
	.asciz	"SYS_UnlockReg"                 @ string offset=916
.Linfo_string92:
	.asciz	"clk_config_init_base"          @ string offset=930
.Linfo_string93:
	.asciz	"clk_config_init_isp"           @ string offset=951
.Linfo_string94:
	.asciz	"clk_config_init_tmr0"          @ string offset=971
.Linfo_string95:
	.asciz	"clk_config_init_uart0"         @ string offset=992
.Linfo_string96:
	.asciz	"SYS_LockReg"                   @ string offset=1014
.Linfo_string97:
	.asciz	"clk_config_deinit_isp"         @ string offset=1026
.Linfo_string98:
	.asciz	"clk_config_deinit_tmr0"        @ string offset=1048
.Linfo_string99:
	.asciz	"clk_config_deinit_uart0"       @ string offset=1071
.Linfo_string100:
	.asciz	"clk_config_init"               @ string offset=1095
	.ident	"Component: Arm Compiler for Embedded 6.22 Tool: armclang [5ee92100]"
	.section	".note.GNU-stack","",%progbits
	.eabi_attribute	30, 1	@ Tag_ABI_optimization_goals
	.ARM_attribute	16, 1	@ Tag_AV_eba
	.section	.debug_line,"",%progbits
.Lline_table_start0:
