	.text
	.syntax unified
	.eabi_attribute	67, "2.09"	@ Tag_conformance
	.cpu	cortex-m0
	.eabi_attribute	6, 12	@ Tag_CPU_arch
	.eabi_attribute	7, 77	@ Tag_CPU_arch_profile
	.eabi_attribute	8, 0	@ Tag_ARM_ISA_use
	.eabi_attribute	9, 1	@ Tag_THUMB_ISA_use
	.eabi_attribute	34, 0	@ Tag_CPU_unaligned_access
	.eabi_attribute	17, 1	@ Tag_ABI_PCS_GOT_use
	.eabi_attribute	20, 2	@ Tag_ABI_FP_denormal
	.eabi_attribute	21, 0	@ Tag_ABI_FP_exceptions
	.eabi_attribute	23, 1	@ Tag_ABI_FP_number_model
	.eabi_attribute	24, 1	@ Tag_ABI_align_needed
	.eabi_attribute	25, 1	@ Tag_ABI_align_preserved
	.eabi_attribute	38, 1	@ Tag_ABI_FP_16bit_format
	.eabi_attribute	18, 2	@ Tag_ABI_PCS_wchar_t
	.eabi_attribute	26, 1	@ Tag_ABI_enum_size
	.eabi_attribute	14, 0	@ Tag_ABI_PCS_R9_use
	.file	"retarget.c"
	.file	1 "C:\\Nuvoton_ws\\M032GK_GPIO_LED_3_BUTON\\Keil" "../../M031BSP/Library/StdDriver/src/retarget.c"
	.file	2 "C:\\Users\\mgokce\\AppData\\Local\\Keil_v5\\ARM\\ARMCLANG\\bin\\..\\include" "stdio.h"
	.file	3 "C:\\Users\\mgokce\\AppData\\Local\\Keil_v5\\ARM\\ARMCLANG\\bin\\..\\include" "stdint.h"
	.file	4 "C:\\Nuvoton_ws\\M032GK_GPIO_LED_3_BUTON\\Keil" "../../M031BSP/Library/Device/Nuvoton/M031/Include\\M031Series.h"
	.file	5 "C:\\Nuvoton_ws\\M032GK_GPIO_LED_3_BUTON\\Keil" "../../M031BSP/Library/Device/Nuvoton/M031/Include\\uart_reg.h"
	.section	.text.SH_Return,"ax",%progbits
	.hidden	SH_Return                       @ -- Begin function SH_Return
	.globl	SH_Return
	.p2align	1
	.type	SH_Return,%function
	.code	16                              @ @SH_Return
	.thumb_func
SH_Return:
.Lfunc_begin0:
	.loc	1 179 0                         @ ../../M031BSP/Library/StdDriver/src/retarget.c:179:0
	.fnstart
	.cfi_sections .debug_frame
	.cfi_startproc
@ %bb.0:
	@DEBUG_VALUE: SH_Return:n32In_R0 <- $r0
	@DEBUG_VALUE: SH_Return:n32In_R1 <- $r1
	@DEBUG_VALUE: SH_Return:pn32Out_R0 <- $r2
	movs	r0, #0
.Ltmp0:
	@DEBUG_VALUE: SH_Return:n32In_R0 <- [DW_OP_LLVM_entry_value 1] $r0
	.loc	1 180 5 prologue_end            @ ../../M031BSP/Library/StdDriver/src/retarget.c:180:5
	bx	lr
.Ltmp1:
.Lfunc_end0:
	.size	SH_Return, .Lfunc_end0-SH_Return
	.cfi_endproc
	.cantunwind
	.fnend
                                        @ -- End function
	.section	.text.ProcessHardFault,"ax",%progbits
	.hidden	ProcessHardFault                @ -- Begin function ProcessHardFault
	.weak	ProcessHardFault
	.p2align	2
	.type	ProcessHardFault,%function
	.code	16                              @ @ProcessHardFault
	.thumb_func
ProcessHardFault:
.Lfunc_begin1:
	.loc	1 193 0                         @ ../../M031BSP/Library/StdDriver/src/retarget.c:193:0
	.fnstart
	.cfi_startproc
@ %bb.0:
	@DEBUG_VALUE: ProcessHardFault:lr <- $r0
	@DEBUG_VALUE: ProcessHardFault:msp <- $r1
	@DEBUG_VALUE: ProcessHardFault:psp <- $r2
	.save	{r4, lr}
	push	{r4, lr}
	.cfi_def_cfa_offset 8
	.cfi_offset lr, -4
	.cfi_offset r4, -8
	lsls	r3, r0, #29
	bpl	.LBB1_2
.Ltmp2:
@ %bb.1:
	@DEBUG_VALUE: ProcessHardFault:psp <- $r2
	@DEBUG_VALUE: ProcessHardFault:msp <- $r1
	@DEBUG_VALUE: ProcessHardFault:lr <- $r0
	mov	r1, r2
.Ltmp3:
	@DEBUG_VALUE: ProcessHardFault:msp <- [DW_OP_LLVM_entry_value 1] $r1
.LBB1_2:
	@DEBUG_VALUE: ProcessHardFault:psp <- $r2
	@DEBUG_VALUE: ProcessHardFault:lr <- $r0
	@DEBUG_VALUE: ProcessHardFault:sp <- $r1
	.loc	1 231 12 prologue_end           @ ../../M031BSP/Library/StdDriver/src/retarget.c:231:12
	ldr	r2, [r1, #24]
.Ltmp4:
	@DEBUG_VALUE: ProcessHardFault:psp <- [DW_OP_LLVM_entry_value 1] $r2
	ldrh	r3, [r2]
.Ltmp5:
	@DEBUG_VALUE: ProcessHardFault:inst <- [DW_OP_LLVM_convert 16 7, DW_OP_LLVM_convert 32 7, DW_OP_stack_value] $r3
	.loc	1 0 12 is_stmt 0                @ ../../M031BSP/Library/StdDriver/src/retarget.c:0:12
	ldr	r4, __arm_cp.1_0
	.loc	1 233 9 is_stmt 1               @ ../../M031BSP/Library/StdDriver/src/retarget.c:233:9
	cmp	r3, r4
	bne	.LBB1_4
.Ltmp6:
@ %bb.3:
	@DEBUG_VALUE: ProcessHardFault:inst <- [DW_OP_LLVM_convert 16 7, DW_OP_LLVM_convert 32 7, DW_OP_stack_value] $r3
	@DEBUG_VALUE: ProcessHardFault:psp <- [DW_OP_LLVM_entry_value 1] $r2
	@DEBUG_VALUE: ProcessHardFault:sp <- $r1
	@DEBUG_VALUE: ProcessHardFault:lr <- $r0
	.loc	1 239 24                        @ ../../M031BSP/Library/StdDriver/src/retarget.c:239:24
	ldr	r3, __arm_cp.1_2
.Ltmp7:
	.loc	1 0 24 is_stmt 0                @ ../../M031BSP/Library/StdDriver/src/retarget.c:0:24
	movs	r4, #0
	.loc	1 239 24                        @ ../../M031BSP/Library/StdDriver/src/retarget.c:239:24
	str	r4, [r3]
	.loc	1 240 15 is_stmt 1              @ ../../M031BSP/Library/StdDriver/src/retarget.c:240:15
	adds	r2, r2, #2
	str	r2, [r1, #24]
.Ltmp8:
	.loc	1 251 1 epilogue_begin          @ ../../M031BSP/Library/StdDriver/src/retarget.c:251:1
	pop	{r4, pc}
.Ltmp9:
.LBB1_4:
	@DEBUG_VALUE: ProcessHardFault:inst <- [DW_OP_LLVM_convert 16 7, DW_OP_LLVM_convert 32 7, DW_OP_stack_value] $r3
	@DEBUG_VALUE: ProcessHardFault:psp <- [DW_OP_LLVM_entry_value 1] $r2
	@DEBUG_VALUE: ProcessHardFault:sp <- $r1
	@DEBUG_VALUE: ProcessHardFault:lr <- $r0
	.loc	1 244 5                         @ ../../M031BSP/Library/StdDriver/src/retarget.c:244:5
	adr	r0, .LCPI1_1
.Ltmp10:
	@DEBUG_VALUE: ProcessHardFault:lr <- [DW_OP_LLVM_entry_value 1] $r0
	bl	puts
.Ltmp11:
.LBB1_5:                                @ =>This Inner Loop Header: Depth=1
	@DEBUG_VALUE: ProcessHardFault:lr <- [DW_OP_LLVM_entry_value 1] $r0
	@DEBUG_VALUE: ProcessHardFault:psp <- [DW_OP_LLVM_entry_value 1] $r2
	.loc	1 0 5 is_stmt 0                 @ ../../M031BSP/Library/StdDriver/src/retarget.c:0:5
	b	.LBB1_5
.Ltmp12:
	.p2align	2
@ %bb.6:
__arm_cp.1_0:
	.long	48811                           @ 0xbeab
.Lcpi_end0:
	.size	__arm_cp.1_0, .Lcpi_end0-__arm_cp.1_0
.LCPI1_1:
.Lstr:
	.asciz	"  HardFault!\n\000\000"
__arm_cp.1_2:
	.long	g_ICE_Conneced
.Lcpi_end1:
	.size	__arm_cp.1_2, .Lcpi_end1-__arm_cp.1_2
.Lfunc_end1:
	.size	ProcessHardFault, .Lfunc_end1-ProcessHardFault
	.cfi_endproc
	.cantunwind
	.fnend
                                        @ -- End function
	.section	.text.SendChar_ToUART,"ax",%progbits
	.hidden	SendChar_ToUART                 @ -- Begin function SendChar_ToUART
	.globl	SendChar_ToUART
	.p2align	2
	.type	SendChar_ToUART,%function
	.code	16                              @ @SendChar_ToUART
	.thumb_func
SendChar_ToUART:
.Lfunc_begin2:
	.loc	1 265 0 is_stmt 1               @ ../../M031BSP/Library/StdDriver/src/retarget.c:265:0
	.fnstart
	.cfi_startproc
@ %bb.0:
	@DEBUG_VALUE: SendChar_ToUART:ch <- $r0
	.save	{r4, lr}
	push	{r4, lr}
	.cfi_def_cfa_offset 8
	.cfi_offset lr, -4
	.cfi_offset r4, -8
	movs	r1, #1
	lsls	r2, r1, #23
	ldr	r1, __arm_cp.2_0
.Ltmp13:
.LBB2_1:                                @ =>This Inner Loop Header: Depth=1
	@DEBUG_VALUE: SendChar_ToUART:ch <- $r0
	.loc	1 266 24 prologue_end           @ ../../M031BSP/Library/StdDriver/src/retarget.c:266:24
	ldr	r3, [r1]
	.loc	1 266 5 is_stmt 0               @ ../../M031BSP/Library/StdDriver/src/retarget.c:266:5
	tst	r3, r2
	beq	.LBB2_5
.Ltmp14:
@ %bb.2:                                @   in Loop: Header=BB2_1 Depth=1
	@DEBUG_VALUE: SendChar_ToUART:ch <- $r0
	.loc	1 266 24                        @ ../../M031BSP/Library/StdDriver/src/retarget.c:266:24
	ldr	r3, [r1]
	.loc	1 266 5                         @ ../../M031BSP/Library/StdDriver/src/retarget.c:266:5
	tst	r3, r2
	beq	.LBB2_5
.Ltmp15:
@ %bb.3:                                @   in Loop: Header=BB2_1 Depth=1
	@DEBUG_VALUE: SendChar_ToUART:ch <- $r0
	.loc	1 266 24                        @ ../../M031BSP/Library/StdDriver/src/retarget.c:266:24
	ldr	r3, [r1]
	.loc	1 266 5                         @ ../../M031BSP/Library/StdDriver/src/retarget.c:266:5
	tst	r3, r2
	beq	.LBB2_5
.Ltmp16:
@ %bb.4:                                @   in Loop: Header=BB2_1 Depth=1
	@DEBUG_VALUE: SendChar_ToUART:ch <- $r0
	.loc	1 266 24                        @ ../../M031BSP/Library/StdDriver/src/retarget.c:266:24
	ldr	r3, [r1]
	.loc	1 266 5                         @ ../../M031BSP/Library/StdDriver/src/retarget.c:266:5
	tst	r3, r2
	bne	.LBB2_1
.Ltmp17:
.LBB2_5:
	@DEBUG_VALUE: SendChar_ToUART:ch <- $r0
	.loc	1 268 9 is_stmt 1               @ ../../M031BSP/Library/StdDriver/src/retarget.c:268:9
	uxtb	r3, r0
.Ltmp18:
	.loc	1 268 9 is_stmt 0               @ ../../M031BSP/Library/StdDriver/src/retarget.c:268:9
	cmp	r3, #10
	bne	.LBB2_11
.Ltmp19:
@ %bb.6:
	@DEBUG_VALUE: SendChar_ToUART:ch <- $r0
	.loc	1 270 25 is_stmt 1              @ ../../M031BSP/Library/StdDriver/src/retarget.c:270:25
	mov	r3, r1
	subs	r3, #24
	movs	r4, #13
	str	r4, [r3]
.Ltmp20:
.LBB2_7:                                @ =>This Inner Loop Header: Depth=1
	@DEBUG_VALUE: SendChar_ToUART:ch <- $r0
	.loc	1 272 28                        @ ../../M031BSP/Library/StdDriver/src/retarget.c:272:28
	ldr	r3, [r1]
	.loc	1 272 9 is_stmt 0               @ ../../M031BSP/Library/StdDriver/src/retarget.c:272:9
	tst	r3, r2
	beq	.LBB2_11
.Ltmp21:
@ %bb.8:                                @   in Loop: Header=BB2_7 Depth=1
	@DEBUG_VALUE: SendChar_ToUART:ch <- $r0
	.loc	1 272 28                        @ ../../M031BSP/Library/StdDriver/src/retarget.c:272:28
	ldr	r3, [r1]
	.loc	1 272 9                         @ ../../M031BSP/Library/StdDriver/src/retarget.c:272:9
	tst	r3, r2
	beq	.LBB2_11
.Ltmp22:
@ %bb.9:                                @   in Loop: Header=BB2_7 Depth=1
	@DEBUG_VALUE: SendChar_ToUART:ch <- $r0
	.loc	1 272 28                        @ ../../M031BSP/Library/StdDriver/src/retarget.c:272:28
	ldr	r3, [r1]
	.loc	1 272 9                         @ ../../M031BSP/Library/StdDriver/src/retarget.c:272:9
	tst	r3, r2
	beq	.LBB2_11
.Ltmp23:
@ %bb.10:                               @   in Loop: Header=BB2_7 Depth=1
	@DEBUG_VALUE: SendChar_ToUART:ch <- $r0
	.loc	1 272 28                        @ ../../M031BSP/Library/StdDriver/src/retarget.c:272:28
	ldr	r3, [r1]
	.loc	1 272 9                         @ ../../M031BSP/Library/StdDriver/src/retarget.c:272:9
	tst	r3, r2
	bne	.LBB2_7
.Ltmp24:
.LBB2_11:
	@DEBUG_VALUE: SendChar_ToUART:ch <- $r0
	.loc	1 276 21 is_stmt 1              @ ../../M031BSP/Library/StdDriver/src/retarget.c:276:21
	subs	r1, #24
	str	r0, [r1]
	.loc	1 277 1 epilogue_begin          @ ../../M031BSP/Library/StdDriver/src/retarget.c:277:1
	pop	{r4, pc}
.Ltmp25:
	.p2align	2
@ %bb.12:
	.loc	1 0 1 is_stmt 0                 @ ../../M031BSP/Library/StdDriver/src/retarget.c:0:1
__arm_cp.2_0:
	.long	1074200600                      @ 0x40070018
.Lcpi_end2:
	.size	__arm_cp.2_0, .Lcpi_end2-__arm_cp.2_0
.Lfunc_end2:
	.size	SendChar_ToUART, .Lfunc_end2-SendChar_ToUART
	.cfi_endproc
	.cantunwind
	.fnend
                                        @ -- End function
	.section	.text.SendChar,"ax",%progbits
	.hidden	SendChar                        @ -- Begin function SendChar
	.weak	SendChar
	.p2align	2
	.type	SendChar,%function
	.code	16                              @ @SendChar
	.thumb_func
SendChar:
.Lfunc_begin3:
	.loc	1 356 0 is_stmt 1               @ ../../M031BSP/Library/StdDriver/src/retarget.c:356:0
	.fnstart
	.cfi_startproc
@ %bb.0:
	@DEBUG_VALUE: SendChar:ch <- $r0
	.save	{r4, lr}
	push	{r4, lr}
	.cfi_def_cfa_offset 8
	.cfi_offset lr, -4
	.cfi_offset r4, -8
	movs	r1, #1
	lsls	r2, r1, #23
	ldr	r1, __arm_cp.3_0
	@DEBUG_VALUE: SendChar_ToUART:ch <- undef
.Ltmp26:
.LBB3_1:                                @ =>This Inner Loop Header: Depth=1
	@DEBUG_VALUE: SendChar:ch <- $r0
	.loc	1 266 24 prologue_end           @ ../../M031BSP/Library/StdDriver/src/retarget.c:266:24
	ldr	r3, [r1]
	.loc	1 266 5 is_stmt 0               @ ../../M031BSP/Library/StdDriver/src/retarget.c:266:5
	tst	r3, r2
	beq	.LBB3_5
.Ltmp27:
@ %bb.2:                                @   in Loop: Header=BB3_1 Depth=1
	@DEBUG_VALUE: SendChar:ch <- $r0
	.loc	1 266 24                        @ ../../M031BSP/Library/StdDriver/src/retarget.c:266:24
	ldr	r3, [r1]
	.loc	1 266 5                         @ ../../M031BSP/Library/StdDriver/src/retarget.c:266:5
	tst	r3, r2
	beq	.LBB3_5
.Ltmp28:
@ %bb.3:                                @   in Loop: Header=BB3_1 Depth=1
	@DEBUG_VALUE: SendChar:ch <- $r0
	.loc	1 266 24                        @ ../../M031BSP/Library/StdDriver/src/retarget.c:266:24
	ldr	r3, [r1]
	.loc	1 266 5                         @ ../../M031BSP/Library/StdDriver/src/retarget.c:266:5
	tst	r3, r2
	beq	.LBB3_5
.Ltmp29:
@ %bb.4:                                @   in Loop: Header=BB3_1 Depth=1
	@DEBUG_VALUE: SendChar:ch <- $r0
	.loc	1 266 24                        @ ../../M031BSP/Library/StdDriver/src/retarget.c:266:24
	ldr	r3, [r1]
	.loc	1 266 5                         @ ../../M031BSP/Library/StdDriver/src/retarget.c:266:5
	tst	r3, r2
	bne	.LBB3_1
.Ltmp30:
.LBB3_5:
	@DEBUG_VALUE: SendChar:ch <- $r0
	.loc	1 268 9 is_stmt 1               @ ../../M031BSP/Library/StdDriver/src/retarget.c:268:9
	uxtb	r3, r0
.Ltmp31:
	.loc	1 268 9 is_stmt 0               @ ../../M031BSP/Library/StdDriver/src/retarget.c:268:9
	cmp	r3, #10
	bne	.LBB3_11
.Ltmp32:
@ %bb.6:
	@DEBUG_VALUE: SendChar:ch <- $r0
	.loc	1 270 25 is_stmt 1              @ ../../M031BSP/Library/StdDriver/src/retarget.c:270:25
	mov	r3, r1
	subs	r3, #24
	movs	r4, #13
	str	r4, [r3]
.Ltmp33:
.LBB3_7:                                @ =>This Inner Loop Header: Depth=1
	@DEBUG_VALUE: SendChar:ch <- $r0
	.loc	1 272 28                        @ ../../M031BSP/Library/StdDriver/src/retarget.c:272:28
	ldr	r3, [r1]
	.loc	1 272 9 is_stmt 0               @ ../../M031BSP/Library/StdDriver/src/retarget.c:272:9
	tst	r3, r2
	beq	.LBB3_11
.Ltmp34:
@ %bb.8:                                @   in Loop: Header=BB3_7 Depth=1
	@DEBUG_VALUE: SendChar:ch <- $r0
	.loc	1 272 28                        @ ../../M031BSP/Library/StdDriver/src/retarget.c:272:28
	ldr	r3, [r1]
	.loc	1 272 9                         @ ../../M031BSP/Library/StdDriver/src/retarget.c:272:9
	tst	r3, r2
	beq	.LBB3_11
.Ltmp35:
@ %bb.9:                                @   in Loop: Header=BB3_7 Depth=1
	@DEBUG_VALUE: SendChar:ch <- $r0
	.loc	1 272 28                        @ ../../M031BSP/Library/StdDriver/src/retarget.c:272:28
	ldr	r3, [r1]
	.loc	1 272 9                         @ ../../M031BSP/Library/StdDriver/src/retarget.c:272:9
	tst	r3, r2
	beq	.LBB3_11
.Ltmp36:
@ %bb.10:                               @   in Loop: Header=BB3_7 Depth=1
	@DEBUG_VALUE: SendChar:ch <- $r0
	.loc	1 272 28                        @ ../../M031BSP/Library/StdDriver/src/retarget.c:272:28
	ldr	r3, [r1]
	.loc	1 272 9                         @ ../../M031BSP/Library/StdDriver/src/retarget.c:272:9
	tst	r3, r2
	bne	.LBB3_7
.Ltmp37:
.LBB3_11:
	@DEBUG_VALUE: SendChar:ch <- $r0
	.loc	1 276 21 is_stmt 1              @ ../../M031BSP/Library/StdDriver/src/retarget.c:276:21
	subs	r1, #24
	str	r0, [r1]
.Ltmp38:
	.loc	1 390 1 epilogue_begin          @ ../../M031BSP/Library/StdDriver/src/retarget.c:390:1
	pop	{r4, pc}
.Ltmp39:
	.p2align	2
@ %bb.12:
	.loc	1 0 1 is_stmt 0                 @ ../../M031BSP/Library/StdDriver/src/retarget.c:0:1
__arm_cp.3_0:
	.long	1074200600                      @ 0x40070018
.Lcpi_end3:
	.size	__arm_cp.3_0, .Lcpi_end3-__arm_cp.3_0
.Lfunc_end3:
	.size	SendChar, .Lfunc_end3-SendChar
	.cfi_endproc
	.cantunwind
	.fnend
                                        @ -- End function
	.section	.text.GetChar,"ax",%progbits
	.hidden	GetChar                         @ -- Begin function GetChar
	.globl	GetChar
	.p2align	2
	.type	GetChar,%function
	.code	16                              @ @GetChar
	.thumb_func
GetChar:
.Lfunc_begin4:
	.loc	1 403 0 is_stmt 1               @ ../../M031BSP/Library/StdDriver/src/retarget.c:403:0
	.fnstart
	.cfi_startproc
@ %bb.0:
	movs	r0, #1
	lsls	r1, r0, #14
	ldr	r0, __arm_cp.4_0
.LBB4_1:                                @ =>This Inner Loop Header: Depth=1
.Ltmp40:
	.loc	1 455 26 prologue_end           @ ../../M031BSP/Library/StdDriver/src/retarget.c:455:26
	ldr	r2, [r0]
.Ltmp41:
	.loc	1 455 13 is_stmt 0              @ ../../M031BSP/Library/StdDriver/src/retarget.c:455:13
	tst	r2, r1
	beq	.LBB4_5
@ %bb.2:                                @   in Loop: Header=BB4_1 Depth=1
.Ltmp42:
	.loc	1 455 26                        @ ../../M031BSP/Library/StdDriver/src/retarget.c:455:26
	ldr	r2, [r0]
.Ltmp43:
	.loc	1 455 13                        @ ../../M031BSP/Library/StdDriver/src/retarget.c:455:13
	tst	r2, r1
	beq	.LBB4_5
@ %bb.3:                                @   in Loop: Header=BB4_1 Depth=1
.Ltmp44:
	.loc	1 455 26                        @ ../../M031BSP/Library/StdDriver/src/retarget.c:455:26
	ldr	r2, [r0]
.Ltmp45:
	.loc	1 455 13                        @ ../../M031BSP/Library/StdDriver/src/retarget.c:455:13
	tst	r2, r1
	beq	.LBB4_5
@ %bb.4:                                @   in Loop: Header=BB4_1 Depth=1
.Ltmp46:
	.loc	1 455 26                        @ ../../M031BSP/Library/StdDriver/src/retarget.c:455:26
	ldr	r2, [r0]
.Ltmp47:
	.loc	1 455 13                        @ ../../M031BSP/Library/StdDriver/src/retarget.c:455:13
	tst	r2, r1
	bne	.LBB4_1
.LBB4_5:
.Ltmp48:
	.loc	1 457 39 is_stmt 1              @ ../../M031BSP/Library/StdDriver/src/retarget.c:457:39
	subs	r0, #24
	ldr	r0, [r0]
	.loc	1 457 13 is_stmt 0              @ ../../M031BSP/Library/StdDriver/src/retarget.c:457:13
	uxtb	r0, r0
	bx	lr
.Ltmp49:
	.p2align	2
@ %bb.6:
	.loc	1 0 13                          @ ../../M031BSP/Library/StdDriver/src/retarget.c:0:13
__arm_cp.4_0:
	.long	1074200600                      @ 0x40070018
.Lcpi_end4:
	.size	__arm_cp.4_0, .Lcpi_end4-__arm_cp.4_0
.Lfunc_end4:
	.size	GetChar, .Lfunc_end4-GetChar
	.cfi_endproc
	.cantunwind
	.fnend
                                        @ -- End function
	.section	.text.kbhit,"ax",%progbits
	.hidden	kbhit                           @ -- Begin function kbhit
	.globl	kbhit
	.p2align	2
	.type	kbhit,%function
	.code	16                              @ @kbhit
	.thumb_func
kbhit:
.Lfunc_begin5:
	.loc	1 476 0 is_stmt 1               @ ../../M031BSP/Library/StdDriver/src/retarget.c:476:0
	.fnstart
	.cfi_startproc
@ %bb.0:
	ldr	r0, __arm_cp.5_0
.Ltmp50:
	.loc	1 477 27 prologue_end           @ ../../M031BSP/Library/StdDriver/src/retarget.c:477:27
	ldr	r0, [r0]
	.loc	1 477 12 is_stmt 0              @ ../../M031BSP/Library/StdDriver/src/retarget.c:477:12
	lsls	r0, r0, #17
	lsrs	r0, r0, #31
	.loc	1 477 5                         @ ../../M031BSP/Library/StdDriver/src/retarget.c:477:5
	bx	lr
.Ltmp51:
	.p2align	2
@ %bb.1:
	.loc	1 0 5                           @ ../../M031BSP/Library/StdDriver/src/retarget.c:0:5
__arm_cp.5_0:
	.long	1074200600                      @ 0x40070018
.Lcpi_end5:
	.size	__arm_cp.5_0, .Lcpi_end5-__arm_cp.5_0
.Lfunc_end5:
	.size	kbhit, .Lfunc_end5-kbhit
	.cfi_endproc
	.cantunwind
	.fnend
                                        @ -- End function
	.section	.text.IsDebugFifoEmpty,"ax",%progbits
	.hidden	IsDebugFifoEmpty                @ -- Begin function IsDebugFifoEmpty
	.globl	IsDebugFifoEmpty
	.p2align	2
	.type	IsDebugFifoEmpty,%function
	.code	16                              @ @IsDebugFifoEmpty
	.thumb_func
IsDebugFifoEmpty:
.Lfunc_begin6:
	.loc	1 492 0 is_stmt 1               @ ../../M031BSP/Library/StdDriver/src/retarget.c:492:0
	.fnstart
	.cfi_startproc
@ %bb.0:
	ldr	r0, __arm_cp.6_0
.Ltmp52:
	.loc	1 493 26 prologue_end           @ ../../M031BSP/Library/StdDriver/src/retarget.c:493:26
	ldr	r0, [r0]
	.loc	1 493 63 is_stmt 0              @ ../../M031BSP/Library/StdDriver/src/retarget.c:493:63
	lsls	r0, r0, #3
	lsrs	r0, r0, #31
	.loc	1 493 5                         @ ../../M031BSP/Library/StdDriver/src/retarget.c:493:5
	bx	lr
.Ltmp53:
	.p2align	2
@ %bb.1:
	.loc	1 0 5                           @ ../../M031BSP/Library/StdDriver/src/retarget.c:0:5
__arm_cp.6_0:
	.long	1074200600                      @ 0x40070018
.Lcpi_end6:
	.size	__arm_cp.6_0, .Lcpi_end6-__arm_cp.6_0
.Lfunc_end6:
	.size	IsDebugFifoEmpty, .Lfunc_end6-IsDebugFifoEmpty
	.cfi_endproc
	.cantunwind
	.fnend
                                        @ -- End function
	.section	.text._ttywrch,"ax",%progbits
	.hidden	_ttywrch                        @ -- Begin function _ttywrch
	.globl	_ttywrch
	.p2align	1
	.type	_ttywrch,%function
	.code	16                              @ @_ttywrch
	.thumb_func
_ttywrch:
.Lfunc_begin7:
	.loc	1 507 0 is_stmt 1               @ ../../M031BSP/Library/StdDriver/src/retarget.c:507:0
	.fnstart
	.cfi_startproc
@ %bb.0:
	@DEBUG_VALUE: _ttywrch:ch <- $r0
	.save	{r7, lr}
	push	{r7, lr}
	.cfi_def_cfa_offset 8
	.cfi_offset lr, -4
	.cfi_offset r7, -8
.Ltmp54:
	.loc	1 508 5 prologue_end            @ ../../M031BSP/Library/StdDriver/src/retarget.c:508:5
	bl	SendChar
.Ltmp55:
	@DEBUG_VALUE: _ttywrch:ch <- [DW_OP_LLVM_entry_value 1] $r0
	.loc	1 509 5 epilogue_begin          @ ../../M031BSP/Library/StdDriver/src/retarget.c:509:5
	pop	{r7, pc}
.Ltmp56:
.Lfunc_end7:
	.size	_ttywrch, .Lfunc_end7-_ttywrch
	.cfi_endproc
	.cantunwind
	.fnend
                                        @ -- End function
	.section	.text.fputc,"ax",%progbits
	.hidden	fputc                           @ -- Begin function fputc
	.globl	fputc
	.p2align	1
	.type	fputc,%function
	.code	16                              @ @fputc
	.thumb_func
fputc:
.Lfunc_begin8:
	.loc	1 531 0                         @ ../../M031BSP/Library/StdDriver/src/retarget.c:531:0
	.fnstart
	.cfi_startproc
@ %bb.0:
	@DEBUG_VALUE: fputc:ch <- $r0
	@DEBUG_VALUE: fputc:stream <- $r1
	.save	{r4, lr}
	push	{r4, lr}
	.cfi_def_cfa_offset 8
	.cfi_offset lr, -4
	.cfi_offset r4, -8
	mov	r4, r0
.Ltmp57:
	@DEBUG_VALUE: fputc:ch <- $r4
	.loc	1 532 5 prologue_end            @ ../../M031BSP/Library/StdDriver/src/retarget.c:532:5
	bl	SendChar
.Ltmp58:
	@DEBUG_VALUE: fputc:stream <- [DW_OP_LLVM_entry_value 1] $r1
	.loc	1 533 5                         @ ../../M031BSP/Library/StdDriver/src/retarget.c:533:5
	mov	r0, r4
.Ltmp59:
	@DEBUG_VALUE: fputc:ch <- $r0
	.loc	1 533 5 epilogue_begin is_stmt 0 @ ../../M031BSP/Library/StdDriver/src/retarget.c:533:5
	pop	{r4, pc}
.Ltmp60:
.Lfunc_end8:
	.size	fputc, .Lfunc_end8-fputc
	.cfi_endproc
	.cantunwind
	.fnend
                                        @ -- End function
	.section	.text.fgetc,"ax",%progbits
	.hidden	fgetc                           @ -- Begin function fgetc
	.globl	fgetc
	.p2align	2
	.type	fgetc,%function
	.code	16                              @ @fgetc
	.thumb_func
fgetc:
.Lfunc_begin9:
	.loc	1 587 0 is_stmt 1               @ ../../M031BSP/Library/StdDriver/src/retarget.c:587:0
	.fnstart
	.cfi_startproc
@ %bb.0:
	@DEBUG_VALUE: fgetc:stream <- $r0
	movs	r0, #1
.Ltmp61:
	@DEBUG_VALUE: fgetc:stream <- [DW_OP_LLVM_entry_value 1] $r0
	lsls	r1, r0, #14
	ldr	r0, __arm_cp.9_0
.Ltmp62:
.LBB9_1:                                @ =>This Inner Loop Header: Depth=1
	@DEBUG_VALUE: fgetc:stream <- [DW_OP_LLVM_entry_value 1] $r0
	.loc	1 455 26 prologue_end           @ ../../M031BSP/Library/StdDriver/src/retarget.c:455:26
	ldr	r2, [r0]
.Ltmp63:
	.loc	1 455 13 is_stmt 0              @ ../../M031BSP/Library/StdDriver/src/retarget.c:455:13
	tst	r2, r1
	beq	.LBB9_5
.Ltmp64:
@ %bb.2:                                @   in Loop: Header=BB9_1 Depth=1
	@DEBUG_VALUE: fgetc:stream <- [DW_OP_LLVM_entry_value 1] $r0
	.loc	1 455 26                        @ ../../M031BSP/Library/StdDriver/src/retarget.c:455:26
	ldr	r2, [r0]
.Ltmp65:
	.loc	1 455 13                        @ ../../M031BSP/Library/StdDriver/src/retarget.c:455:13
	tst	r2, r1
	beq	.LBB9_5
.Ltmp66:
@ %bb.3:                                @   in Loop: Header=BB9_1 Depth=1
	@DEBUG_VALUE: fgetc:stream <- [DW_OP_LLVM_entry_value 1] $r0
	.loc	1 455 26                        @ ../../M031BSP/Library/StdDriver/src/retarget.c:455:26
	ldr	r2, [r0]
.Ltmp67:
	.loc	1 455 13                        @ ../../M031BSP/Library/StdDriver/src/retarget.c:455:13
	tst	r2, r1
	beq	.LBB9_5
.Ltmp68:
@ %bb.4:                                @   in Loop: Header=BB9_1 Depth=1
	@DEBUG_VALUE: fgetc:stream <- [DW_OP_LLVM_entry_value 1] $r0
	.loc	1 455 26                        @ ../../M031BSP/Library/StdDriver/src/retarget.c:455:26
	ldr	r2, [r0]
.Ltmp69:
	.loc	1 455 13                        @ ../../M031BSP/Library/StdDriver/src/retarget.c:455:13
	tst	r2, r1
	bne	.LBB9_1
.Ltmp70:
.LBB9_5:
	@DEBUG_VALUE: fgetc:stream <- [DW_OP_LLVM_entry_value 1] $r0
	.loc	1 457 39 is_stmt 1              @ ../../M031BSP/Library/StdDriver/src/retarget.c:457:39
	subs	r0, #24
	ldr	r0, [r0]
.Ltmp71:
	.loc	1 588 13                        @ ../../M031BSP/Library/StdDriver/src/retarget.c:588:13
	uxtb	r0, r0
	.loc	1 588 5 is_stmt 0               @ ../../M031BSP/Library/StdDriver/src/retarget.c:588:5
	bx	lr
.Ltmp72:
	.p2align	2
@ %bb.6:
	.loc	1 0 5                           @ ../../M031BSP/Library/StdDriver/src/retarget.c:0:5
__arm_cp.9_0:
	.long	1074200600                      @ 0x40070018
.Lcpi_end7:
	.size	__arm_cp.9_0, .Lcpi_end7-__arm_cp.9_0
.Lfunc_end9:
	.size	fgetc, .Lfunc_end9-fgetc
	.cfi_endproc
	.cantunwind
	.fnend
                                        @ -- End function
	.section	.text.ferror,"ax",%progbits
	.hidden	ferror                          @ -- Begin function ferror
	.globl	ferror
	.p2align	1
	.type	ferror,%function
	.code	16                              @ @ferror
	.thumb_func
ferror:
.Lfunc_begin10:
	.loc	1 607 0 is_stmt 1               @ ../../M031BSP/Library/StdDriver/src/retarget.c:607:0
	.fnstart
	.cfi_startproc
@ %bb.0:
	@DEBUG_VALUE: ferror:stream <- $r0
	movs	r0, #0
.Ltmp73:
	@DEBUG_VALUE: ferror:stream <- [DW_OP_LLVM_entry_value 1] $r0
	mvns	r0, r0
.Ltmp74:
	.loc	1 608 5 prologue_end            @ ../../M031BSP/Library/StdDriver/src/retarget.c:608:5
	bx	lr
.Ltmp75:
.Lfunc_end10:
	.size	ferror, .Lfunc_end10-ferror
	.cfi_endproc
	.cantunwind
	.fnend
                                        @ -- End function
	.type	g_ICE_Conneced,%object          @ @g_ICE_Conneced
	.section	.data.g_ICE_Conneced,"aw",%progbits
	.p2align	2, 0x0
g_ICE_Conneced:
	.long	1                               @ 0x1
	.size	g_ICE_Conneced, 4

	.hidden	__stdout                        @ @__stdout
	.type	__stdout,%object
	.section	.bss.__stdout,"aw",%nobits
	.globl	__stdout
	.p2align	2, 0x0
__stdout:
	.zero	84
	.size	__stdout, 84

	.hidden	__stdin                         @ @__stdin
	.type	__stdin,%object
	.section	.bss.__stdin,"aw",%nobits
	.globl	__stdin
	.p2align	2, 0x0
__stdin:
	.zero	84
	.size	__stdin, 84

	.section	.debug_loc,"",%progbits
.Ldebug_loc0:
	.long	-1
	.long	.Lfunc_begin0                   @   base address
	.long	.Lfunc_begin0-.Lfunc_begin0
	.long	.Ltmp0-.Lfunc_begin0
	.short	1                               @ Loc expr size
	.byte	80                              @ DW_OP_reg0
	.long	.Ltmp0-.Lfunc_begin0
	.long	.Lfunc_end0-.Lfunc_begin0
	.short	4                               @ Loc expr size
	.byte	243                             @ DW_OP_GNU_entry_value
	.byte	1                               @ 1
	.byte	80                              @ DW_OP_reg0
	.byte	159                             @ DW_OP_stack_value
	.long	0
	.long	0
.Ldebug_loc1:
	.long	-1
	.long	.Lfunc_begin1                   @   base address
	.long	.Lfunc_begin1-.Lfunc_begin1
	.long	.Ltmp10-.Lfunc_begin1
	.short	1                               @ Loc expr size
	.byte	80                              @ DW_OP_reg0
	.long	.Ltmp10-.Lfunc_begin1
	.long	.Ltmp12-.Lfunc_begin1
	.short	4                               @ Loc expr size
	.byte	243                             @ DW_OP_GNU_entry_value
	.byte	1                               @ 1
	.byte	80                              @ DW_OP_reg0
	.byte	159                             @ DW_OP_stack_value
	.long	0
	.long	0
.Ldebug_loc2:
	.long	-1
	.long	.Lfunc_begin1                   @   base address
	.long	.Lfunc_begin1-.Lfunc_begin1
	.long	.Ltmp3-.Lfunc_begin1
	.short	1                               @ Loc expr size
	.byte	81                              @ DW_OP_reg1
	.long	0
	.long	0
.Ldebug_loc3:
	.long	-1
	.long	.Lfunc_begin1                   @   base address
	.long	.Lfunc_begin1-.Lfunc_begin1
	.long	.Ltmp4-.Lfunc_begin1
	.short	1                               @ Loc expr size
	.byte	82                              @ DW_OP_reg2
	.long	.Ltmp4-.Lfunc_begin1
	.long	.Ltmp12-.Lfunc_begin1
	.short	4                               @ Loc expr size
	.byte	243                             @ DW_OP_GNU_entry_value
	.byte	1                               @ 1
	.byte	82                              @ DW_OP_reg2
	.byte	159                             @ DW_OP_stack_value
	.long	0
	.long	0
.Ldebug_loc4:
	.long	-1
	.long	.Lfunc_begin1                   @   base address
	.long	.Ltmp5-.Lfunc_begin1
	.long	.Ltmp7-.Lfunc_begin1
	.short	8                               @ Loc expr size
	.byte	115                             @ DW_OP_breg3
	.byte	0                               @ 0
	.byte	16                              @ DW_OP_constu
	.byte	255                             @ 65535
	.byte	255                             @ 
	.byte	3                               @ 
	.byte	26                              @ DW_OP_and
	.byte	159                             @ DW_OP_stack_value
	.long	.Ltmp9-.Lfunc_begin1
	.long	.Ltmp11-.Lfunc_begin1
	.short	8                               @ Loc expr size
	.byte	115                             @ DW_OP_breg3
	.byte	0                               @ 0
	.byte	16                              @ DW_OP_constu
	.byte	255                             @ 65535
	.byte	255                             @ 
	.byte	3                               @ 
	.byte	26                              @ DW_OP_and
	.byte	159                             @ DW_OP_stack_value
	.long	0
	.long	0
.Ldebug_loc5:
	.long	-1
	.long	.Lfunc_begin7                   @   base address
	.long	.Lfunc_begin7-.Lfunc_begin7
	.long	.Ltmp55-.Lfunc_begin7
	.short	1                               @ Loc expr size
	.byte	80                              @ DW_OP_reg0
	.long	.Ltmp55-.Lfunc_begin7
	.long	.Lfunc_end7-.Lfunc_begin7
	.short	4                               @ Loc expr size
	.byte	243                             @ DW_OP_GNU_entry_value
	.byte	1                               @ 1
	.byte	80                              @ DW_OP_reg0
	.byte	159                             @ DW_OP_stack_value
	.long	0
	.long	0
.Ldebug_loc6:
	.long	-1
	.long	.Lfunc_begin8                   @   base address
	.long	.Lfunc_begin8-.Lfunc_begin8
	.long	.Ltmp57-.Lfunc_begin8
	.short	1                               @ Loc expr size
	.byte	80                              @ DW_OP_reg0
	.long	.Ltmp57-.Lfunc_begin8
	.long	.Ltmp59-.Lfunc_begin8
	.short	1                               @ Loc expr size
	.byte	84                              @ DW_OP_reg4
	.long	.Ltmp59-.Lfunc_begin8
	.long	.Lfunc_end8-.Lfunc_begin8
	.short	1                               @ Loc expr size
	.byte	80                              @ DW_OP_reg0
	.long	0
	.long	0
.Ldebug_loc7:
	.long	-1
	.long	.Lfunc_begin8                   @   base address
	.long	.Lfunc_begin8-.Lfunc_begin8
	.long	.Ltmp58-.Lfunc_begin8
	.short	1                               @ Loc expr size
	.byte	81                              @ DW_OP_reg1
	.long	.Ltmp58-.Lfunc_begin8
	.long	.Lfunc_end8-.Lfunc_begin8
	.short	4                               @ Loc expr size
	.byte	243                             @ DW_OP_GNU_entry_value
	.byte	1                               @ 1
	.byte	81                              @ DW_OP_reg1
	.byte	159                             @ DW_OP_stack_value
	.long	0
	.long	0
.Ldebug_loc8:
	.long	-1
	.long	.Lfunc_begin9                   @   base address
	.long	.Lfunc_begin9-.Lfunc_begin9
	.long	.Ltmp61-.Lfunc_begin9
	.short	1                               @ Loc expr size
	.byte	80                              @ DW_OP_reg0
	.long	.Ltmp61-.Lfunc_begin9
	.long	.Ltmp72-.Lfunc_begin9
	.short	4                               @ Loc expr size
	.byte	243                             @ DW_OP_GNU_entry_value
	.byte	1                               @ 1
	.byte	80                              @ DW_OP_reg0
	.byte	159                             @ DW_OP_stack_value
	.long	0
	.long	0
.Ldebug_loc9:
	.long	-1
	.long	.Lfunc_begin10                  @   base address
	.long	.Lfunc_begin10-.Lfunc_begin10
	.long	.Ltmp73-.Lfunc_begin10
	.short	1                               @ Loc expr size
	.byte	80                              @ DW_OP_reg0
	.long	.Ltmp73-.Lfunc_begin10
	.long	.Lfunc_end10-.Lfunc_begin10
	.short	4                               @ Loc expr size
	.byte	243                             @ DW_OP_GNU_entry_value
	.byte	1                               @ 1
	.byte	80                              @ DW_OP_reg0
	.byte	159                             @ DW_OP_stack_value
	.long	0
	.long	0
	.section	.debug_abbrev,"",%progbits
	.byte	1                               @ Abbreviation Code
	.byte	17                              @ DW_TAG_compile_unit
	.byte	1                               @ DW_CHILDREN_yes
	.byte	37                              @ DW_AT_producer
	.byte	14                              @ DW_FORM_strp
	.byte	19                              @ DW_AT_language
	.byte	5                               @ DW_FORM_data2
	.byte	3                               @ DW_AT_name
	.byte	14                              @ DW_FORM_strp
	.byte	16                              @ DW_AT_stmt_list
	.byte	23                              @ DW_FORM_sec_offset
	.byte	27                              @ DW_AT_comp_dir
	.byte	14                              @ DW_FORM_strp
	.byte	17                              @ DW_AT_low_pc
	.byte	1                               @ DW_FORM_addr
	.byte	85                              @ DW_AT_ranges
	.byte	23                              @ DW_FORM_sec_offset
	.byte	0                               @ EOM(1)
	.byte	0                               @ EOM(2)
	.byte	2                               @ Abbreviation Code
	.byte	52                              @ DW_TAG_variable
	.byte	0                               @ DW_CHILDREN_no
	.byte	73                              @ DW_AT_type
	.byte	19                              @ DW_FORM_ref4
	.byte	58                              @ DW_AT_decl_file
	.byte	11                              @ DW_FORM_data1
	.byte	59                              @ DW_AT_decl_line
	.byte	11                              @ DW_FORM_data1
	.byte	0                               @ EOM(1)
	.byte	0                               @ EOM(2)
	.byte	3                               @ Abbreviation Code
	.byte	1                               @ DW_TAG_array_type
	.byte	1                               @ DW_CHILDREN_yes
	.byte	73                              @ DW_AT_type
	.byte	19                              @ DW_FORM_ref4
	.byte	0                               @ EOM(1)
	.byte	0                               @ EOM(2)
	.byte	4                               @ Abbreviation Code
	.byte	33                              @ DW_TAG_subrange_type
	.byte	0                               @ DW_CHILDREN_no
	.byte	73                              @ DW_AT_type
	.byte	19                              @ DW_FORM_ref4
	.byte	55                              @ DW_AT_count
	.byte	11                              @ DW_FORM_data1
	.byte	0                               @ EOM(1)
	.byte	0                               @ EOM(2)
	.byte	5                               @ Abbreviation Code
	.byte	36                              @ DW_TAG_base_type
	.byte	0                               @ DW_CHILDREN_no
	.byte	3                               @ DW_AT_name
	.byte	14                              @ DW_FORM_strp
	.byte	62                              @ DW_AT_encoding
	.byte	11                              @ DW_FORM_data1
	.byte	11                              @ DW_AT_byte_size
	.byte	11                              @ DW_FORM_data1
	.byte	0                               @ EOM(1)
	.byte	0                               @ EOM(2)
	.byte	6                               @ Abbreviation Code
	.byte	36                              @ DW_TAG_base_type
	.byte	0                               @ DW_CHILDREN_no
	.byte	3                               @ DW_AT_name
	.byte	14                              @ DW_FORM_strp
	.byte	11                              @ DW_AT_byte_size
	.byte	11                              @ DW_FORM_data1
	.byte	62                              @ DW_AT_encoding
	.byte	11                              @ DW_FORM_data1
	.byte	0                               @ EOM(1)
	.byte	0                               @ EOM(2)
	.byte	7                               @ Abbreviation Code
	.byte	52                              @ DW_TAG_variable
	.byte	0                               @ DW_CHILDREN_no
	.byte	3                               @ DW_AT_name
	.byte	14                              @ DW_FORM_strp
	.byte	73                              @ DW_AT_type
	.byte	19                              @ DW_FORM_ref4
	.byte	63                              @ DW_AT_external
	.byte	25                              @ DW_FORM_flag_present
	.byte	58                              @ DW_AT_decl_file
	.byte	11                              @ DW_FORM_data1
	.byte	59                              @ DW_AT_decl_line
	.byte	11                              @ DW_FORM_data1
	.byte	2                               @ DW_AT_location
	.byte	24                              @ DW_FORM_exprloc
	.byte	0                               @ EOM(1)
	.byte	0                               @ EOM(2)
	.byte	8                               @ Abbreviation Code
	.byte	22                              @ DW_TAG_typedef
	.byte	0                               @ DW_CHILDREN_no
	.byte	73                              @ DW_AT_type
	.byte	19                              @ DW_FORM_ref4
	.byte	3                               @ DW_AT_name
	.byte	14                              @ DW_FORM_strp
	.byte	58                              @ DW_AT_decl_file
	.byte	11                              @ DW_FORM_data1
	.byte	59                              @ DW_AT_decl_line
	.byte	11                              @ DW_FORM_data1
	.byte	0                               @ EOM(1)
	.byte	0                               @ EOM(2)
	.byte	9                               @ Abbreviation Code
	.byte	19                              @ DW_TAG_structure_type
	.byte	1                               @ DW_CHILDREN_yes
	.byte	3                               @ DW_AT_name
	.byte	14                              @ DW_FORM_strp
	.byte	11                              @ DW_AT_byte_size
	.byte	11                              @ DW_FORM_data1
	.byte	58                              @ DW_AT_decl_file
	.byte	11                              @ DW_FORM_data1
	.byte	59                              @ DW_AT_decl_line
	.byte	11                              @ DW_FORM_data1
	.byte	0                               @ EOM(1)
	.byte	0                               @ EOM(2)
	.byte	10                              @ Abbreviation Code
	.byte	13                              @ DW_TAG_member
	.byte	0                               @ DW_CHILDREN_no
	.byte	3                               @ DW_AT_name
	.byte	14                              @ DW_FORM_strp
	.byte	73                              @ DW_AT_type
	.byte	19                              @ DW_FORM_ref4
	.byte	58                              @ DW_AT_decl_file
	.byte	11                              @ DW_FORM_data1
	.byte	59                              @ DW_AT_decl_line
	.byte	11                              @ DW_FORM_data1
	.byte	56                              @ DW_AT_data_member_location
	.byte	11                              @ DW_FORM_data1
	.byte	0                               @ EOM(1)
	.byte	0                               @ EOM(2)
	.byte	11                              @ Abbreviation Code
	.byte	23                              @ DW_TAG_union_type
	.byte	1                               @ DW_CHILDREN_yes
	.byte	11                              @ DW_AT_byte_size
	.byte	11                              @ DW_FORM_data1
	.byte	58                              @ DW_AT_decl_file
	.byte	11                              @ DW_FORM_data1
	.byte	59                              @ DW_AT_decl_line
	.byte	11                              @ DW_FORM_data1
	.byte	0                               @ EOM(1)
	.byte	0                               @ EOM(2)
	.byte	12                              @ Abbreviation Code
	.byte	52                              @ DW_TAG_variable
	.byte	0                               @ DW_CHILDREN_no
	.byte	3                               @ DW_AT_name
	.byte	14                              @ DW_FORM_strp
	.byte	73                              @ DW_AT_type
	.byte	19                              @ DW_FORM_ref4
	.byte	58                              @ DW_AT_decl_file
	.byte	11                              @ DW_FORM_data1
	.byte	59                              @ DW_AT_decl_line
	.byte	11                              @ DW_FORM_data1
	.byte	2                               @ DW_AT_location
	.byte	24                              @ DW_FORM_exprloc
	.byte	0                               @ EOM(1)
	.byte	0                               @ EOM(2)
	.byte	13                              @ Abbreviation Code
	.byte	53                              @ DW_TAG_volatile_type
	.byte	0                               @ DW_CHILDREN_no
	.byte	73                              @ DW_AT_type
	.byte	19                              @ DW_FORM_ref4
	.byte	0                               @ EOM(1)
	.byte	0                               @ EOM(2)
	.byte	14                              @ Abbreviation Code
	.byte	15                              @ DW_TAG_pointer_type
	.byte	0                               @ DW_CHILDREN_no
	.byte	73                              @ DW_AT_type
	.byte	19                              @ DW_FORM_ref4
	.byte	0                               @ EOM(1)
	.byte	0                               @ EOM(2)
	.byte	15                              @ Abbreviation Code
	.byte	22                              @ DW_TAG_typedef
	.byte	0                               @ DW_CHILDREN_no
	.byte	73                              @ DW_AT_type
	.byte	19                              @ DW_FORM_ref4
	.byte	3                               @ DW_AT_name
	.byte	14                              @ DW_FORM_strp
	.byte	58                              @ DW_AT_decl_file
	.byte	11                              @ DW_FORM_data1
	.byte	59                              @ DW_AT_decl_line
	.byte	5                               @ DW_FORM_data2
	.byte	0                               @ EOM(1)
	.byte	0                               @ EOM(2)
	.byte	16                              @ Abbreviation Code
	.byte	19                              @ DW_TAG_structure_type
	.byte	1                               @ DW_CHILDREN_yes
	.byte	11                              @ DW_AT_byte_size
	.byte	11                              @ DW_FORM_data1
	.byte	58                              @ DW_AT_decl_file
	.byte	11                              @ DW_FORM_data1
	.byte	59                              @ DW_AT_decl_line
	.byte	11                              @ DW_FORM_data1
	.byte	0                               @ EOM(1)
	.byte	0                               @ EOM(2)
	.byte	17                              @ Abbreviation Code
	.byte	13                              @ DW_TAG_member
	.byte	0                               @ DW_CHILDREN_no
	.byte	3                               @ DW_AT_name
	.byte	14                              @ DW_FORM_strp
	.byte	73                              @ DW_AT_type
	.byte	19                              @ DW_FORM_ref4
	.byte	58                              @ DW_AT_decl_file
	.byte	11                              @ DW_FORM_data1
	.byte	59                              @ DW_AT_decl_line
	.byte	5                               @ DW_FORM_data2
	.byte	56                              @ DW_AT_data_member_location
	.byte	11                              @ DW_FORM_data1
	.byte	0                               @ EOM(1)
	.byte	0                               @ EOM(2)
	.byte	18                              @ Abbreviation Code
	.byte	38                              @ DW_TAG_const_type
	.byte	0                               @ DW_CHILDREN_no
	.byte	73                              @ DW_AT_type
	.byte	19                              @ DW_FORM_ref4
	.byte	0                               @ EOM(1)
	.byte	0                               @ EOM(2)
	.byte	19                              @ Abbreviation Code
	.byte	46                              @ DW_TAG_subprogram
	.byte	1                               @ DW_CHILDREN_yes
	.byte	17                              @ DW_AT_low_pc
	.byte	1                               @ DW_FORM_addr
	.byte	18                              @ DW_AT_high_pc
	.byte	6                               @ DW_FORM_data4
	.byte	64                              @ DW_AT_frame_base
	.byte	24                              @ DW_FORM_exprloc
	.ascii	"\227B"                         @ DW_AT_GNU_all_call_sites
	.byte	25                              @ DW_FORM_flag_present
	.byte	3                               @ DW_AT_name
	.byte	14                              @ DW_FORM_strp
	.byte	58                              @ DW_AT_decl_file
	.byte	11                              @ DW_FORM_data1
	.byte	59                              @ DW_AT_decl_line
	.byte	11                              @ DW_FORM_data1
	.byte	39                              @ DW_AT_prototyped
	.byte	25                              @ DW_FORM_flag_present
	.byte	73                              @ DW_AT_type
	.byte	19                              @ DW_FORM_ref4
	.byte	63                              @ DW_AT_external
	.byte	25                              @ DW_FORM_flag_present
	.byte	0                               @ EOM(1)
	.byte	0                               @ EOM(2)
	.byte	20                              @ Abbreviation Code
	.byte	5                               @ DW_TAG_formal_parameter
	.byte	0                               @ DW_CHILDREN_no
	.byte	2                               @ DW_AT_location
	.byte	23                              @ DW_FORM_sec_offset
	.byte	3                               @ DW_AT_name
	.byte	14                              @ DW_FORM_strp
	.byte	58                              @ DW_AT_decl_file
	.byte	11                              @ DW_FORM_data1
	.byte	59                              @ DW_AT_decl_line
	.byte	11                              @ DW_FORM_data1
	.byte	73                              @ DW_AT_type
	.byte	19                              @ DW_FORM_ref4
	.byte	0                               @ EOM(1)
	.byte	0                               @ EOM(2)
	.byte	21                              @ Abbreviation Code
	.byte	5                               @ DW_TAG_formal_parameter
	.byte	0                               @ DW_CHILDREN_no
	.byte	2                               @ DW_AT_location
	.byte	24                              @ DW_FORM_exprloc
	.byte	3                               @ DW_AT_name
	.byte	14                              @ DW_FORM_strp
	.byte	58                              @ DW_AT_decl_file
	.byte	11                              @ DW_FORM_data1
	.byte	59                              @ DW_AT_decl_line
	.byte	11                              @ DW_FORM_data1
	.byte	73                              @ DW_AT_type
	.byte	19                              @ DW_FORM_ref4
	.byte	0                               @ EOM(1)
	.byte	0                               @ EOM(2)
	.byte	22                              @ Abbreviation Code
	.byte	52                              @ DW_TAG_variable
	.byte	0                               @ DW_CHILDREN_no
	.byte	2                               @ DW_AT_location
	.byte	24                              @ DW_FORM_exprloc
	.byte	3                               @ DW_AT_name
	.byte	14                              @ DW_FORM_strp
	.byte	58                              @ DW_AT_decl_file
	.byte	11                              @ DW_FORM_data1
	.byte	59                              @ DW_AT_decl_line
	.byte	11                              @ DW_FORM_data1
	.byte	73                              @ DW_AT_type
	.byte	19                              @ DW_FORM_ref4
	.byte	0                               @ EOM(1)
	.byte	0                               @ EOM(2)
	.byte	23                              @ Abbreviation Code
	.byte	52                              @ DW_TAG_variable
	.byte	0                               @ DW_CHILDREN_no
	.byte	2                               @ DW_AT_location
	.byte	23                              @ DW_FORM_sec_offset
	.byte	3                               @ DW_AT_name
	.byte	14                              @ DW_FORM_strp
	.byte	58                              @ DW_AT_decl_file
	.byte	11                              @ DW_FORM_data1
	.byte	59                              @ DW_AT_decl_line
	.byte	11                              @ DW_FORM_data1
	.byte	73                              @ DW_AT_type
	.byte	19                              @ DW_FORM_ref4
	.byte	0                               @ EOM(1)
	.byte	0                               @ EOM(2)
	.byte	24                              @ Abbreviation Code
	.byte	46                              @ DW_TAG_subprogram
	.byte	1                               @ DW_CHILDREN_yes
	.byte	17                              @ DW_AT_low_pc
	.byte	1                               @ DW_FORM_addr
	.byte	18                              @ DW_AT_high_pc
	.byte	6                               @ DW_FORM_data4
	.byte	64                              @ DW_AT_frame_base
	.byte	24                              @ DW_FORM_exprloc
	.ascii	"\227B"                         @ DW_AT_GNU_all_call_sites
	.byte	25                              @ DW_FORM_flag_present
	.byte	49                              @ DW_AT_abstract_origin
	.byte	19                              @ DW_FORM_ref4
	.byte	0                               @ EOM(1)
	.byte	0                               @ EOM(2)
	.byte	25                              @ Abbreviation Code
	.byte	5                               @ DW_TAG_formal_parameter
	.byte	0                               @ DW_CHILDREN_no
	.byte	2                               @ DW_AT_location
	.byte	24                              @ DW_FORM_exprloc
	.byte	49                              @ DW_AT_abstract_origin
	.byte	19                              @ DW_FORM_ref4
	.byte	0                               @ EOM(1)
	.byte	0                               @ EOM(2)
	.byte	26                              @ Abbreviation Code
	.byte	46                              @ DW_TAG_subprogram
	.byte	1                               @ DW_CHILDREN_yes
	.byte	3                               @ DW_AT_name
	.byte	14                              @ DW_FORM_strp
	.byte	58                              @ DW_AT_decl_file
	.byte	11                              @ DW_FORM_data1
	.byte	59                              @ DW_AT_decl_line
	.byte	5                               @ DW_FORM_data2
	.byte	39                              @ DW_AT_prototyped
	.byte	25                              @ DW_FORM_flag_present
	.byte	63                              @ DW_AT_external
	.byte	25                              @ DW_FORM_flag_present
	.byte	32                              @ DW_AT_inline
	.byte	11                              @ DW_FORM_data1
	.byte	0                               @ EOM(1)
	.byte	0                               @ EOM(2)
	.byte	27                              @ Abbreviation Code
	.byte	5                               @ DW_TAG_formal_parameter
	.byte	0                               @ DW_CHILDREN_no
	.byte	3                               @ DW_AT_name
	.byte	14                              @ DW_FORM_strp
	.byte	58                              @ DW_AT_decl_file
	.byte	11                              @ DW_FORM_data1
	.byte	59                              @ DW_AT_decl_line
	.byte	5                               @ DW_FORM_data2
	.byte	73                              @ DW_AT_type
	.byte	19                              @ DW_FORM_ref4
	.byte	0                               @ EOM(1)
	.byte	0                               @ EOM(2)
	.byte	28                              @ Abbreviation Code
	.byte	46                              @ DW_TAG_subprogram
	.byte	1                               @ DW_CHILDREN_yes
	.byte	17                              @ DW_AT_low_pc
	.byte	1                               @ DW_FORM_addr
	.byte	18                              @ DW_AT_high_pc
	.byte	6                               @ DW_FORM_data4
	.byte	64                              @ DW_AT_frame_base
	.byte	24                              @ DW_FORM_exprloc
	.ascii	"\227B"                         @ DW_AT_GNU_all_call_sites
	.byte	25                              @ DW_FORM_flag_present
	.byte	3                               @ DW_AT_name
	.byte	14                              @ DW_FORM_strp
	.byte	58                              @ DW_AT_decl_file
	.byte	11                              @ DW_FORM_data1
	.byte	59                              @ DW_AT_decl_line
	.byte	5                               @ DW_FORM_data2
	.byte	39                              @ DW_AT_prototyped
	.byte	25                              @ DW_FORM_flag_present
	.byte	63                              @ DW_AT_external
	.byte	25                              @ DW_FORM_flag_present
	.byte	0                               @ EOM(1)
	.byte	0                               @ EOM(2)
	.byte	29                              @ Abbreviation Code
	.byte	5                               @ DW_TAG_formal_parameter
	.byte	0                               @ DW_CHILDREN_no
	.byte	2                               @ DW_AT_location
	.byte	24                              @ DW_FORM_exprloc
	.byte	3                               @ DW_AT_name
	.byte	14                              @ DW_FORM_strp
	.byte	58                              @ DW_AT_decl_file
	.byte	11                              @ DW_FORM_data1
	.byte	59                              @ DW_AT_decl_line
	.byte	5                               @ DW_FORM_data2
	.byte	73                              @ DW_AT_type
	.byte	19                              @ DW_FORM_ref4
	.byte	0                               @ EOM(1)
	.byte	0                               @ EOM(2)
	.byte	30                              @ Abbreviation Code
	.byte	29                              @ DW_TAG_inlined_subroutine
	.byte	0                               @ DW_CHILDREN_no
	.byte	49                              @ DW_AT_abstract_origin
	.byte	19                              @ DW_FORM_ref4
	.byte	17                              @ DW_AT_low_pc
	.byte	1                               @ DW_FORM_addr
	.byte	18                              @ DW_AT_high_pc
	.byte	6                               @ DW_FORM_data4
	.byte	88                              @ DW_AT_call_file
	.byte	11                              @ DW_FORM_data1
	.byte	89                              @ DW_AT_call_line
	.byte	5                               @ DW_FORM_data2
	.byte	87                              @ DW_AT_call_column
	.byte	11                              @ DW_FORM_data1
	.byte	0                               @ EOM(1)
	.byte	0                               @ EOM(2)
	.byte	31                              @ Abbreviation Code
	.byte	46                              @ DW_TAG_subprogram
	.byte	0                               @ DW_CHILDREN_no
	.byte	17                              @ DW_AT_low_pc
	.byte	1                               @ DW_FORM_addr
	.byte	18                              @ DW_AT_high_pc
	.byte	6                               @ DW_FORM_data4
	.byte	64                              @ DW_AT_frame_base
	.byte	24                              @ DW_FORM_exprloc
	.ascii	"\227B"                         @ DW_AT_GNU_all_call_sites
	.byte	25                              @ DW_FORM_flag_present
	.byte	49                              @ DW_AT_abstract_origin
	.byte	19                              @ DW_FORM_ref4
	.byte	0                               @ EOM(1)
	.byte	0                               @ EOM(2)
	.byte	32                              @ Abbreviation Code
	.byte	46                              @ DW_TAG_subprogram
	.byte	0                               @ DW_CHILDREN_no
	.byte	17                              @ DW_AT_low_pc
	.byte	1                               @ DW_FORM_addr
	.byte	18                              @ DW_AT_high_pc
	.byte	6                               @ DW_FORM_data4
	.byte	64                              @ DW_AT_frame_base
	.byte	24                              @ DW_FORM_exprloc
	.ascii	"\227B"                         @ DW_AT_GNU_all_call_sites
	.byte	25                              @ DW_FORM_flag_present
	.byte	3                               @ DW_AT_name
	.byte	14                              @ DW_FORM_strp
	.byte	58                              @ DW_AT_decl_file
	.byte	11                              @ DW_FORM_data1
	.byte	59                              @ DW_AT_decl_line
	.byte	5                               @ DW_FORM_data2
	.byte	39                              @ DW_AT_prototyped
	.byte	25                              @ DW_FORM_flag_present
	.byte	73                              @ DW_AT_type
	.byte	19                              @ DW_FORM_ref4
	.byte	63                              @ DW_AT_external
	.byte	25                              @ DW_FORM_flag_present
	.byte	0                               @ EOM(1)
	.byte	0                               @ EOM(2)
	.byte	33                              @ Abbreviation Code
	.byte	5                               @ DW_TAG_formal_parameter
	.byte	0                               @ DW_CHILDREN_no
	.byte	2                               @ DW_AT_location
	.byte	23                              @ DW_FORM_sec_offset
	.byte	3                               @ DW_AT_name
	.byte	14                              @ DW_FORM_strp
	.byte	58                              @ DW_AT_decl_file
	.byte	11                              @ DW_FORM_data1
	.byte	59                              @ DW_AT_decl_line
	.byte	5                               @ DW_FORM_data2
	.byte	73                              @ DW_AT_type
	.byte	19                              @ DW_FORM_ref4
	.byte	0                               @ EOM(1)
	.byte	0                               @ EOM(2)
	.byte	34                              @ Abbreviation Code
	.byte	46                              @ DW_TAG_subprogram
	.byte	1                               @ DW_CHILDREN_yes
	.byte	17                              @ DW_AT_low_pc
	.byte	1                               @ DW_FORM_addr
	.byte	18                              @ DW_AT_high_pc
	.byte	6                               @ DW_FORM_data4
	.byte	64                              @ DW_AT_frame_base
	.byte	24                              @ DW_FORM_exprloc
	.ascii	"\227B"                         @ DW_AT_GNU_all_call_sites
	.byte	25                              @ DW_FORM_flag_present
	.byte	3                               @ DW_AT_name
	.byte	14                              @ DW_FORM_strp
	.byte	58                              @ DW_AT_decl_file
	.byte	11                              @ DW_FORM_data1
	.byte	59                              @ DW_AT_decl_line
	.byte	5                               @ DW_FORM_data2
	.byte	39                              @ DW_AT_prototyped
	.byte	25                              @ DW_FORM_flag_present
	.byte	73                              @ DW_AT_type
	.byte	19                              @ DW_FORM_ref4
	.byte	63                              @ DW_AT_external
	.byte	25                              @ DW_FORM_flag_present
	.byte	0                               @ EOM(1)
	.byte	0                               @ EOM(2)
	.byte	35                              @ Abbreviation Code
	.byte	46                              @ DW_TAG_subprogram
	.byte	0                               @ DW_CHILDREN_no
	.byte	3                               @ DW_AT_name
	.byte	14                              @ DW_FORM_strp
	.byte	58                              @ DW_AT_decl_file
	.byte	11                              @ DW_FORM_data1
	.byte	59                              @ DW_AT_decl_line
	.byte	5                               @ DW_FORM_data2
	.byte	39                              @ DW_AT_prototyped
	.byte	25                              @ DW_FORM_flag_present
	.byte	73                              @ DW_AT_type
	.byte	19                              @ DW_FORM_ref4
	.byte	63                              @ DW_AT_external
	.byte	25                              @ DW_FORM_flag_present
	.byte	32                              @ DW_AT_inline
	.byte	11                              @ DW_FORM_data1
	.byte	0                               @ EOM(1)
	.byte	0                               @ EOM(2)
	.byte	0                               @ EOM(3)
	.section	.debug_info,"",%progbits
.Lcu_begin0:
	.long	.Ldebug_info_end0-.Ldebug_info_start0 @ Length of Unit
.Ldebug_info_start0:
	.short	4                               @ DWARF version number
	.long	.debug_abbrev                   @ Offset Into Abbrev. Section
	.byte	4                               @ Address Size (in bytes)
	.byte	1                               @ Abbrev [1] 0xb:0x429 DW_TAG_compile_unit
	.long	.Linfo_string0                  @ DW_AT_producer
	.short	12                              @ DW_AT_language
	.long	.Linfo_string1                  @ DW_AT_name
	.long	.Lline_table_start0             @ DW_AT_stmt_list
	.long	.Linfo_string2                  @ DW_AT_comp_dir
	.long	0                               @ DW_AT_low_pc
	.long	.Ldebug_ranges0                 @ DW_AT_ranges
	.byte	2                               @ Abbrev [2] 0x26:0x7 DW_TAG_variable
	.long	45                              @ DW_AT_type
	.byte	1                               @ DW_AT_decl_file
	.byte	244                             @ DW_AT_decl_line
	.byte	3                               @ Abbrev [3] 0x2d:0xc DW_TAG_array_type
	.long	57                              @ DW_AT_type
	.byte	4                               @ Abbrev [4] 0x32:0x6 DW_TAG_subrange_type
	.long	64                              @ DW_AT_type
	.byte	15                              @ DW_AT_count
	.byte	0                               @ End Of Children Mark
	.byte	5                               @ Abbrev [5] 0x39:0x7 DW_TAG_base_type
	.long	.Linfo_string3                  @ DW_AT_name
	.byte	8                               @ DW_AT_encoding
	.byte	1                               @ DW_AT_byte_size
	.byte	6                               @ Abbrev [6] 0x40:0x7 DW_TAG_base_type
	.long	.Linfo_string4                  @ DW_AT_name
	.byte	8                               @ DW_AT_byte_size
	.byte	7                               @ DW_AT_encoding
	.byte	7                               @ Abbrev [7] 0x47:0x11 DW_TAG_variable
	.long	.Linfo_string5                  @ DW_AT_name
	.long	88                              @ DW_AT_type
                                        @ DW_AT_external
	.byte	1                               @ DW_AT_decl_file
	.byte	56                              @ DW_AT_decl_line
	.byte	5                               @ DW_AT_location
	.byte	3
	.long	__stdout
	.byte	8                               @ Abbrev [8] 0x58:0xb DW_TAG_typedef
	.long	99                              @ DW_AT_type
	.long	.Linfo_string11                 @ DW_AT_name
	.byte	2                               @ DW_AT_decl_file
	.byte	108                             @ DW_AT_decl_line
	.byte	9                               @ Abbrev [9] 0x63:0x32 DW_TAG_structure_type
	.long	.Linfo_string10                 @ DW_AT_name
	.byte	84                              @ DW_AT_byte_size
	.byte	2                               @ DW_AT_decl_file
	.byte	119                             @ DW_AT_decl_line
	.byte	10                              @ Abbrev [10] 0x6b:0xc DW_TAG_member
	.long	.Linfo_string6                  @ DW_AT_name
	.long	119                             @ DW_AT_type
	.byte	2                               @ DW_AT_decl_file
	.byte	127                             @ DW_AT_decl_line
	.byte	0                               @ DW_AT_data_member_location
	.byte	11                              @ Abbrev [11] 0x77:0x1d DW_TAG_union_type
	.byte	84                              @ DW_AT_byte_size
	.byte	2                               @ DW_AT_decl_file
	.byte	120                             @ DW_AT_decl_line
	.byte	10                              @ Abbrev [10] 0x7b:0xc DW_TAG_member
	.long	.Linfo_string7                  @ DW_AT_name
	.long	149                             @ DW_AT_type
	.byte	2                               @ DW_AT_decl_file
	.byte	121                             @ DW_AT_decl_line
	.byte	0                               @ DW_AT_data_member_location
	.byte	10                              @ Abbrev [10] 0x87:0xc DW_TAG_member
	.long	.Linfo_string9                  @ DW_AT_name
	.long	156                             @ DW_AT_type
	.byte	2                               @ DW_AT_decl_file
	.byte	125                             @ DW_AT_decl_line
	.byte	0                               @ DW_AT_data_member_location
	.byte	0                               @ End Of Children Mark
	.byte	0                               @ End Of Children Mark
	.byte	5                               @ Abbrev [5] 0x95:0x7 DW_TAG_base_type
	.long	.Linfo_string8                  @ DW_AT_name
	.byte	5                               @ DW_AT_encoding
	.byte	4                               @ DW_AT_byte_size
	.byte	3                               @ Abbrev [3] 0x9c:0xc DW_TAG_array_type
	.long	57                              @ DW_AT_type
	.byte	4                               @ Abbrev [4] 0xa1:0x6 DW_TAG_subrange_type
	.long	64                              @ DW_AT_type
	.byte	84                              @ DW_AT_count
	.byte	0                               @ End Of Children Mark
	.byte	7                               @ Abbrev [7] 0xa8:0x11 DW_TAG_variable
	.long	.Linfo_string12                 @ DW_AT_name
	.long	88                              @ DW_AT_type
                                        @ DW_AT_external
	.byte	1                               @ DW_AT_decl_file
	.byte	57                              @ DW_AT_decl_line
	.byte	5                               @ DW_AT_location
	.byte	3
	.long	__stdin
	.byte	12                              @ Abbrev [12] 0xb9:0x11 DW_TAG_variable
	.long	.Linfo_string13                 @ DW_AT_name
	.long	202                             @ DW_AT_type
	.byte	1                               @ DW_AT_decl_file
	.byte	92                              @ DW_AT_decl_line
	.byte	5                               @ DW_AT_location
	.byte	3
	.long	g_ICE_Conneced
	.byte	13                              @ Abbrev [13] 0xca:0x5 DW_TAG_volatile_type
	.long	207                             @ DW_AT_type
	.byte	8                               @ Abbrev [8] 0xcf:0xb DW_TAG_typedef
	.long	218                             @ DW_AT_type
	.long	.Linfo_string15                 @ DW_AT_name
	.byte	3                               @ DW_AT_decl_file
	.byte	58                              @ DW_AT_decl_line
	.byte	5                               @ Abbrev [5] 0xda:0x7 DW_TAG_base_type
	.long	.Linfo_string14                 @ DW_AT_name
	.byte	5                               @ DW_AT_encoding
	.byte	4                               @ DW_AT_byte_size
	.byte	14                              @ Abbrev [14] 0xe1:0x5 DW_TAG_pointer_type
	.long	230                             @ DW_AT_type
	.byte	8                               @ Abbrev [8] 0xe6:0xb DW_TAG_typedef
	.long	241                             @ DW_AT_type
	.long	.Linfo_string17                 @ DW_AT_name
	.byte	3                               @ DW_AT_decl_file
	.byte	64                              @ DW_AT_decl_line
	.byte	5                               @ Abbrev [5] 0xf1:0x7 DW_TAG_base_type
	.long	.Linfo_string16                 @ DW_AT_name
	.byte	7                               @ DW_AT_encoding
	.byte	4                               @ DW_AT_byte_size
	.byte	14                              @ Abbrev [14] 0xf8:0x5 DW_TAG_pointer_type
	.long	253                             @ DW_AT_type
	.byte	15                              @ Abbrev [15] 0xfd:0xc DW_TAG_typedef
	.long	265                             @ DW_AT_type
	.long	.Linfo_string19                 @ DW_AT_name
	.byte	4                               @ DW_AT_decl_file
	.short	357                             @ DW_AT_decl_line
	.byte	13                              @ Abbrev [13] 0x109:0x5 DW_TAG_volatile_type
	.long	270                             @ DW_AT_type
	.byte	5                               @ Abbrev [5] 0x10e:0x7 DW_TAG_base_type
	.long	.Linfo_string18                 @ DW_AT_name
	.byte	7                               @ DW_AT_encoding
	.byte	2                               @ DW_AT_byte_size
	.byte	14                              @ Abbrev [14] 0x115:0x5 DW_TAG_pointer_type
	.long	282                             @ DW_AT_type
	.byte	15                              @ Abbrev [15] 0x11a:0xc DW_TAG_typedef
	.long	294                             @ DW_AT_type
	.long	.Linfo_string38                 @ DW_AT_name
	.byte	5                               @ DW_AT_decl_file
	.short	721                             @ DW_AT_decl_line
	.byte	16                              @ Abbrev [16] 0x126:0xef DW_TAG_structure_type
	.byte	76                              @ DW_AT_byte_size
	.byte	5                               @ DW_AT_decl_file
	.byte	26                              @ DW_AT_decl_line
	.byte	17                              @ Abbrev [17] 0x12a:0xd DW_TAG_member
	.long	.Linfo_string20                 @ DW_AT_name
	.long	533                             @ DW_AT_type
	.byte	5                               @ DW_AT_decl_file
	.short	702                             @ DW_AT_decl_line
	.byte	0                               @ DW_AT_data_member_location
	.byte	17                              @ Abbrev [17] 0x137:0xd DW_TAG_member
	.long	.Linfo_string21                 @ DW_AT_name
	.long	533                             @ DW_AT_type
	.byte	5                               @ DW_AT_decl_file
	.short	703                             @ DW_AT_decl_line
	.byte	4                               @ DW_AT_data_member_location
	.byte	17                              @ Abbrev [17] 0x144:0xd DW_TAG_member
	.long	.Linfo_string22                 @ DW_AT_name
	.long	533                             @ DW_AT_type
	.byte	5                               @ DW_AT_decl_file
	.short	704                             @ DW_AT_decl_line
	.byte	8                               @ DW_AT_data_member_location
	.byte	17                              @ Abbrev [17] 0x151:0xd DW_TAG_member
	.long	.Linfo_string23                 @ DW_AT_name
	.long	533                             @ DW_AT_type
	.byte	5                               @ DW_AT_decl_file
	.short	705                             @ DW_AT_decl_line
	.byte	12                              @ DW_AT_data_member_location
	.byte	17                              @ Abbrev [17] 0x15e:0xd DW_TAG_member
	.long	.Linfo_string24                 @ DW_AT_name
	.long	533                             @ DW_AT_type
	.byte	5                               @ DW_AT_decl_file
	.short	706                             @ DW_AT_decl_line
	.byte	16                              @ DW_AT_data_member_location
	.byte	17                              @ Abbrev [17] 0x16b:0xd DW_TAG_member
	.long	.Linfo_string25                 @ DW_AT_name
	.long	533                             @ DW_AT_type
	.byte	5                               @ DW_AT_decl_file
	.short	707                             @ DW_AT_decl_line
	.byte	20                              @ DW_AT_data_member_location
	.byte	17                              @ Abbrev [17] 0x178:0xd DW_TAG_member
	.long	.Linfo_string26                 @ DW_AT_name
	.long	533                             @ DW_AT_type
	.byte	5                               @ DW_AT_decl_file
	.short	708                             @ DW_AT_decl_line
	.byte	24                              @ DW_AT_data_member_location
	.byte	17                              @ Abbrev [17] 0x185:0xd DW_TAG_member
	.long	.Linfo_string27                 @ DW_AT_name
	.long	533                             @ DW_AT_type
	.byte	5                               @ DW_AT_decl_file
	.short	709                             @ DW_AT_decl_line
	.byte	28                              @ DW_AT_data_member_location
	.byte	17                              @ Abbrev [17] 0x192:0xd DW_TAG_member
	.long	.Linfo_string28                 @ DW_AT_name
	.long	533                             @ DW_AT_type
	.byte	5                               @ DW_AT_decl_file
	.short	710                             @ DW_AT_decl_line
	.byte	32                              @ DW_AT_data_member_location
	.byte	17                              @ Abbrev [17] 0x19f:0xd DW_TAG_member
	.long	.Linfo_string29                 @ DW_AT_name
	.long	533                             @ DW_AT_type
	.byte	5                               @ DW_AT_decl_file
	.short	711                             @ DW_AT_decl_line
	.byte	36                              @ DW_AT_data_member_location
	.byte	17                              @ Abbrev [17] 0x1ac:0xd DW_TAG_member
	.long	.Linfo_string30                 @ DW_AT_name
	.long	533                             @ DW_AT_type
	.byte	5                               @ DW_AT_decl_file
	.short	712                             @ DW_AT_decl_line
	.byte	40                              @ DW_AT_data_member_location
	.byte	17                              @ Abbrev [17] 0x1b9:0xd DW_TAG_member
	.long	.Linfo_string31                 @ DW_AT_name
	.long	533                             @ DW_AT_type
	.byte	5                               @ DW_AT_decl_file
	.short	713                             @ DW_AT_decl_line
	.byte	44                              @ DW_AT_data_member_location
	.byte	17                              @ Abbrev [17] 0x1c6:0xd DW_TAG_member
	.long	.Linfo_string32                 @ DW_AT_name
	.long	533                             @ DW_AT_type
	.byte	5                               @ DW_AT_decl_file
	.short	714                             @ DW_AT_decl_line
	.byte	48                              @ DW_AT_data_member_location
	.byte	17                              @ Abbrev [17] 0x1d3:0xd DW_TAG_member
	.long	.Linfo_string33                 @ DW_AT_name
	.long	538                             @ DW_AT_type
	.byte	5                               @ DW_AT_decl_file
	.short	715                             @ DW_AT_decl_line
	.byte	52                              @ DW_AT_data_member_location
	.byte	17                              @ Abbrev [17] 0x1e0:0xd DW_TAG_member
	.long	.Linfo_string34                 @ DW_AT_name
	.long	533                             @ DW_AT_type
	.byte	5                               @ DW_AT_decl_file
	.short	716                             @ DW_AT_decl_line
	.byte	60                              @ DW_AT_data_member_location
	.byte	17                              @ Abbrev [17] 0x1ed:0xd DW_TAG_member
	.long	.Linfo_string35                 @ DW_AT_name
	.long	533                             @ DW_AT_type
	.byte	5                               @ DW_AT_decl_file
	.short	717                             @ DW_AT_decl_line
	.byte	64                              @ DW_AT_data_member_location
	.byte	17                              @ Abbrev [17] 0x1fa:0xd DW_TAG_member
	.long	.Linfo_string36                 @ DW_AT_name
	.long	533                             @ DW_AT_type
	.byte	5                               @ DW_AT_decl_file
	.short	718                             @ DW_AT_decl_line
	.byte	68                              @ DW_AT_data_member_location
	.byte	17                              @ Abbrev [17] 0x207:0xd DW_TAG_member
	.long	.Linfo_string37                 @ DW_AT_name
	.long	533                             @ DW_AT_type
	.byte	5                               @ DW_AT_decl_file
	.short	719                             @ DW_AT_decl_line
	.byte	72                              @ DW_AT_data_member_location
	.byte	0                               @ End Of Children Mark
	.byte	13                              @ Abbrev [13] 0x215:0x5 DW_TAG_volatile_type
	.long	230                             @ DW_AT_type
	.byte	3                               @ Abbrev [3] 0x21a:0xc DW_TAG_array_type
	.long	550                             @ DW_AT_type
	.byte	4                               @ Abbrev [4] 0x21f:0x6 DW_TAG_subrange_type
	.long	64                              @ DW_AT_type
	.byte	2                               @ DW_AT_count
	.byte	0                               @ End Of Children Mark
	.byte	18                              @ Abbrev [18] 0x226:0x5 DW_TAG_const_type
	.long	533                             @ DW_AT_type
	.byte	19                              @ Abbrev [19] 0x22b:0x3f DW_TAG_subprogram
	.long	.Lfunc_begin0                   @ DW_AT_low_pc
	.long	.Lfunc_end0-.Lfunc_begin0       @ DW_AT_high_pc
	.byte	1                               @ DW_AT_frame_base
	.byte	93
                                        @ DW_AT_GNU_all_call_sites
	.long	.Linfo_string42                 @ DW_AT_name
	.byte	1                               @ DW_AT_decl_file
	.byte	178                             @ DW_AT_decl_line
                                        @ DW_AT_prototyped
	.long	207                             @ DW_AT_type
                                        @ DW_AT_external
	.byte	20                              @ Abbrev [20] 0x240:0xf DW_TAG_formal_parameter
	.long	.Ldebug_loc0                    @ DW_AT_location
	.long	.Linfo_string51                 @ DW_AT_name
	.byte	1                               @ DW_AT_decl_file
	.byte	178                             @ DW_AT_decl_line
	.long	207                             @ DW_AT_type
	.byte	21                              @ Abbrev [21] 0x24f:0xd DW_TAG_formal_parameter
	.byte	1                               @ DW_AT_location
	.byte	81
	.long	.Linfo_string52                 @ DW_AT_name
	.byte	1                               @ DW_AT_decl_file
	.byte	178                             @ DW_AT_decl_line
	.long	207                             @ DW_AT_type
	.byte	21                              @ Abbrev [21] 0x25c:0xd DW_TAG_formal_parameter
	.byte	1                               @ DW_AT_location
	.byte	82
	.long	.Linfo_string53                 @ DW_AT_name
	.byte	1                               @ DW_AT_decl_file
	.byte	178                             @ DW_AT_decl_line
	.long	1065                            @ DW_AT_type
	.byte	0                               @ End Of Children Mark
	.byte	19                              @ Abbrev [19] 0x26a:0x5f DW_TAG_subprogram
	.long	.Lfunc_begin1                   @ DW_AT_low_pc
	.long	.Lfunc_end1-.Lfunc_begin1       @ DW_AT_high_pc
	.byte	1                               @ DW_AT_frame_base
	.byte	93
                                        @ DW_AT_GNU_all_call_sites
	.long	.Linfo_string43                 @ DW_AT_name
	.byte	1                               @ DW_AT_decl_file
	.byte	192                             @ DW_AT_decl_line
                                        @ DW_AT_prototyped
	.long	230                             @ DW_AT_type
                                        @ DW_AT_external
	.byte	20                              @ Abbrev [20] 0x27f:0xf DW_TAG_formal_parameter
	.long	.Ldebug_loc1                    @ DW_AT_location
	.long	.Linfo_string54                 @ DW_AT_name
	.byte	1                               @ DW_AT_decl_file
	.byte	192                             @ DW_AT_decl_line
	.long	230                             @ DW_AT_type
	.byte	20                              @ Abbrev [20] 0x28e:0xf DW_TAG_formal_parameter
	.long	.Ldebug_loc2                    @ DW_AT_location
	.long	.Linfo_string55                 @ DW_AT_name
	.byte	1                               @ DW_AT_decl_file
	.byte	192                             @ DW_AT_decl_line
	.long	230                             @ DW_AT_type
	.byte	20                              @ Abbrev [20] 0x29d:0xf DW_TAG_formal_parameter
	.long	.Ldebug_loc3                    @ DW_AT_location
	.long	.Linfo_string56                 @ DW_AT_name
	.byte	1                               @ DW_AT_decl_file
	.byte	192                             @ DW_AT_decl_line
	.long	230                             @ DW_AT_type
	.byte	22                              @ Abbrev [22] 0x2ac:0xd DW_TAG_variable
	.byte	1                               @ DW_AT_location
	.byte	81
	.long	.Linfo_string57                 @ DW_AT_name
	.byte	1                               @ DW_AT_decl_file
	.byte	194                             @ DW_AT_decl_line
	.long	225                             @ DW_AT_type
	.byte	23                              @ Abbrev [23] 0x2b9:0xf DW_TAG_variable
	.long	.Ldebug_loc4                    @ DW_AT_location
	.long	.Linfo_string58                 @ DW_AT_name
	.byte	1                               @ DW_AT_decl_file
	.byte	195                             @ DW_AT_decl_line
	.long	230                             @ DW_AT_type
	.byte	0                               @ End Of Children Mark
	.byte	24                              @ Abbrev [24] 0x2c9:0x17 DW_TAG_subprogram
	.long	.Lfunc_begin2                   @ DW_AT_low_pc
	.long	.Lfunc_end2-.Lfunc_begin2       @ DW_AT_high_pc
	.byte	1                               @ DW_AT_frame_base
	.byte	93
                                        @ DW_AT_GNU_all_call_sites
	.long	736                             @ DW_AT_abstract_origin
	.byte	25                              @ Abbrev [25] 0x2d8:0x7 DW_TAG_formal_parameter
	.byte	1                               @ DW_AT_location
	.byte	80
	.long	745                             @ DW_AT_abstract_origin
	.byte	0                               @ End Of Children Mark
	.byte	26                              @ Abbrev [26] 0x2e0:0x16 DW_TAG_subprogram
	.long	.Linfo_string39                 @ DW_AT_name
	.byte	1                               @ DW_AT_decl_file
	.short	264                             @ DW_AT_decl_line
                                        @ DW_AT_prototyped
                                        @ DW_AT_external
	.byte	1                               @ DW_AT_inline
	.byte	27                              @ Abbrev [27] 0x2e9:0xc DW_TAG_formal_parameter
	.long	.Linfo_string40                 @ DW_AT_name
	.byte	1                               @ DW_AT_decl_file
	.short	264                             @ DW_AT_decl_line
	.long	218                             @ DW_AT_type
	.byte	0                               @ End Of Children Mark
	.byte	28                              @ Abbrev [28] 0x2f6:0x32 DW_TAG_subprogram
	.long	.Lfunc_begin3                   @ DW_AT_low_pc
	.long	.Lfunc_end3-.Lfunc_begin3       @ DW_AT_high_pc
	.byte	1                               @ DW_AT_frame_base
	.byte	93
                                        @ DW_AT_GNU_all_call_sites
	.long	.Linfo_string44                 @ DW_AT_name
	.byte	1                               @ DW_AT_decl_file
	.short	355                             @ DW_AT_decl_line
                                        @ DW_AT_prototyped
                                        @ DW_AT_external
	.byte	29                              @ Abbrev [29] 0x308:0xe DW_TAG_formal_parameter
	.byte	1                               @ DW_AT_location
	.byte	80
	.long	.Linfo_string40                 @ DW_AT_name
	.byte	1                               @ DW_AT_decl_file
	.short	355                             @ DW_AT_decl_line
	.long	218                             @ DW_AT_type
	.byte	30                              @ Abbrev [30] 0x316:0x11 DW_TAG_inlined_subroutine
	.long	736                             @ DW_AT_abstract_origin
	.long	.Ltmp26                         @ DW_AT_low_pc
	.long	.Ltmp38-.Ltmp26                 @ DW_AT_high_pc
	.byte	1                               @ DW_AT_call_file
	.short	388                             @ DW_AT_call_line
	.byte	5                               @ DW_AT_call_column
	.byte	0                               @ End Of Children Mark
	.byte	31                              @ Abbrev [31] 0x328:0xf DW_TAG_subprogram
	.long	.Lfunc_begin4                   @ DW_AT_low_pc
	.long	.Lfunc_end4-.Lfunc_begin4       @ DW_AT_high_pc
	.byte	1                               @ DW_AT_frame_base
	.byte	93
                                        @ DW_AT_GNU_all_call_sites
	.long	957                             @ DW_AT_abstract_origin
	.byte	32                              @ Abbrev [32] 0x337:0x16 DW_TAG_subprogram
	.long	.Lfunc_begin5                   @ DW_AT_low_pc
	.long	.Lfunc_end5-.Lfunc_begin5       @ DW_AT_high_pc
	.byte	1                               @ DW_AT_frame_base
	.byte	93
                                        @ DW_AT_GNU_all_call_sites
	.long	.Linfo_string45                 @ DW_AT_name
	.byte	1                               @ DW_AT_decl_file
	.short	475                             @ DW_AT_decl_line
                                        @ DW_AT_prototyped
	.long	218                             @ DW_AT_type
                                        @ DW_AT_external
	.byte	32                              @ Abbrev [32] 0x34d:0x16 DW_TAG_subprogram
	.long	.Lfunc_begin6                   @ DW_AT_low_pc
	.long	.Lfunc_end6-.Lfunc_begin6       @ DW_AT_high_pc
	.byte	1                               @ DW_AT_frame_base
	.byte	93
                                        @ DW_AT_GNU_all_call_sites
	.long	.Linfo_string46                 @ DW_AT_name
	.byte	1                               @ DW_AT_decl_file
	.short	491                             @ DW_AT_decl_line
                                        @ DW_AT_prototyped
	.long	218                             @ DW_AT_type
                                        @ DW_AT_external
	.byte	28                              @ Abbrev [28] 0x363:0x23 DW_TAG_subprogram
	.long	.Lfunc_begin7                   @ DW_AT_low_pc
	.long	.Lfunc_end7-.Lfunc_begin7       @ DW_AT_high_pc
	.byte	1                               @ DW_AT_frame_base
	.byte	93
                                        @ DW_AT_GNU_all_call_sites
	.long	.Linfo_string47                 @ DW_AT_name
	.byte	1                               @ DW_AT_decl_file
	.short	506                             @ DW_AT_decl_line
                                        @ DW_AT_prototyped
                                        @ DW_AT_external
	.byte	33                              @ Abbrev [33] 0x375:0x10 DW_TAG_formal_parameter
	.long	.Ldebug_loc5                    @ DW_AT_location
	.long	.Linfo_string40                 @ DW_AT_name
	.byte	1                               @ DW_AT_decl_file
	.short	506                             @ DW_AT_decl_line
	.long	218                             @ DW_AT_type
	.byte	0                               @ End Of Children Mark
	.byte	34                              @ Abbrev [34] 0x386:0x37 DW_TAG_subprogram
	.long	.Lfunc_begin8                   @ DW_AT_low_pc
	.long	.Lfunc_end8-.Lfunc_begin8       @ DW_AT_high_pc
	.byte	1                               @ DW_AT_frame_base
	.byte	93
                                        @ DW_AT_GNU_all_call_sites
	.long	.Linfo_string48                 @ DW_AT_name
	.byte	1                               @ DW_AT_decl_file
	.short	530                             @ DW_AT_decl_line
                                        @ DW_AT_prototyped
	.long	218                             @ DW_AT_type
                                        @ DW_AT_external
	.byte	33                              @ Abbrev [33] 0x39c:0x10 DW_TAG_formal_parameter
	.long	.Ldebug_loc6                    @ DW_AT_location
	.long	.Linfo_string40                 @ DW_AT_name
	.byte	1                               @ DW_AT_decl_file
	.short	530                             @ DW_AT_decl_line
	.long	218                             @ DW_AT_type
	.byte	33                              @ Abbrev [33] 0x3ac:0x10 DW_TAG_formal_parameter
	.long	.Ldebug_loc7                    @ DW_AT_location
	.long	.Linfo_string59                 @ DW_AT_name
	.byte	1                               @ DW_AT_decl_file
	.short	530                             @ DW_AT_decl_line
	.long	1070                            @ DW_AT_type
	.byte	0                               @ End Of Children Mark
	.byte	35                              @ Abbrev [35] 0x3bd:0xd DW_TAG_subprogram
	.long	.Linfo_string41                 @ DW_AT_name
	.byte	1                               @ DW_AT_decl_file
	.short	402                             @ DW_AT_decl_line
                                        @ DW_AT_prototyped
	.long	57                              @ DW_AT_type
                                        @ DW_AT_external
	.byte	1                               @ DW_AT_inline
	.byte	34                              @ Abbrev [34] 0x3ca:0x38 DW_TAG_subprogram
	.long	.Lfunc_begin9                   @ DW_AT_low_pc
	.long	.Lfunc_end9-.Lfunc_begin9       @ DW_AT_high_pc
	.byte	1                               @ DW_AT_frame_base
	.byte	93
                                        @ DW_AT_GNU_all_call_sites
	.long	.Linfo_string49                 @ DW_AT_name
	.byte	1                               @ DW_AT_decl_file
	.short	586                             @ DW_AT_decl_line
                                        @ DW_AT_prototyped
	.long	218                             @ DW_AT_type
                                        @ DW_AT_external
	.byte	33                              @ Abbrev [33] 0x3e0:0x10 DW_TAG_formal_parameter
	.long	.Ldebug_loc8                    @ DW_AT_location
	.long	.Linfo_string59                 @ DW_AT_name
	.byte	1                               @ DW_AT_decl_file
	.short	586                             @ DW_AT_decl_line
	.long	1070                            @ DW_AT_type
	.byte	30                              @ Abbrev [30] 0x3f0:0x11 DW_TAG_inlined_subroutine
	.long	957                             @ DW_AT_abstract_origin
	.long	.Ltmp62                         @ DW_AT_low_pc
	.long	.Ltmp71-.Ltmp62                 @ DW_AT_high_pc
	.byte	1                               @ DW_AT_call_file
	.short	588                             @ DW_AT_call_line
	.byte	18                              @ DW_AT_call_column
	.byte	0                               @ End Of Children Mark
	.byte	34                              @ Abbrev [34] 0x402:0x27 DW_TAG_subprogram
	.long	.Lfunc_begin10                  @ DW_AT_low_pc
	.long	.Lfunc_end10-.Lfunc_begin10     @ DW_AT_high_pc
	.byte	1                               @ DW_AT_frame_base
	.byte	93
                                        @ DW_AT_GNU_all_call_sites
	.long	.Linfo_string50                 @ DW_AT_name
	.byte	1                               @ DW_AT_decl_file
	.short	606                             @ DW_AT_decl_line
                                        @ DW_AT_prototyped
	.long	218                             @ DW_AT_type
                                        @ DW_AT_external
	.byte	33                              @ Abbrev [33] 0x418:0x10 DW_TAG_formal_parameter
	.long	.Ldebug_loc9                    @ DW_AT_location
	.long	.Linfo_string59                 @ DW_AT_name
	.byte	1                               @ DW_AT_decl_file
	.short	606                             @ DW_AT_decl_line
	.long	1070                            @ DW_AT_type
	.byte	0                               @ End Of Children Mark
	.byte	14                              @ Abbrev [14] 0x429:0x5 DW_TAG_pointer_type
	.long	207                             @ DW_AT_type
	.byte	14                              @ Abbrev [14] 0x42e:0x5 DW_TAG_pointer_type
	.long	88                              @ DW_AT_type
	.byte	0                               @ End Of Children Mark
.Ldebug_info_end0:
	.section	.debug_ranges,"",%progbits
.Ldebug_ranges0:
	.long	.Lfunc_begin0
	.long	.Lfunc_end0
	.long	.Lfunc_begin1
	.long	.Lfunc_end1
	.long	.Lfunc_begin2
	.long	.Lfunc_end2
	.long	.Lfunc_begin3
	.long	.Lfunc_end3
	.long	.Lfunc_begin4
	.long	.Lfunc_end4
	.long	.Lfunc_begin5
	.long	.Lfunc_end5
	.long	.Lfunc_begin6
	.long	.Lfunc_end6
	.long	.Lfunc_begin7
	.long	.Lfunc_end7
	.long	.Lfunc_begin8
	.long	.Lfunc_end8
	.long	.Lfunc_begin9
	.long	.Lfunc_end9
	.long	.Lfunc_begin10
	.long	.Lfunc_end10
	.long	0
	.long	0
	.section	.debug_str,"MS",%progbits,1
.Linfo_string0:
	.asciz	"Component: Arm Compiler for Embedded 6.22 Tool: armclang [5ee92100]" @ string offset=0
.Linfo_string1:
	.asciz	"../../M031BSP/Library/StdDriver/src\\retarget.c" @ string offset=68
.Linfo_string2:
	.asciz	"C:\\Nuvoton_ws\\M032GK_GPIO_LED_3_BUTON\\Keil" @ string offset=115
.Linfo_string3:
	.asciz	"char"                          @ string offset=158
.Linfo_string4:
	.asciz	"__ARRAY_SIZE_TYPE__"           @ string offset=163
.Linfo_string5:
	.asciz	"__stdout"                      @ string offset=183
.Linfo_string6:
	.asciz	"__FILE_opaque"                 @ string offset=192
.Linfo_string7:
	.asciz	"__FILE_alignment"              @ string offset=206
.Linfo_string8:
	.asciz	"long"                          @ string offset=223
.Linfo_string9:
	.asciz	"__FILE_size"                   @ string offset=228
.Linfo_string10:
	.asciz	"__FILE"                        @ string offset=240
.Linfo_string11:
	.asciz	"FILE"                          @ string offset=247
.Linfo_string12:
	.asciz	"__stdin"                       @ string offset=252
.Linfo_string13:
	.asciz	"g_ICE_Conneced"                @ string offset=260
.Linfo_string14:
	.asciz	"int"                           @ string offset=275
.Linfo_string15:
	.asciz	"int32_t"                       @ string offset=279
.Linfo_string16:
	.asciz	"unsigned int"                  @ string offset=287
.Linfo_string17:
	.asciz	"uint32_t"                      @ string offset=300
.Linfo_string18:
	.asciz	"unsigned short"                @ string offset=309
.Linfo_string19:
	.asciz	"vu16"                          @ string offset=324
.Linfo_string20:
	.asciz	"DAT"                           @ string offset=329
.Linfo_string21:
	.asciz	"INTEN"                         @ string offset=333
.Linfo_string22:
	.asciz	"FIFO"                          @ string offset=339
.Linfo_string23:
	.asciz	"LINE"                          @ string offset=344
.Linfo_string24:
	.asciz	"MODEM"                         @ string offset=349
.Linfo_string25:
	.asciz	"MODEMSTS"                      @ string offset=355
.Linfo_string26:
	.asciz	"FIFOSTS"                       @ string offset=364
.Linfo_string27:
	.asciz	"INTSTS"                        @ string offset=372
.Linfo_string28:
	.asciz	"TOUT"                          @ string offset=379
.Linfo_string29:
	.asciz	"BAUD"                          @ string offset=384
.Linfo_string30:
	.asciz	"IRDA"                          @ string offset=389
.Linfo_string31:
	.asciz	"ALTCTL"                        @ string offset=394
.Linfo_string32:
	.asciz	"FUNCSEL"                       @ string offset=401
.Linfo_string33:
	.asciz	"RESERVE0"                      @ string offset=409
.Linfo_string34:
	.asciz	"BRCOMP"                        @ string offset=418
.Linfo_string35:
	.asciz	"WKCTL"                         @ string offset=425
.Linfo_string36:
	.asciz	"WKSTS"                         @ string offset=431
.Linfo_string37:
	.asciz	"DWKCOMP"                       @ string offset=437
.Linfo_string38:
	.asciz	"UART_T"                        @ string offset=445
.Linfo_string39:
	.asciz	"SendChar_ToUART"               @ string offset=452
.Linfo_string40:
	.asciz	"ch"                            @ string offset=468
.Linfo_string41:
	.asciz	"GetChar"                       @ string offset=471
.Linfo_string42:
	.asciz	"SH_Return"                     @ string offset=479
.Linfo_string43:
	.asciz	"ProcessHardFault"              @ string offset=489
.Linfo_string44:
	.asciz	"SendChar"                      @ string offset=506
.Linfo_string45:
	.asciz	"kbhit"                         @ string offset=515
.Linfo_string46:
	.asciz	"IsDebugFifoEmpty"              @ string offset=521
.Linfo_string47:
	.asciz	"_ttywrch"                      @ string offset=538
.Linfo_string48:
	.asciz	"fputc"                         @ string offset=547
.Linfo_string49:
	.asciz	"fgetc"                         @ string offset=553
.Linfo_string50:
	.asciz	"ferror"                        @ string offset=559
.Linfo_string51:
	.asciz	"n32In_R0"                      @ string offset=566
.Linfo_string52:
	.asciz	"n32In_R1"                      @ string offset=575
.Linfo_string53:
	.asciz	"pn32Out_R0"                    @ string offset=584
.Linfo_string54:
	.asciz	"lr"                            @ string offset=595
.Linfo_string55:
	.asciz	"msp"                           @ string offset=598
.Linfo_string56:
	.asciz	"psp"                           @ string offset=602
.Linfo_string57:
	.asciz	"sp"                            @ string offset=606
.Linfo_string58:
	.asciz	"inst"                          @ string offset=609
.Linfo_string59:
	.asciz	"stream"                        @ string offset=614
	.ident	"Component: Arm Compiler for Embedded 6.22 Tool: armclang [5ee92100]"
	.section	".note.GNU-stack","",%progbits
	.eabi_attribute	30, 1	@ Tag_ABI_optimization_goals
	.ARM_attribute	16, 1	@ Tag_AV_eba
	.section	.debug_line,"",%progbits
.Lline_table_start0:
