	.text
	.syntax unified
	.eabi_attribute	67, "2.09"	@ Tag_conformance
	.cpu	cortex-m0
	.eabi_attribute	6, 12	@ Tag_CPU_arch
	.eabi_attribute	7, 77	@ Tag_CPU_arch_profile
	.eabi_attribute	8, 0	@ Tag_ARM_ISA_use
	.eabi_attribute	9, 1	@ Tag_THUMB_ISA_use
	.eabi_attribute	34, 0	@ Tag_CPU_unaligned_access
	.eabi_attribute	17, 1	@ Tag_ABI_PCS_GOT_use
	.eabi_attribute	20, 2	@ Tag_ABI_FP_denormal
	.eabi_attribute	21, 0	@ Tag_ABI_FP_exceptions
	.eabi_attribute	23, 1	@ Tag_ABI_FP_number_model
	.eabi_attribute	24, 1	@ Tag_ABI_align_needed
	.eabi_attribute	25, 1	@ Tag_ABI_align_preserved
	.eabi_attribute	38, 1	@ Tag_ABI_FP_16bit_format
	.eabi_attribute	18, 2	@ Tag_ABI_PCS_wchar_t
	.eabi_attribute	26, 1	@ Tag_ABI_enum_size
	.eabi_attribute	14, 0	@ Tag_ABI_PCS_R9_use
	.file	"pin_config.c"
	.file	1 "C:\\Users\\mgokce\\AppData\\Local\\Keil_v5\\ARM\\ARMCLANG\\bin\\..\\include" "stdint.h"
	.file	2 "C:\\Nuvoton_ws\\M032GK_UART_2_RXTX\\Keil" "../../M031BSP/Library/Device/Nuvoton/M031/Include\\sys_reg.h"
	.section	.text.pin_config_init_ice,"ax",%progbits
	.hidden	pin_config_init_ice             @ -- Begin function pin_config_init_ice
	.globl	pin_config_init_ice
	.p2align	2
	.type	pin_config_init_ice,%function
	.code	16                              @ @pin_config_init_ice
	.thumb_func
pin_config_init_ice:
.Lfunc_begin0:
	.file	3 "C:\\Nuvoton_ws\\M032GK_UART_2_RXTX\\Keil" "../pin_config.c"
	.loc	3 28 0                          @ ../pin_config.c:28:0
	.fnstart
	.cfi_sections .debug_frame
	.cfi_startproc
@ %bb.0:
	ldr	r0, __arm_cp.0_0
.Ltmp0:
	.loc	3 29 19 prologue_end            @ ../pin_config.c:29:19
	ldr	r1, [r0]
	movs	r2, #255
	bics	r1, r2
	str	r1, [r0]
	.loc	3 30 19                         @ ../pin_config.c:30:19
	ldr	r1, [r0]
	movs	r2, #238
	orrs	r2, r1
	str	r2, [r0]
	.loc	3 32 5                          @ ../pin_config.c:32:5
	bx	lr
.Ltmp1:
	.p2align	2
@ %bb.1:
	.loc	3 0 5 is_stmt 0                 @ ../pin_config.c:0:5
__arm_cp.0_0:
	.long	1073741912                      @ 0x40000058
.Lcpi_end0:
	.size	__arm_cp.0_0, .Lcpi_end0-__arm_cp.0_0
.Lfunc_end0:
	.size	pin_config_init_ice, .Lfunc_end0-pin_config_init_ice
	.cfi_endproc
	.cantunwind
	.fnend
                                        @ -- End function
	.section	.text.pin_config_deinit_ice,"ax",%progbits
	.hidden	pin_config_deinit_ice           @ -- Begin function pin_config_deinit_ice
	.globl	pin_config_deinit_ice
	.p2align	2
	.type	pin_config_deinit_ice,%function
	.code	16                              @ @pin_config_deinit_ice
	.thumb_func
pin_config_deinit_ice:
.Lfunc_begin1:
	.loc	3 36 0 is_stmt 1                @ ../pin_config.c:36:0
	.fnstart
	.cfi_startproc
@ %bb.0:
	ldr	r0, __arm_cp.1_0
.Ltmp2:
	.loc	3 37 19 prologue_end            @ ../pin_config.c:37:19
	ldr	r1, [r0]
	movs	r2, #255
	bics	r1, r2
	str	r1, [r0]
	.loc	3 39 5                          @ ../pin_config.c:39:5
	bx	lr
.Ltmp3:
	.p2align	2
@ %bb.1:
	.loc	3 0 5 is_stmt 0                 @ ../pin_config.c:0:5
__arm_cp.1_0:
	.long	1073741912                      @ 0x40000058
.Lcpi_end1:
	.size	__arm_cp.1_0, .Lcpi_end1-__arm_cp.1_0
.Lfunc_end1:
	.size	pin_config_deinit_ice, .Lfunc_end1-pin_config_deinit_ice
	.cfi_endproc
	.cantunwind
	.fnend
                                        @ -- End function
	.section	.text.pin_config_init_pb,"ax",%progbits
	.hidden	pin_config_init_pb              @ -- Begin function pin_config_init_pb
	.globl	pin_config_init_pb
	.p2align	2
	.type	pin_config_init_pb,%function
	.code	16                              @ @pin_config_init_pb
	.thumb_func
pin_config_init_pb:
.Lfunc_begin2:
	.loc	3 43 0 is_stmt 1                @ ../pin_config.c:43:0
	.fnstart
	.cfi_startproc
@ %bb.0:
	ldr	r0, __arm_cp.2_0
.Ltmp4:
	.loc	3 44 19 prologue_end            @ ../pin_config.c:44:19
	ldr	r1, [r0]
	movs	r2, #240
	bics	r1, r2
	str	r1, [r0]
	.loc	3 45 19                         @ ../pin_config.c:45:19
	ldr	r1, [r0]
	str	r1, [r0]
	.loc	3 47 5                          @ ../pin_config.c:47:5
	bx	lr
.Ltmp5:
	.p2align	2
@ %bb.1:
	.loc	3 0 5 is_stmt 0                 @ ../pin_config.c:0:5
__arm_cp.2_0:
	.long	1073741880                      @ 0x40000038
.Lcpi_end2:
	.size	__arm_cp.2_0, .Lcpi_end2-__arm_cp.2_0
.Lfunc_end2:
	.size	pin_config_init_pb, .Lfunc_end2-pin_config_init_pb
	.cfi_endproc
	.cantunwind
	.fnend
                                        @ -- End function
	.section	.text.pin_config_deinit_pb,"ax",%progbits
	.hidden	pin_config_deinit_pb            @ -- Begin function pin_config_deinit_pb
	.globl	pin_config_deinit_pb
	.p2align	2
	.type	pin_config_deinit_pb,%function
	.code	16                              @ @pin_config_deinit_pb
	.thumb_func
pin_config_deinit_pb:
.Lfunc_begin3:
	.loc	3 51 0 is_stmt 1                @ ../pin_config.c:51:0
	.fnstart
	.cfi_startproc
@ %bb.0:
	ldr	r0, __arm_cp.3_0
.Ltmp6:
	.loc	3 52 19 prologue_end            @ ../pin_config.c:52:19
	ldr	r1, [r0]
	movs	r2, #240
	bics	r1, r2
	str	r1, [r0]
	.loc	3 54 5                          @ ../pin_config.c:54:5
	bx	lr
.Ltmp7:
	.p2align	2
@ %bb.1:
	.loc	3 0 5 is_stmt 0                 @ ../pin_config.c:0:5
__arm_cp.3_0:
	.long	1073741880                      @ 0x40000038
.Lcpi_end3:
	.size	__arm_cp.3_0, .Lcpi_end3-__arm_cp.3_0
.Lfunc_end3:
	.size	pin_config_deinit_pb, .Lfunc_end3-pin_config_deinit_pb
	.cfi_endproc
	.cantunwind
	.fnend
                                        @ -- End function
	.section	.text.pin_config_init_pc,"ax",%progbits
	.hidden	pin_config_init_pc              @ -- Begin function pin_config_init_pc
	.globl	pin_config_init_pc
	.p2align	2
	.type	pin_config_init_pc,%function
	.code	16                              @ @pin_config_init_pc
	.thumb_func
pin_config_init_pc:
.Lfunc_begin4:
	.loc	3 58 0 is_stmt 1                @ ../pin_config.c:58:0
	.fnstart
	.cfi_startproc
@ %bb.0:
	ldr	r0, __arm_cp.4_0
.Ltmp8:
	.loc	3 59 19 prologue_end            @ ../pin_config.c:59:19
	ldr	r1, [r0]
	ldr	r2, __arm_cp.4_1
	ands	r2, r1
	str	r2, [r0]
	.loc	3 60 19                         @ ../pin_config.c:60:19
	ldr	r1, [r0]
	str	r1, [r0]
	.loc	3 62 5                          @ ../pin_config.c:62:5
	bx	lr
.Ltmp9:
	.p2align	2
@ %bb.1:
	.loc	3 0 5 is_stmt 0                 @ ../pin_config.c:0:5
__arm_cp.4_0:
	.long	1073741892                      @ 0x40000044
.Lcpi_end4:
	.size	__arm_cp.4_0, .Lcpi_end4-__arm_cp.4_0
__arm_cp.4_1:
	.long	4293918975                      @ 0xfff000ff
.Lcpi_end5:
	.size	__arm_cp.4_1, .Lcpi_end5-__arm_cp.4_1
.Lfunc_end4:
	.size	pin_config_init_pc, .Lfunc_end4-pin_config_init_pc
	.cfi_endproc
	.cantunwind
	.fnend
                                        @ -- End function
	.section	.text.pin_config_deinit_pc,"ax",%progbits
	.hidden	pin_config_deinit_pc            @ -- Begin function pin_config_deinit_pc
	.globl	pin_config_deinit_pc
	.p2align	2
	.type	pin_config_deinit_pc,%function
	.code	16                              @ @pin_config_deinit_pc
	.thumb_func
pin_config_deinit_pc:
.Lfunc_begin5:
	.loc	3 66 0 is_stmt 1                @ ../pin_config.c:66:0
	.fnstart
	.cfi_startproc
@ %bb.0:
	ldr	r0, __arm_cp.5_0
.Ltmp10:
	.loc	3 67 19 prologue_end            @ ../pin_config.c:67:19
	ldr	r1, [r0]
	ldr	r2, __arm_cp.5_1
	ands	r2, r1
	str	r2, [r0]
	.loc	3 69 5                          @ ../pin_config.c:69:5
	bx	lr
.Ltmp11:
	.p2align	2
@ %bb.1:
	.loc	3 0 5 is_stmt 0                 @ ../pin_config.c:0:5
__arm_cp.5_0:
	.long	1073741892                      @ 0x40000044
.Lcpi_end6:
	.size	__arm_cp.5_0, .Lcpi_end6-__arm_cp.5_0
__arm_cp.5_1:
	.long	4293918975                      @ 0xfff000ff
.Lcpi_end7:
	.size	__arm_cp.5_1, .Lcpi_end7-__arm_cp.5_1
.Lfunc_end5:
	.size	pin_config_deinit_pc, .Lfunc_end5-pin_config_deinit_pc
	.cfi_endproc
	.cantunwind
	.fnend
                                        @ -- End function
	.section	.text.pin_config_init_pf,"ax",%progbits
	.hidden	pin_config_init_pf              @ -- Begin function pin_config_init_pf
	.globl	pin_config_init_pf
	.p2align	2
	.type	pin_config_init_pf,%function
	.code	16                              @ @pin_config_init_pf
	.thumb_func
pin_config_init_pf:
.Lfunc_begin6:
	.loc	3 73 0 is_stmt 1                @ ../pin_config.c:73:0
	.fnstart
	.cfi_startproc
@ %bb.0:
	ldr	r0, __arm_cp.6_0
.Ltmp12:
	.loc	3 74 19 prologue_end            @ ../pin_config.c:74:19
	ldr	r1, [r0, #4]
	ldr	r2, __arm_cp.6_1
	ands	r2, r1
	str	r2, [r0, #4]
	.loc	3 75 19                         @ ../pin_config.c:75:19
	ldr	r1, [r0, #4]
	str	r1, [r0, #4]
	movs	r1, #255
	lsls	r1, r1, #24
	.loc	3 76 19                         @ ../pin_config.c:76:19
	ldr	r2, [r0]
	bics	r2, r1
	str	r2, [r0]
	.loc	3 77 19                         @ ../pin_config.c:77:19
	ldr	r1, [r0]
	str	r1, [r0]
	.loc	3 79 5                          @ ../pin_config.c:79:5
	bx	lr
.Ltmp13:
	.p2align	2
@ %bb.1:
	.loc	3 0 5 is_stmt 0                 @ ../pin_config.c:0:5
__arm_cp.6_0:
	.long	1073741912                      @ 0x40000058
.Lcpi_end8:
	.size	__arm_cp.6_0, .Lcpi_end8-__arm_cp.6_0
__arm_cp.6_1:
	.long	4043309040                      @ 0xf0fffff0
.Lcpi_end9:
	.size	__arm_cp.6_1, .Lcpi_end9-__arm_cp.6_1
.Lfunc_end6:
	.size	pin_config_init_pf, .Lfunc_end6-pin_config_init_pf
	.cfi_endproc
	.cantunwind
	.fnend
                                        @ -- End function
	.section	.text.pin_config_deinit_pf,"ax",%progbits
	.hidden	pin_config_deinit_pf            @ -- Begin function pin_config_deinit_pf
	.globl	pin_config_deinit_pf
	.p2align	2
	.type	pin_config_deinit_pf,%function
	.code	16                              @ @pin_config_deinit_pf
	.thumb_func
pin_config_deinit_pf:
.Lfunc_begin7:
	.loc	3 83 0 is_stmt 1                @ ../pin_config.c:83:0
	.fnstart
	.cfi_startproc
@ %bb.0:
	ldr	r0, __arm_cp.7_0
.Ltmp14:
	.loc	3 84 19 prologue_end            @ ../pin_config.c:84:19
	ldr	r1, [r0, #4]
	ldr	r2, __arm_cp.7_1
	ands	r2, r1
	str	r2, [r0, #4]
	movs	r1, #255
	lsls	r1, r1, #24
	.loc	3 85 19                         @ ../pin_config.c:85:19
	ldr	r2, [r0]
	bics	r2, r1
	str	r2, [r0]
	.loc	3 87 5                          @ ../pin_config.c:87:5
	bx	lr
.Ltmp15:
	.p2align	2
@ %bb.1:
	.loc	3 0 5 is_stmt 0                 @ ../pin_config.c:0:5
__arm_cp.7_0:
	.long	1073741912                      @ 0x40000058
.Lcpi_end10:
	.size	__arm_cp.7_0, .Lcpi_end10-__arm_cp.7_0
__arm_cp.7_1:
	.long	4043309040                      @ 0xf0fffff0
.Lcpi_end11:
	.size	__arm_cp.7_1, .Lcpi_end11-__arm_cp.7_1
.Lfunc_end7:
	.size	pin_config_deinit_pf, .Lfunc_end7-pin_config_deinit_pf
	.cfi_endproc
	.cantunwind
	.fnend
                                        @ -- End function
	.section	.text.pin_config_init_uart0,"ax",%progbits
	.hidden	pin_config_init_uart0           @ -- Begin function pin_config_init_uart0
	.globl	pin_config_init_uart0
	.p2align	2
	.type	pin_config_init_uart0,%function
	.code	16                              @ @pin_config_init_uart0
	.thumb_func
pin_config_init_uart0:
.Lfunc_begin8:
	.loc	3 91 0 is_stmt 1                @ ../pin_config.c:91:0
	.fnstart
	.cfi_startproc
@ %bb.0:
	movs	r0, #255
	lsls	r0, r0, #16
	ldr	r1, __arm_cp.8_0
.Ltmp16:
	.loc	3 92 19 prologue_end            @ ../pin_config.c:92:19
	ldr	r2, [r1]
	bics	r2, r0
	str	r2, [r1]
	movs	r0, #51
	lsls	r0, r0, #17
	.loc	3 93 19                         @ ../pin_config.c:93:19
	ldr	r2, [r1]
	orrs	r2, r0
	str	r2, [r1]
	.loc	3 95 5                          @ ../pin_config.c:95:5
	bx	lr
.Ltmp17:
	.p2align	2
@ %bb.1:
	.loc	3 0 5 is_stmt 0                 @ ../pin_config.c:0:5
__arm_cp.8_0:
	.long	1073741884                      @ 0x4000003c
.Lcpi_end12:
	.size	__arm_cp.8_0, .Lcpi_end12-__arm_cp.8_0
.Lfunc_end8:
	.size	pin_config_init_uart0, .Lfunc_end8-pin_config_init_uart0
	.cfi_endproc
	.cantunwind
	.fnend
                                        @ -- End function
	.section	.text.pin_config_deinit_uart0,"ax",%progbits
	.hidden	pin_config_deinit_uart0         @ -- Begin function pin_config_deinit_uart0
	.globl	pin_config_deinit_uart0
	.p2align	2
	.type	pin_config_deinit_uart0,%function
	.code	16                              @ @pin_config_deinit_uart0
	.thumb_func
pin_config_deinit_uart0:
.Lfunc_begin9:
	.loc	3 99 0 is_stmt 1                @ ../pin_config.c:99:0
	.fnstart
	.cfi_startproc
@ %bb.0:
	movs	r0, #255
	lsls	r0, r0, #16
	ldr	r1, __arm_cp.9_0
.Ltmp18:
	.loc	3 100 19 prologue_end           @ ../pin_config.c:100:19
	ldr	r2, [r1]
	bics	r2, r0
	str	r2, [r1]
	.loc	3 102 5                         @ ../pin_config.c:102:5
	bx	lr
.Ltmp19:
	.p2align	2
@ %bb.1:
	.loc	3 0 5 is_stmt 0                 @ ../pin_config.c:0:5
__arm_cp.9_0:
	.long	1073741884                      @ 0x4000003c
.Lcpi_end13:
	.size	__arm_cp.9_0, .Lcpi_end13-__arm_cp.9_0
.Lfunc_end9:
	.size	pin_config_deinit_uart0, .Lfunc_end9-pin_config_deinit_uart0
	.cfi_endproc
	.cantunwind
	.fnend
                                        @ -- End function
	.section	.text.pin_config_init,"ax",%progbits
	.hidden	pin_config_init                 @ -- Begin function pin_config_init
	.globl	pin_config_init
	.p2align	2
	.type	pin_config_init,%function
	.code	16                              @ @pin_config_init
	.thumb_func
pin_config_init:
.Lfunc_begin10:
	.loc	3 106 0 is_stmt 1               @ ../pin_config.c:106:0
	.fnstart
	.cfi_startproc
@ %bb.0:
	.save	{r4, lr}
	push	{r4, lr}
	.cfi_def_cfa_offset 8
	.cfi_offset lr, -4
	.cfi_offset r4, -8
	ldr	r0, __arm_cp.10_0
.Ltmp20:
	.loc	3 29 19 prologue_end            @ ../pin_config.c:29:19
	ldr	r2, [r0]
	movs	r1, #255
	bics	r2, r1
	str	r2, [r0]
	.loc	3 30 19                         @ ../pin_config.c:30:19
	ldr	r2, [r0]
	movs	r3, #238
	orrs	r3, r2
	str	r3, [r0]
.Ltmp21:
	.loc	3 44 19                         @ ../pin_config.c:44:19
	mov	r2, r0
	subs	r2, #32
	ldr	r3, [r2]
	movs	r4, #240
	bics	r3, r4
	str	r3, [r2]
	.loc	3 45 19                         @ ../pin_config.c:45:19
	ldr	r3, [r2]
	str	r3, [r2]
.Ltmp22:
	.loc	3 59 19                         @ ../pin_config.c:59:19
	mov	r2, r0
	subs	r2, #20
	ldr	r3, [r2]
	ldr	r4, __arm_cp.10_1
	ands	r4, r3
	str	r4, [r2]
	.loc	3 60 19                         @ ../pin_config.c:60:19
	ldr	r3, [r2]
	str	r3, [r2]
.Ltmp23:
	.loc	3 74 19                         @ ../pin_config.c:74:19
	ldr	r2, [r0, #4]
	ldr	r3, __arm_cp.10_2
	ands	r3, r2
	str	r3, [r0, #4]
	.loc	3 75 19                         @ ../pin_config.c:75:19
	ldr	r2, [r0, #4]
	str	r2, [r0, #4]
	lsls	r2, r1, #24
	.loc	3 76 19                         @ ../pin_config.c:76:19
	ldr	r3, [r0]
	bics	r3, r2
	str	r3, [r0]
	.loc	3 77 19                         @ ../pin_config.c:77:19
	ldr	r2, [r0]
	str	r2, [r0]
	lsls	r1, r1, #16
.Ltmp24:
	.loc	3 92 19                         @ ../pin_config.c:92:19
	subs	r0, #28
	ldr	r2, [r0]
	bics	r2, r1
	str	r2, [r0]
	movs	r1, #51
	lsls	r1, r1, #17
	.loc	3 93 19                         @ ../pin_config.c:93:19
	ldr	r2, [r0]
	orrs	r2, r1
	str	r2, [r0]
.Ltmp25:
	.loc	3 130 5 epilogue_begin          @ ../pin_config.c:130:5
	pop	{r4, pc}
.Ltmp26:
	.p2align	2
@ %bb.1:
	.loc	3 0 5 is_stmt 0                 @ ../pin_config.c:0:5
__arm_cp.10_0:
	.long	1073741912                      @ 0x40000058
.Lcpi_end14:
	.size	__arm_cp.10_0, .Lcpi_end14-__arm_cp.10_0
__arm_cp.10_1:
	.long	4293918975                      @ 0xfff000ff
.Lcpi_end15:
	.size	__arm_cp.10_1, .Lcpi_end15-__arm_cp.10_1
__arm_cp.10_2:
	.long	4043309040                      @ 0xf0fffff0
.Lcpi_end16:
	.size	__arm_cp.10_2, .Lcpi_end16-__arm_cp.10_2
.Lfunc_end10:
	.size	pin_config_init, .Lfunc_end10-pin_config_init
	.cfi_endproc
	.cantunwind
	.fnend
                                        @ -- End function
	.section	.text.pin_config_deinit,"ax",%progbits
	.hidden	pin_config_deinit               @ -- Begin function pin_config_deinit
	.globl	pin_config_deinit
	.p2align	2
	.type	pin_config_deinit,%function
	.code	16                              @ @pin_config_deinit
	.thumb_func
pin_config_deinit:
.Lfunc_begin11:
	.loc	3 134 0 is_stmt 1               @ ../pin_config.c:134:0
	.fnstart
	.cfi_startproc
@ %bb.0:
	.save	{r4, lr}
	push	{r4, lr}
	.cfi_def_cfa_offset 8
	.cfi_offset lr, -4
	.cfi_offset r4, -8
	ldr	r0, __arm_cp.11_0
.Ltmp27:
	.loc	3 37 19 prologue_end            @ ../pin_config.c:37:19
	ldr	r2, [r0]
	movs	r1, #255
	bics	r2, r1
	str	r2, [r0]
.Ltmp28:
	.loc	3 52 19                         @ ../pin_config.c:52:19
	mov	r2, r0
	subs	r2, #32
	ldr	r3, [r2]
	movs	r4, #240
	bics	r3, r4
	str	r3, [r2]
.Ltmp29:
	.loc	3 67 19                         @ ../pin_config.c:67:19
	mov	r2, r0
	subs	r2, #20
	ldr	r3, [r2]
	ldr	r4, __arm_cp.11_1
	ands	r4, r3
	str	r4, [r2]
.Ltmp30:
	.loc	3 84 19                         @ ../pin_config.c:84:19
	ldr	r2, [r0, #4]
	ldr	r3, __arm_cp.11_2
	ands	r3, r2
	str	r3, [r0, #4]
	lsls	r2, r1, #24
	.loc	3 85 19                         @ ../pin_config.c:85:19
	ldr	r3, [r0]
	bics	r3, r2
	str	r3, [r0]
	lsls	r1, r1, #16
.Ltmp31:
	.loc	3 100 19                        @ ../pin_config.c:100:19
	subs	r0, #28
	ldr	r2, [r0]
	bics	r2, r1
	str	r2, [r0]
.Ltmp32:
	.loc	3 141 5 epilogue_begin          @ ../pin_config.c:141:5
	pop	{r4, pc}
.Ltmp33:
	.p2align	2
@ %bb.1:
	.loc	3 0 5 is_stmt 0                 @ ../pin_config.c:0:5
__arm_cp.11_0:
	.long	1073741912                      @ 0x40000058
.Lcpi_end17:
	.size	__arm_cp.11_0, .Lcpi_end17-__arm_cp.11_0
__arm_cp.11_1:
	.long	4293918975                      @ 0xfff000ff
.Lcpi_end18:
	.size	__arm_cp.11_1, .Lcpi_end18-__arm_cp.11_1
__arm_cp.11_2:
	.long	4043309040                      @ 0xf0fffff0
.Lcpi_end19:
	.size	__arm_cp.11_2, .Lcpi_end19-__arm_cp.11_2
.Lfunc_end11:
	.size	pin_config_deinit, .Lfunc_end11-pin_config_deinit
	.cfi_endproc
	.cantunwind
	.fnend
                                        @ -- End function
	.section	.debug_abbrev,"",%progbits
	.byte	1                               @ Abbreviation Code
	.byte	17                              @ DW_TAG_compile_unit
	.byte	1                               @ DW_CHILDREN_yes
	.byte	37                              @ DW_AT_producer
	.byte	14                              @ DW_FORM_strp
	.byte	19                              @ DW_AT_language
	.byte	5                               @ DW_FORM_data2
	.byte	3                               @ DW_AT_name
	.byte	14                              @ DW_FORM_strp
	.byte	16                              @ DW_AT_stmt_list
	.byte	23                              @ DW_FORM_sec_offset
	.byte	27                              @ DW_AT_comp_dir
	.byte	14                              @ DW_FORM_strp
	.byte	17                              @ DW_AT_low_pc
	.byte	1                               @ DW_FORM_addr
	.byte	85                              @ DW_AT_ranges
	.byte	23                              @ DW_FORM_sec_offset
	.byte	0                               @ EOM(1)
	.byte	0                               @ EOM(2)
	.byte	2                               @ Abbreviation Code
	.byte	15                              @ DW_TAG_pointer_type
	.byte	0                               @ DW_CHILDREN_no
	.byte	73                              @ DW_AT_type
	.byte	19                              @ DW_FORM_ref4
	.byte	0                               @ EOM(1)
	.byte	0                               @ EOM(2)
	.byte	3                               @ Abbreviation Code
	.byte	22                              @ DW_TAG_typedef
	.byte	0                               @ DW_CHILDREN_no
	.byte	73                              @ DW_AT_type
	.byte	19                              @ DW_FORM_ref4
	.byte	3                               @ DW_AT_name
	.byte	14                              @ DW_FORM_strp
	.byte	58                              @ DW_AT_decl_file
	.byte	11                              @ DW_FORM_data1
	.byte	59                              @ DW_AT_decl_line
	.byte	5                               @ DW_FORM_data2
	.byte	0                               @ EOM(1)
	.byte	0                               @ EOM(2)
	.byte	4                               @ Abbreviation Code
	.byte	19                              @ DW_TAG_structure_type
	.byte	1                               @ DW_CHILDREN_yes
	.byte	11                              @ DW_AT_byte_size
	.byte	5                               @ DW_FORM_data2
	.byte	58                              @ DW_AT_decl_file
	.byte	11                              @ DW_FORM_data1
	.byte	59                              @ DW_AT_decl_line
	.byte	11                              @ DW_FORM_data1
	.byte	0                               @ EOM(1)
	.byte	0                               @ EOM(2)
	.byte	5                               @ Abbreviation Code
	.byte	13                              @ DW_TAG_member
	.byte	0                               @ DW_CHILDREN_no
	.byte	3                               @ DW_AT_name
	.byte	14                              @ DW_FORM_strp
	.byte	73                              @ DW_AT_type
	.byte	19                              @ DW_FORM_ref4
	.byte	58                              @ DW_AT_decl_file
	.byte	11                              @ DW_FORM_data1
	.byte	59                              @ DW_AT_decl_line
	.byte	5                               @ DW_FORM_data2
	.byte	56                              @ DW_AT_data_member_location
	.byte	11                              @ DW_FORM_data1
	.byte	0                               @ EOM(1)
	.byte	0                               @ EOM(2)
	.byte	6                               @ Abbreviation Code
	.byte	13                              @ DW_TAG_member
	.byte	0                               @ DW_CHILDREN_no
	.byte	3                               @ DW_AT_name
	.byte	14                              @ DW_FORM_strp
	.byte	73                              @ DW_AT_type
	.byte	19                              @ DW_FORM_ref4
	.byte	58                              @ DW_AT_decl_file
	.byte	11                              @ DW_FORM_data1
	.byte	59                              @ DW_AT_decl_line
	.byte	5                               @ DW_FORM_data2
	.byte	56                              @ DW_AT_data_member_location
	.byte	5                               @ DW_FORM_data2
	.byte	0                               @ EOM(1)
	.byte	0                               @ EOM(2)
	.byte	7                               @ Abbreviation Code
	.byte	38                              @ DW_TAG_const_type
	.byte	0                               @ DW_CHILDREN_no
	.byte	73                              @ DW_AT_type
	.byte	19                              @ DW_FORM_ref4
	.byte	0                               @ EOM(1)
	.byte	0                               @ EOM(2)
	.byte	8                               @ Abbreviation Code
	.byte	53                              @ DW_TAG_volatile_type
	.byte	0                               @ DW_CHILDREN_no
	.byte	73                              @ DW_AT_type
	.byte	19                              @ DW_FORM_ref4
	.byte	0                               @ EOM(1)
	.byte	0                               @ EOM(2)
	.byte	9                               @ Abbreviation Code
	.byte	22                              @ DW_TAG_typedef
	.byte	0                               @ DW_CHILDREN_no
	.byte	73                              @ DW_AT_type
	.byte	19                              @ DW_FORM_ref4
	.byte	3                               @ DW_AT_name
	.byte	14                              @ DW_FORM_strp
	.byte	58                              @ DW_AT_decl_file
	.byte	11                              @ DW_FORM_data1
	.byte	59                              @ DW_AT_decl_line
	.byte	11                              @ DW_FORM_data1
	.byte	0                               @ EOM(1)
	.byte	0                               @ EOM(2)
	.byte	10                              @ Abbreviation Code
	.byte	36                              @ DW_TAG_base_type
	.byte	0                               @ DW_CHILDREN_no
	.byte	3                               @ DW_AT_name
	.byte	14                              @ DW_FORM_strp
	.byte	62                              @ DW_AT_encoding
	.byte	11                              @ DW_FORM_data1
	.byte	11                              @ DW_AT_byte_size
	.byte	11                              @ DW_FORM_data1
	.byte	0                               @ EOM(1)
	.byte	0                               @ EOM(2)
	.byte	11                              @ Abbreviation Code
	.byte	1                               @ DW_TAG_array_type
	.byte	1                               @ DW_CHILDREN_yes
	.byte	73                              @ DW_AT_type
	.byte	19                              @ DW_FORM_ref4
	.byte	0                               @ EOM(1)
	.byte	0                               @ EOM(2)
	.byte	12                              @ Abbreviation Code
	.byte	33                              @ DW_TAG_subrange_type
	.byte	0                               @ DW_CHILDREN_no
	.byte	73                              @ DW_AT_type
	.byte	19                              @ DW_FORM_ref4
	.byte	55                              @ DW_AT_count
	.byte	11                              @ DW_FORM_data1
	.byte	0                               @ EOM(1)
	.byte	0                               @ EOM(2)
	.byte	13                              @ Abbreviation Code
	.byte	36                              @ DW_TAG_base_type
	.byte	0                               @ DW_CHILDREN_no
	.byte	3                               @ DW_AT_name
	.byte	14                              @ DW_FORM_strp
	.byte	11                              @ DW_AT_byte_size
	.byte	11                              @ DW_FORM_data1
	.byte	62                              @ DW_AT_encoding
	.byte	11                              @ DW_FORM_data1
	.byte	0                               @ EOM(1)
	.byte	0                               @ EOM(2)
	.byte	14                              @ Abbreviation Code
	.byte	46                              @ DW_TAG_subprogram
	.byte	0                               @ DW_CHILDREN_no
	.byte	17                              @ DW_AT_low_pc
	.byte	1                               @ DW_FORM_addr
	.byte	18                              @ DW_AT_high_pc
	.byte	6                               @ DW_FORM_data4
	.byte	64                              @ DW_AT_frame_base
	.byte	24                              @ DW_FORM_exprloc
	.ascii	"\227B"                         @ DW_AT_GNU_all_call_sites
	.byte	25                              @ DW_FORM_flag_present
	.byte	49                              @ DW_AT_abstract_origin
	.byte	19                              @ DW_FORM_ref4
	.byte	0                               @ EOM(1)
	.byte	0                               @ EOM(2)
	.byte	15                              @ Abbreviation Code
	.byte	46                              @ DW_TAG_subprogram
	.byte	0                               @ DW_CHILDREN_no
	.byte	3                               @ DW_AT_name
	.byte	14                              @ DW_FORM_strp
	.byte	58                              @ DW_AT_decl_file
	.byte	11                              @ DW_FORM_data1
	.byte	59                              @ DW_AT_decl_line
	.byte	11                              @ DW_FORM_data1
	.byte	39                              @ DW_AT_prototyped
	.byte	25                              @ DW_FORM_flag_present
	.byte	63                              @ DW_AT_external
	.byte	25                              @ DW_FORM_flag_present
	.byte	32                              @ DW_AT_inline
	.byte	11                              @ DW_FORM_data1
	.byte	0                               @ EOM(1)
	.byte	0                               @ EOM(2)
	.byte	16                              @ Abbreviation Code
	.byte	46                              @ DW_TAG_subprogram
	.byte	1                               @ DW_CHILDREN_yes
	.byte	17                              @ DW_AT_low_pc
	.byte	1                               @ DW_FORM_addr
	.byte	18                              @ DW_AT_high_pc
	.byte	6                               @ DW_FORM_data4
	.byte	64                              @ DW_AT_frame_base
	.byte	24                              @ DW_FORM_exprloc
	.ascii	"\227B"                         @ DW_AT_GNU_all_call_sites
	.byte	25                              @ DW_FORM_flag_present
	.byte	3                               @ DW_AT_name
	.byte	14                              @ DW_FORM_strp
	.byte	58                              @ DW_AT_decl_file
	.byte	11                              @ DW_FORM_data1
	.byte	59                              @ DW_AT_decl_line
	.byte	11                              @ DW_FORM_data1
	.byte	39                              @ DW_AT_prototyped
	.byte	25                              @ DW_FORM_flag_present
	.byte	63                              @ DW_AT_external
	.byte	25                              @ DW_FORM_flag_present
	.byte	0                               @ EOM(1)
	.byte	0                               @ EOM(2)
	.byte	17                              @ Abbreviation Code
	.byte	29                              @ DW_TAG_inlined_subroutine
	.byte	0                               @ DW_CHILDREN_no
	.byte	49                              @ DW_AT_abstract_origin
	.byte	19                              @ DW_FORM_ref4
	.byte	17                              @ DW_AT_low_pc
	.byte	1                               @ DW_FORM_addr
	.byte	18                              @ DW_AT_high_pc
	.byte	6                               @ DW_FORM_data4
	.byte	88                              @ DW_AT_call_file
	.byte	11                              @ DW_FORM_data1
	.byte	89                              @ DW_AT_call_line
	.byte	11                              @ DW_FORM_data1
	.byte	87                              @ DW_AT_call_column
	.byte	11                              @ DW_FORM_data1
	.byte	0                               @ EOM(1)
	.byte	0                               @ EOM(2)
	.byte	0                               @ EOM(3)
	.section	.debug_info,"",%progbits
.Lcu_begin0:
	.long	.Ldebug_info_end0-.Ldebug_info_start0 @ Length of Unit
.Ldebug_info_start0:
	.short	4                               @ DWARF version number
	.long	.debug_abbrev                   @ Offset Into Abbrev. Section
	.byte	4                               @ Address Size (in bytes)
	.byte	1                               @ Abbrev [1] 0xb:0x59a DW_TAG_compile_unit
	.long	.Linfo_string0                  @ DW_AT_producer
	.short	12                              @ DW_AT_language
	.long	.Linfo_string1                  @ DW_AT_name
	.long	.Lline_table_start0             @ DW_AT_stmt_list
	.long	.Linfo_string2                  @ DW_AT_comp_dir
	.long	0                               @ DW_AT_low_pc
	.long	.Ldebug_ranges0                 @ DW_AT_ranges
	.byte	2                               @ Abbrev [2] 0x26:0x5 DW_TAG_pointer_type
	.long	43                              @ DW_AT_type
	.byte	3                               @ Abbrev [3] 0x2b:0xc DW_TAG_typedef
	.long	55                              @ DW_AT_type
	.long	.Linfo_string68                 @ DW_AT_name
	.byte	2                               @ DW_AT_decl_file
	.short	641                             @ DW_AT_decl_line
	.byte	4                               @ Abbrev [4] 0x37:0x340 DW_TAG_structure_type
	.short	496                             @ DW_AT_byte_size
	.byte	2                               @ DW_AT_decl_file
	.byte	26                              @ DW_AT_decl_line
	.byte	5                               @ Abbrev [5] 0x3c:0xd DW_TAG_member
	.long	.Linfo_string3                  @ DW_AT_name
	.long	887                             @ DW_AT_type
	.byte	2                               @ DW_AT_decl_file
	.short	579                             @ DW_AT_decl_line
	.byte	0                               @ DW_AT_data_member_location
	.byte	5                               @ Abbrev [5] 0x49:0xd DW_TAG_member
	.long	.Linfo_string6                  @ DW_AT_name
	.long	892                             @ DW_AT_type
	.byte	2                               @ DW_AT_decl_file
	.short	580                             @ DW_AT_decl_line
	.byte	4                               @ DW_AT_data_member_location
	.byte	5                               @ Abbrev [5] 0x56:0xd DW_TAG_member
	.long	.Linfo_string7                  @ DW_AT_name
	.long	892                             @ DW_AT_type
	.byte	2                               @ DW_AT_decl_file
	.short	581                             @ DW_AT_decl_line
	.byte	8                               @ DW_AT_data_member_location
	.byte	5                               @ Abbrev [5] 0x63:0xd DW_TAG_member
	.long	.Linfo_string8                  @ DW_AT_name
	.long	892                             @ DW_AT_type
	.byte	2                               @ DW_AT_decl_file
	.short	582                             @ DW_AT_decl_line
	.byte	12                              @ DW_AT_data_member_location
	.byte	5                               @ Abbrev [5] 0x70:0xd DW_TAG_member
	.long	.Linfo_string9                  @ DW_AT_name
	.long	892                             @ DW_AT_type
	.byte	2                               @ DW_AT_decl_file
	.short	583                             @ DW_AT_decl_line
	.byte	16                              @ DW_AT_data_member_location
	.byte	5                               @ Abbrev [5] 0x7d:0xd DW_TAG_member
	.long	.Linfo_string10                 @ DW_AT_name
	.long	915                             @ DW_AT_type
	.byte	2                               @ DW_AT_decl_file
	.short	584                             @ DW_AT_decl_line
	.byte	20                              @ DW_AT_data_member_location
	.byte	5                               @ Abbrev [5] 0x8a:0xd DW_TAG_member
	.long	.Linfo_string12                 @ DW_AT_name
	.long	892                             @ DW_AT_type
	.byte	2                               @ DW_AT_decl_file
	.short	585                             @ DW_AT_decl_line
	.byte	24                              @ DW_AT_data_member_location
	.byte	5                               @ Abbrev [5] 0x97:0xd DW_TAG_member
	.long	.Linfo_string13                 @ DW_AT_name
	.long	934                             @ DW_AT_type
	.byte	2                               @ DW_AT_decl_file
	.short	586                             @ DW_AT_decl_line
	.byte	28                              @ DW_AT_data_member_location
	.byte	5                               @ Abbrev [5] 0xa4:0xd DW_TAG_member
	.long	.Linfo_string14                 @ DW_AT_name
	.long	892                             @ DW_AT_type
	.byte	2                               @ DW_AT_decl_file
	.short	587                             @ DW_AT_decl_line
	.byte	36                              @ DW_AT_data_member_location
	.byte	5                               @ Abbrev [5] 0xb1:0xd DW_TAG_member
	.long	.Linfo_string15                 @ DW_AT_name
	.long	934                             @ DW_AT_type
	.byte	2                               @ DW_AT_decl_file
	.short	588                             @ DW_AT_decl_line
	.byte	40                              @ DW_AT_data_member_location
	.byte	5                               @ Abbrev [5] 0xbe:0xd DW_TAG_member
	.long	.Linfo_string16                 @ DW_AT_name
	.long	892                             @ DW_AT_type
	.byte	2                               @ DW_AT_decl_file
	.short	589                             @ DW_AT_decl_line
	.byte	48                              @ DW_AT_data_member_location
	.byte	5                               @ Abbrev [5] 0xcb:0xd DW_TAG_member
	.long	.Linfo_string17                 @ DW_AT_name
	.long	892                             @ DW_AT_type
	.byte	2                               @ DW_AT_decl_file
	.short	590                             @ DW_AT_decl_line
	.byte	52                              @ DW_AT_data_member_location
	.byte	5                               @ Abbrev [5] 0xd8:0xd DW_TAG_member
	.long	.Linfo_string18                 @ DW_AT_name
	.long	892                             @ DW_AT_type
	.byte	2                               @ DW_AT_decl_file
	.short	591                             @ DW_AT_decl_line
	.byte	56                              @ DW_AT_data_member_location
	.byte	5                               @ Abbrev [5] 0xe5:0xd DW_TAG_member
	.long	.Linfo_string19                 @ DW_AT_name
	.long	892                             @ DW_AT_type
	.byte	2                               @ DW_AT_decl_file
	.short	592                             @ DW_AT_decl_line
	.byte	60                              @ DW_AT_data_member_location
	.byte	5                               @ Abbrev [5] 0xf2:0xd DW_TAG_member
	.long	.Linfo_string20                 @ DW_AT_name
	.long	892                             @ DW_AT_type
	.byte	2                               @ DW_AT_decl_file
	.short	593                             @ DW_AT_decl_line
	.byte	64                              @ DW_AT_data_member_location
	.byte	5                               @ Abbrev [5] 0xff:0xd DW_TAG_member
	.long	.Linfo_string21                 @ DW_AT_name
	.long	892                             @ DW_AT_type
	.byte	2                               @ DW_AT_decl_file
	.short	594                             @ DW_AT_decl_line
	.byte	68                              @ DW_AT_data_member_location
	.byte	5                               @ Abbrev [5] 0x10c:0xd DW_TAG_member
	.long	.Linfo_string22                 @ DW_AT_name
	.long	892                             @ DW_AT_type
	.byte	2                               @ DW_AT_decl_file
	.short	595                             @ DW_AT_decl_line
	.byte	72                              @ DW_AT_data_member_location
	.byte	5                               @ Abbrev [5] 0x119:0xd DW_TAG_member
	.long	.Linfo_string23                 @ DW_AT_name
	.long	892                             @ DW_AT_type
	.byte	2                               @ DW_AT_decl_file
	.short	596                             @ DW_AT_decl_line
	.byte	76                              @ DW_AT_data_member_location
	.byte	5                               @ Abbrev [5] 0x126:0xd DW_TAG_member
	.long	.Linfo_string24                 @ DW_AT_name
	.long	892                             @ DW_AT_type
	.byte	2                               @ DW_AT_decl_file
	.short	597                             @ DW_AT_decl_line
	.byte	80                              @ DW_AT_data_member_location
	.byte	5                               @ Abbrev [5] 0x133:0xd DW_TAG_member
	.long	.Linfo_string25                 @ DW_AT_name
	.long	892                             @ DW_AT_type
	.byte	2                               @ DW_AT_decl_file
	.short	598                             @ DW_AT_decl_line
	.byte	84                              @ DW_AT_data_member_location
	.byte	5                               @ Abbrev [5] 0x140:0xd DW_TAG_member
	.long	.Linfo_string26                 @ DW_AT_name
	.long	892                             @ DW_AT_type
	.byte	2                               @ DW_AT_decl_file
	.short	599                             @ DW_AT_decl_line
	.byte	88                              @ DW_AT_data_member_location
	.byte	5                               @ Abbrev [5] 0x14d:0xd DW_TAG_member
	.long	.Linfo_string27                 @ DW_AT_name
	.long	892                             @ DW_AT_type
	.byte	2                               @ DW_AT_decl_file
	.short	600                             @ DW_AT_decl_line
	.byte	92                              @ DW_AT_data_member_location
	.byte	5                               @ Abbrev [5] 0x15a:0xd DW_TAG_member
	.long	.Linfo_string28                 @ DW_AT_name
	.long	892                             @ DW_AT_type
	.byte	2                               @ DW_AT_decl_file
	.short	601                             @ DW_AT_decl_line
	.byte	96                              @ DW_AT_data_member_location
	.byte	5                               @ Abbrev [5] 0x167:0xd DW_TAG_member
	.long	.Linfo_string29                 @ DW_AT_name
	.long	892                             @ DW_AT_type
	.byte	2                               @ DW_AT_decl_file
	.short	602                             @ DW_AT_decl_line
	.byte	100                             @ DW_AT_data_member_location
	.byte	5                               @ Abbrev [5] 0x174:0xd DW_TAG_member
	.long	.Linfo_string30                 @ DW_AT_name
	.long	892                             @ DW_AT_type
	.byte	2                               @ DW_AT_decl_file
	.short	603                             @ DW_AT_decl_line
	.byte	104                             @ DW_AT_data_member_location
	.byte	5                               @ Abbrev [5] 0x181:0xd DW_TAG_member
	.long	.Linfo_string31                 @ DW_AT_name
	.long	892                             @ DW_AT_type
	.byte	2                               @ DW_AT_decl_file
	.short	604                             @ DW_AT_decl_line
	.byte	108                             @ DW_AT_data_member_location
	.byte	5                               @ Abbrev [5] 0x18e:0xd DW_TAG_member
	.long	.Linfo_string32                 @ DW_AT_name
	.long	934                             @ DW_AT_type
	.byte	2                               @ DW_AT_decl_file
	.short	605                             @ DW_AT_decl_line
	.byte	112                             @ DW_AT_data_member_location
	.byte	5                               @ Abbrev [5] 0x19b:0xd DW_TAG_member
	.long	.Linfo_string33                 @ DW_AT_name
	.long	892                             @ DW_AT_type
	.byte	2                               @ DW_AT_decl_file
	.short	606                             @ DW_AT_decl_line
	.byte	120                             @ DW_AT_data_member_location
	.byte	5                               @ Abbrev [5] 0x1a8:0xd DW_TAG_member
	.long	.Linfo_string34                 @ DW_AT_name
	.long	946                             @ DW_AT_type
	.byte	2                               @ DW_AT_decl_file
	.short	607                             @ DW_AT_decl_line
	.byte	124                             @ DW_AT_data_member_location
	.byte	5                               @ Abbrev [5] 0x1b5:0xd DW_TAG_member
	.long	.Linfo_string35                 @ DW_AT_name
	.long	892                             @ DW_AT_type
	.byte	2                               @ DW_AT_decl_file
	.short	608                             @ DW_AT_decl_line
	.byte	192                             @ DW_AT_data_member_location
	.byte	5                               @ Abbrev [5] 0x1c2:0xd DW_TAG_member
	.long	.Linfo_string36                 @ DW_AT_name
	.long	958                             @ DW_AT_type
	.byte	2                               @ DW_AT_decl_file
	.short	609                             @ DW_AT_decl_line
	.byte	196                             @ DW_AT_data_member_location
	.byte	5                               @ Abbrev [5] 0x1cf:0xd DW_TAG_member
	.long	.Linfo_string37                 @ DW_AT_name
	.long	892                             @ DW_AT_type
	.byte	2                               @ DW_AT_decl_file
	.short	610                             @ DW_AT_decl_line
	.byte	208                             @ DW_AT_data_member_location
	.byte	5                               @ Abbrev [5] 0x1dc:0xd DW_TAG_member
	.long	.Linfo_string38                 @ DW_AT_name
	.long	887                             @ DW_AT_type
	.byte	2                               @ DW_AT_decl_file
	.short	611                             @ DW_AT_decl_line
	.byte	212                             @ DW_AT_data_member_location
	.byte	5                               @ Abbrev [5] 0x1e9:0xd DW_TAG_member
	.long	.Linfo_string39                 @ DW_AT_name
	.long	892                             @ DW_AT_type
	.byte	2                               @ DW_AT_decl_file
	.short	612                             @ DW_AT_decl_line
	.byte	216                             @ DW_AT_data_member_location
	.byte	5                               @ Abbrev [5] 0x1f6:0xd DW_TAG_member
	.long	.Linfo_string40                 @ DW_AT_name
	.long	892                             @ DW_AT_type
	.byte	2                               @ DW_AT_decl_file
	.short	613                             @ DW_AT_decl_line
	.byte	220                             @ DW_AT_data_member_location
	.byte	5                               @ Abbrev [5] 0x203:0xd DW_TAG_member
	.long	.Linfo_string41                 @ DW_AT_name
	.long	892                             @ DW_AT_type
	.byte	2                               @ DW_AT_decl_file
	.short	614                             @ DW_AT_decl_line
	.byte	224                             @ DW_AT_data_member_location
	.byte	5                               @ Abbrev [5] 0x210:0xd DW_TAG_member
	.long	.Linfo_string42                 @ DW_AT_name
	.long	887                             @ DW_AT_type
	.byte	2                               @ DW_AT_decl_file
	.short	615                             @ DW_AT_decl_line
	.byte	228                             @ DW_AT_data_member_location
	.byte	5                               @ Abbrev [5] 0x21d:0xd DW_TAG_member
	.long	.Linfo_string43                 @ DW_AT_name
	.long	934                             @ DW_AT_type
	.byte	2                               @ DW_AT_decl_file
	.short	616                             @ DW_AT_decl_line
	.byte	232                             @ DW_AT_data_member_location
	.byte	5                               @ Abbrev [5] 0x22a:0xd DW_TAG_member
	.long	.Linfo_string44                 @ DW_AT_name
	.long	892                             @ DW_AT_type
	.byte	2                               @ DW_AT_decl_file
	.short	617                             @ DW_AT_decl_line
	.byte	240                             @ DW_AT_data_member_location
	.byte	5                               @ Abbrev [5] 0x237:0xd DW_TAG_member
	.long	.Linfo_string45                 @ DW_AT_name
	.long	892                             @ DW_AT_type
	.byte	2                               @ DW_AT_decl_file
	.short	618                             @ DW_AT_decl_line
	.byte	244                             @ DW_AT_data_member_location
	.byte	5                               @ Abbrev [5] 0x244:0xd DW_TAG_member
	.long	.Linfo_string46                 @ DW_AT_name
	.long	892                             @ DW_AT_type
	.byte	2                               @ DW_AT_decl_file
	.short	619                             @ DW_AT_decl_line
	.byte	248                             @ DW_AT_data_member_location
	.byte	5                               @ Abbrev [5] 0x251:0xd DW_TAG_member
	.long	.Linfo_string47                 @ DW_AT_name
	.long	915                             @ DW_AT_type
	.byte	2                               @ DW_AT_decl_file
	.short	620                             @ DW_AT_decl_line
	.byte	252                             @ DW_AT_data_member_location
	.byte	6                               @ Abbrev [6] 0x25e:0xe DW_TAG_member
	.long	.Linfo_string48                 @ DW_AT_name
	.long	892                             @ DW_AT_type
	.byte	2                               @ DW_AT_decl_file
	.short	621                             @ DW_AT_decl_line
	.short	256                             @ DW_AT_data_member_location
	.byte	6                               @ Abbrev [6] 0x26c:0xe DW_TAG_member
	.long	.Linfo_string49                 @ DW_AT_name
	.long	970                             @ DW_AT_type
	.byte	2                               @ DW_AT_decl_file
	.short	622                             @ DW_AT_decl_line
	.short	260                             @ DW_AT_data_member_location
	.byte	6                               @ Abbrev [6] 0x27a:0xe DW_TAG_member
	.long	.Linfo_string50                 @ DW_AT_name
	.long	892                             @ DW_AT_type
	.byte	2                               @ DW_AT_decl_file
	.short	623                             @ DW_AT_decl_line
	.short	280                             @ DW_AT_data_member_location
	.byte	6                               @ Abbrev [6] 0x288:0xe DW_TAG_member
	.long	.Linfo_string51                 @ DW_AT_name
	.long	915                             @ DW_AT_type
	.byte	2                               @ DW_AT_decl_file
	.short	624                             @ DW_AT_decl_line
	.short	284                             @ DW_AT_data_member_location
	.byte	6                               @ Abbrev [6] 0x296:0xe DW_TAG_member
	.long	.Linfo_string52                 @ DW_AT_name
	.long	887                             @ DW_AT_type
	.byte	2                               @ DW_AT_decl_file
	.short	625                             @ DW_AT_decl_line
	.short	288                             @ DW_AT_data_member_location
	.byte	6                               @ Abbrev [6] 0x2a4:0xe DW_TAG_member
	.long	.Linfo_string53                 @ DW_AT_name
	.long	887                             @ DW_AT_type
	.byte	2                               @ DW_AT_decl_file
	.short	626                             @ DW_AT_decl_line
	.short	292                             @ DW_AT_data_member_location
	.byte	6                               @ Abbrev [6] 0x2b2:0xe DW_TAG_member
	.long	.Linfo_string54                 @ DW_AT_name
	.long	982                             @ DW_AT_type
	.byte	2                               @ DW_AT_decl_file
	.short	627                             @ DW_AT_decl_line
	.short	296                             @ DW_AT_data_member_location
	.byte	6                               @ Abbrev [6] 0x2c0:0xe DW_TAG_member
	.long	.Linfo_string55                 @ DW_AT_name
	.long	887                             @ DW_AT_type
	.byte	2                               @ DW_AT_decl_file
	.short	628                             @ DW_AT_decl_line
	.short	312                             @ DW_AT_data_member_location
	.byte	6                               @ Abbrev [6] 0x2ce:0xe DW_TAG_member
	.long	.Linfo_string56                 @ DW_AT_name
	.long	970                             @ DW_AT_type
	.byte	2                               @ DW_AT_decl_file
	.short	629                             @ DW_AT_decl_line
	.short	316                             @ DW_AT_data_member_location
	.byte	6                               @ Abbrev [6] 0x2dc:0xe DW_TAG_member
	.long	.Linfo_string57                 @ DW_AT_name
	.long	887                             @ DW_AT_type
	.byte	2                               @ DW_AT_decl_file
	.short	630                             @ DW_AT_decl_line
	.short	336                             @ DW_AT_data_member_location
	.byte	6                               @ Abbrev [6] 0x2ea:0xe DW_TAG_member
	.long	.Linfo_string58                 @ DW_AT_name
	.long	887                             @ DW_AT_type
	.byte	2                               @ DW_AT_decl_file
	.short	631                             @ DW_AT_decl_line
	.short	340                             @ DW_AT_data_member_location
	.byte	6                               @ Abbrev [6] 0x2f8:0xe DW_TAG_member
	.long	.Linfo_string59                 @ DW_AT_name
	.long	887                             @ DW_AT_type
	.byte	2                               @ DW_AT_decl_file
	.short	632                             @ DW_AT_decl_line
	.short	344                             @ DW_AT_data_member_location
	.byte	6                               @ Abbrev [6] 0x306:0xe DW_TAG_member
	.long	.Linfo_string60                 @ DW_AT_name
	.long	887                             @ DW_AT_type
	.byte	2                               @ DW_AT_decl_file
	.short	633                             @ DW_AT_decl_line
	.short	348                             @ DW_AT_data_member_location
	.byte	6                               @ Abbrev [6] 0x314:0xe DW_TAG_member
	.long	.Linfo_string61                 @ DW_AT_name
	.long	892                             @ DW_AT_type
	.byte	2                               @ DW_AT_decl_file
	.short	634                             @ DW_AT_decl_line
	.short	352                             @ DW_AT_data_member_location
	.byte	6                               @ Abbrev [6] 0x322:0xe DW_TAG_member
	.long	.Linfo_string62                 @ DW_AT_name
	.long	994                             @ DW_AT_type
	.byte	2                               @ DW_AT_decl_file
	.short	635                             @ DW_AT_decl_line
	.short	356                             @ DW_AT_data_member_location
	.byte	6                               @ Abbrev [6] 0x330:0xe DW_TAG_member
	.long	.Linfo_string63                 @ DW_AT_name
	.long	892                             @ DW_AT_type
	.byte	2                               @ DW_AT_decl_file
	.short	636                             @ DW_AT_decl_line
	.short	392                             @ DW_AT_data_member_location
	.byte	6                               @ Abbrev [6] 0x33e:0xe DW_TAG_member
	.long	.Linfo_string64                 @ DW_AT_name
	.long	892                             @ DW_AT_type
	.byte	2                               @ DW_AT_decl_file
	.short	637                             @ DW_AT_decl_line
	.short	396                             @ DW_AT_data_member_location
	.byte	6                               @ Abbrev [6] 0x34c:0xe DW_TAG_member
	.long	.Linfo_string65                 @ DW_AT_name
	.long	892                             @ DW_AT_type
	.byte	2                               @ DW_AT_decl_file
	.short	638                             @ DW_AT_decl_line
	.short	400                             @ DW_AT_data_member_location
	.byte	6                               @ Abbrev [6] 0x35a:0xe DW_TAG_member
	.long	.Linfo_string66                 @ DW_AT_name
	.long	1006                            @ DW_AT_type
	.byte	2                               @ DW_AT_decl_file
	.short	639                             @ DW_AT_decl_line
	.short	404                             @ DW_AT_data_member_location
	.byte	6                               @ Abbrev [6] 0x368:0xe DW_TAG_member
	.long	.Linfo_string67                 @ DW_AT_name
	.long	892                             @ DW_AT_type
	.byte	2                               @ DW_AT_decl_file
	.short	640                             @ DW_AT_decl_line
	.short	492                             @ DW_AT_data_member_location
	.byte	0                               @ End Of Children Mark
	.byte	7                               @ Abbrev [7] 0x377:0x5 DW_TAG_const_type
	.long	892                             @ DW_AT_type
	.byte	8                               @ Abbrev [8] 0x37c:0x5 DW_TAG_volatile_type
	.long	897                             @ DW_AT_type
	.byte	9                               @ Abbrev [9] 0x381:0xb DW_TAG_typedef
	.long	908                             @ DW_AT_type
	.long	.Linfo_string5                  @ DW_AT_name
	.byte	1                               @ DW_AT_decl_file
	.byte	64                              @ DW_AT_decl_line
	.byte	10                              @ Abbrev [10] 0x38c:0x7 DW_TAG_base_type
	.long	.Linfo_string4                  @ DW_AT_name
	.byte	7                               @ DW_AT_encoding
	.byte	4                               @ DW_AT_byte_size
	.byte	11                              @ Abbrev [11] 0x393:0xc DW_TAG_array_type
	.long	887                             @ DW_AT_type
	.byte	12                              @ Abbrev [12] 0x398:0x6 DW_TAG_subrange_type
	.long	927                             @ DW_AT_type
	.byte	1                               @ DW_AT_count
	.byte	0                               @ End Of Children Mark
	.byte	13                              @ Abbrev [13] 0x39f:0x7 DW_TAG_base_type
	.long	.Linfo_string11                 @ DW_AT_name
	.byte	8                               @ DW_AT_byte_size
	.byte	7                               @ DW_AT_encoding
	.byte	11                              @ Abbrev [11] 0x3a6:0xc DW_TAG_array_type
	.long	887                             @ DW_AT_type
	.byte	12                              @ Abbrev [12] 0x3ab:0x6 DW_TAG_subrange_type
	.long	927                             @ DW_AT_type
	.byte	2                               @ DW_AT_count
	.byte	0                               @ End Of Children Mark
	.byte	11                              @ Abbrev [11] 0x3b2:0xc DW_TAG_array_type
	.long	887                             @ DW_AT_type
	.byte	12                              @ Abbrev [12] 0x3b7:0x6 DW_TAG_subrange_type
	.long	927                             @ DW_AT_type
	.byte	17                              @ DW_AT_count
	.byte	0                               @ End Of Children Mark
	.byte	11                              @ Abbrev [11] 0x3be:0xc DW_TAG_array_type
	.long	887                             @ DW_AT_type
	.byte	12                              @ Abbrev [12] 0x3c3:0x6 DW_TAG_subrange_type
	.long	927                             @ DW_AT_type
	.byte	3                               @ DW_AT_count
	.byte	0                               @ End Of Children Mark
	.byte	11                              @ Abbrev [11] 0x3ca:0xc DW_TAG_array_type
	.long	887                             @ DW_AT_type
	.byte	12                              @ Abbrev [12] 0x3cf:0x6 DW_TAG_subrange_type
	.long	927                             @ DW_AT_type
	.byte	5                               @ DW_AT_count
	.byte	0                               @ End Of Children Mark
	.byte	11                              @ Abbrev [11] 0x3d6:0xc DW_TAG_array_type
	.long	887                             @ DW_AT_type
	.byte	12                              @ Abbrev [12] 0x3db:0x6 DW_TAG_subrange_type
	.long	927                             @ DW_AT_type
	.byte	4                               @ DW_AT_count
	.byte	0                               @ End Of Children Mark
	.byte	11                              @ Abbrev [11] 0x3e2:0xc DW_TAG_array_type
	.long	887                             @ DW_AT_type
	.byte	12                              @ Abbrev [12] 0x3e7:0x6 DW_TAG_subrange_type
	.long	927                             @ DW_AT_type
	.byte	9                               @ DW_AT_count
	.byte	0                               @ End Of Children Mark
	.byte	11                              @ Abbrev [11] 0x3ee:0xc DW_TAG_array_type
	.long	887                             @ DW_AT_type
	.byte	12                              @ Abbrev [12] 0x3f3:0x6 DW_TAG_subrange_type
	.long	927                             @ DW_AT_type
	.byte	22                              @ DW_AT_count
	.byte	0                               @ End Of Children Mark
	.byte	14                              @ Abbrev [14] 0x3fa:0xf DW_TAG_subprogram
	.long	.Lfunc_begin0                   @ DW_AT_low_pc
	.long	.Lfunc_end0-.Lfunc_begin0       @ DW_AT_high_pc
	.byte	1                               @ DW_AT_frame_base
	.byte	93
                                        @ DW_AT_GNU_all_call_sites
	.long	1168                            @ DW_AT_abstract_origin
	.byte	14                              @ Abbrev [14] 0x409:0xf DW_TAG_subprogram
	.long	.Lfunc_begin1                   @ DW_AT_low_pc
	.long	.Lfunc_end1-.Lfunc_begin1       @ DW_AT_high_pc
	.byte	1                               @ DW_AT_frame_base
	.byte	93
                                        @ DW_AT_GNU_all_call_sites
	.long	1306                            @ DW_AT_abstract_origin
	.byte	14                              @ Abbrev [14] 0x418:0xf DW_TAG_subprogram
	.long	.Lfunc_begin2                   @ DW_AT_low_pc
	.long	.Lfunc_end2-.Lfunc_begin2       @ DW_AT_high_pc
	.byte	1                               @ DW_AT_frame_base
	.byte	93
                                        @ DW_AT_GNU_all_call_sites
	.long	1176                            @ DW_AT_abstract_origin
	.byte	14                              @ Abbrev [14] 0x427:0xf DW_TAG_subprogram
	.long	.Lfunc_begin3                   @ DW_AT_low_pc
	.long	.Lfunc_end3-.Lfunc_begin3       @ DW_AT_high_pc
	.byte	1                               @ DW_AT_frame_base
	.byte	93
                                        @ DW_AT_GNU_all_call_sites
	.long	1314                            @ DW_AT_abstract_origin
	.byte	14                              @ Abbrev [14] 0x436:0xf DW_TAG_subprogram
	.long	.Lfunc_begin4                   @ DW_AT_low_pc
	.long	.Lfunc_end4-.Lfunc_begin4       @ DW_AT_high_pc
	.byte	1                               @ DW_AT_frame_base
	.byte	93
                                        @ DW_AT_GNU_all_call_sites
	.long	1184                            @ DW_AT_abstract_origin
	.byte	14                              @ Abbrev [14] 0x445:0xf DW_TAG_subprogram
	.long	.Lfunc_begin5                   @ DW_AT_low_pc
	.long	.Lfunc_end5-.Lfunc_begin5       @ DW_AT_high_pc
	.byte	1                               @ DW_AT_frame_base
	.byte	93
                                        @ DW_AT_GNU_all_call_sites
	.long	1322                            @ DW_AT_abstract_origin
	.byte	14                              @ Abbrev [14] 0x454:0xf DW_TAG_subprogram
	.long	.Lfunc_begin6                   @ DW_AT_low_pc
	.long	.Lfunc_end6-.Lfunc_begin6       @ DW_AT_high_pc
	.byte	1                               @ DW_AT_frame_base
	.byte	93
                                        @ DW_AT_GNU_all_call_sites
	.long	1192                            @ DW_AT_abstract_origin
	.byte	14                              @ Abbrev [14] 0x463:0xf DW_TAG_subprogram
	.long	.Lfunc_begin7                   @ DW_AT_low_pc
	.long	.Lfunc_end7-.Lfunc_begin7       @ DW_AT_high_pc
	.byte	1                               @ DW_AT_frame_base
	.byte	93
                                        @ DW_AT_GNU_all_call_sites
	.long	1330                            @ DW_AT_abstract_origin
	.byte	14                              @ Abbrev [14] 0x472:0xf DW_TAG_subprogram
	.long	.Lfunc_begin8                   @ DW_AT_low_pc
	.long	.Lfunc_end8-.Lfunc_begin8       @ DW_AT_high_pc
	.byte	1                               @ DW_AT_frame_base
	.byte	93
                                        @ DW_AT_GNU_all_call_sites
	.long	1200                            @ DW_AT_abstract_origin
	.byte	14                              @ Abbrev [14] 0x481:0xf DW_TAG_subprogram
	.long	.Lfunc_begin9                   @ DW_AT_low_pc
	.long	.Lfunc_end9-.Lfunc_begin9       @ DW_AT_high_pc
	.byte	1                               @ DW_AT_frame_base
	.byte	93
                                        @ DW_AT_GNU_all_call_sites
	.long	1338                            @ DW_AT_abstract_origin
	.byte	15                              @ Abbrev [15] 0x490:0x8 DW_TAG_subprogram
	.long	.Linfo_string69                 @ DW_AT_name
	.byte	3                               @ DW_AT_decl_file
	.byte	27                              @ DW_AT_decl_line
                                        @ DW_AT_prototyped
                                        @ DW_AT_external
	.byte	1                               @ DW_AT_inline
	.byte	15                              @ Abbrev [15] 0x498:0x8 DW_TAG_subprogram
	.long	.Linfo_string70                 @ DW_AT_name
	.byte	3                               @ DW_AT_decl_file
	.byte	42                              @ DW_AT_decl_line
                                        @ DW_AT_prototyped
                                        @ DW_AT_external
	.byte	1                               @ DW_AT_inline
	.byte	15                              @ Abbrev [15] 0x4a0:0x8 DW_TAG_subprogram
	.long	.Linfo_string71                 @ DW_AT_name
	.byte	3                               @ DW_AT_decl_file
	.byte	57                              @ DW_AT_decl_line
                                        @ DW_AT_prototyped
                                        @ DW_AT_external
	.byte	1                               @ DW_AT_inline
	.byte	15                              @ Abbrev [15] 0x4a8:0x8 DW_TAG_subprogram
	.long	.Linfo_string72                 @ DW_AT_name
	.byte	3                               @ DW_AT_decl_file
	.byte	72                              @ DW_AT_decl_line
                                        @ DW_AT_prototyped
                                        @ DW_AT_external
	.byte	1                               @ DW_AT_inline
	.byte	15                              @ Abbrev [15] 0x4b0:0x8 DW_TAG_subprogram
	.long	.Linfo_string73                 @ DW_AT_name
	.byte	3                               @ DW_AT_decl_file
	.byte	90                              @ DW_AT_decl_line
                                        @ DW_AT_prototyped
                                        @ DW_AT_external
	.byte	1                               @ DW_AT_inline
	.byte	16                              @ Abbrev [16] 0x4b8:0x62 DW_TAG_subprogram
	.long	.Lfunc_begin10                  @ DW_AT_low_pc
	.long	.Lfunc_end10-.Lfunc_begin10     @ DW_AT_high_pc
	.byte	1                               @ DW_AT_frame_base
	.byte	93
                                        @ DW_AT_GNU_all_call_sites
	.long	.Linfo_string79                 @ DW_AT_name
	.byte	3                               @ DW_AT_decl_file
	.byte	105                             @ DW_AT_decl_line
                                        @ DW_AT_prototyped
                                        @ DW_AT_external
	.byte	17                              @ Abbrev [17] 0x4c9:0x10 DW_TAG_inlined_subroutine
	.long	1168                            @ DW_AT_abstract_origin
	.long	.Ltmp20                         @ DW_AT_low_pc
	.long	.Ltmp21-.Ltmp20                 @ DW_AT_high_pc
	.byte	3                               @ DW_AT_call_file
	.byte	124                             @ DW_AT_call_line
	.byte	5                               @ DW_AT_call_column
	.byte	17                              @ Abbrev [17] 0x4d9:0x10 DW_TAG_inlined_subroutine
	.long	1176                            @ DW_AT_abstract_origin
	.long	.Ltmp21                         @ DW_AT_low_pc
	.long	.Ltmp22-.Ltmp21                 @ DW_AT_high_pc
	.byte	3                               @ DW_AT_call_file
	.byte	125                             @ DW_AT_call_line
	.byte	5                               @ DW_AT_call_column
	.byte	17                              @ Abbrev [17] 0x4e9:0x10 DW_TAG_inlined_subroutine
	.long	1184                            @ DW_AT_abstract_origin
	.long	.Ltmp22                         @ DW_AT_low_pc
	.long	.Ltmp23-.Ltmp22                 @ DW_AT_high_pc
	.byte	3                               @ DW_AT_call_file
	.byte	126                             @ DW_AT_call_line
	.byte	5                               @ DW_AT_call_column
	.byte	17                              @ Abbrev [17] 0x4f9:0x10 DW_TAG_inlined_subroutine
	.long	1192                            @ DW_AT_abstract_origin
	.long	.Ltmp23                         @ DW_AT_low_pc
	.long	.Ltmp24-.Ltmp23                 @ DW_AT_high_pc
	.byte	3                               @ DW_AT_call_file
	.byte	127                             @ DW_AT_call_line
	.byte	5                               @ DW_AT_call_column
	.byte	17                              @ Abbrev [17] 0x509:0x10 DW_TAG_inlined_subroutine
	.long	1200                            @ DW_AT_abstract_origin
	.long	.Ltmp24                         @ DW_AT_low_pc
	.long	.Ltmp25-.Ltmp24                 @ DW_AT_high_pc
	.byte	3                               @ DW_AT_call_file
	.byte	128                             @ DW_AT_call_line
	.byte	5                               @ DW_AT_call_column
	.byte	0                               @ End Of Children Mark
	.byte	15                              @ Abbrev [15] 0x51a:0x8 DW_TAG_subprogram
	.long	.Linfo_string74                 @ DW_AT_name
	.byte	3                               @ DW_AT_decl_file
	.byte	35                              @ DW_AT_decl_line
                                        @ DW_AT_prototyped
                                        @ DW_AT_external
	.byte	1                               @ DW_AT_inline
	.byte	15                              @ Abbrev [15] 0x522:0x8 DW_TAG_subprogram
	.long	.Linfo_string75                 @ DW_AT_name
	.byte	3                               @ DW_AT_decl_file
	.byte	50                              @ DW_AT_decl_line
                                        @ DW_AT_prototyped
                                        @ DW_AT_external
	.byte	1                               @ DW_AT_inline
	.byte	15                              @ Abbrev [15] 0x52a:0x8 DW_TAG_subprogram
	.long	.Linfo_string76                 @ DW_AT_name
	.byte	3                               @ DW_AT_decl_file
	.byte	65                              @ DW_AT_decl_line
                                        @ DW_AT_prototyped
                                        @ DW_AT_external
	.byte	1                               @ DW_AT_inline
	.byte	15                              @ Abbrev [15] 0x532:0x8 DW_TAG_subprogram
	.long	.Linfo_string77                 @ DW_AT_name
	.byte	3                               @ DW_AT_decl_file
	.byte	82                              @ DW_AT_decl_line
                                        @ DW_AT_prototyped
                                        @ DW_AT_external
	.byte	1                               @ DW_AT_inline
	.byte	15                              @ Abbrev [15] 0x53a:0x8 DW_TAG_subprogram
	.long	.Linfo_string78                 @ DW_AT_name
	.byte	3                               @ DW_AT_decl_file
	.byte	98                              @ DW_AT_decl_line
                                        @ DW_AT_prototyped
                                        @ DW_AT_external
	.byte	1                               @ DW_AT_inline
	.byte	16                              @ Abbrev [16] 0x542:0x62 DW_TAG_subprogram
	.long	.Lfunc_begin11                  @ DW_AT_low_pc
	.long	.Lfunc_end11-.Lfunc_begin11     @ DW_AT_high_pc
	.byte	1                               @ DW_AT_frame_base
	.byte	93
                                        @ DW_AT_GNU_all_call_sites
	.long	.Linfo_string80                 @ DW_AT_name
	.byte	3                               @ DW_AT_decl_file
	.byte	133                             @ DW_AT_decl_line
                                        @ DW_AT_prototyped
                                        @ DW_AT_external
	.byte	17                              @ Abbrev [17] 0x553:0x10 DW_TAG_inlined_subroutine
	.long	1306                            @ DW_AT_abstract_origin
	.long	.Ltmp27                         @ DW_AT_low_pc
	.long	.Ltmp28-.Ltmp27                 @ DW_AT_high_pc
	.byte	3                               @ DW_AT_call_file
	.byte	135                             @ DW_AT_call_line
	.byte	5                               @ DW_AT_call_column
	.byte	17                              @ Abbrev [17] 0x563:0x10 DW_TAG_inlined_subroutine
	.long	1314                            @ DW_AT_abstract_origin
	.long	.Ltmp28                         @ DW_AT_low_pc
	.long	.Ltmp29-.Ltmp28                 @ DW_AT_high_pc
	.byte	3                               @ DW_AT_call_file
	.byte	136                             @ DW_AT_call_line
	.byte	5                               @ DW_AT_call_column
	.byte	17                              @ Abbrev [17] 0x573:0x10 DW_TAG_inlined_subroutine
	.long	1322                            @ DW_AT_abstract_origin
	.long	.Ltmp29                         @ DW_AT_low_pc
	.long	.Ltmp30-.Ltmp29                 @ DW_AT_high_pc
	.byte	3                               @ DW_AT_call_file
	.byte	137                             @ DW_AT_call_line
	.byte	5                               @ DW_AT_call_column
	.byte	17                              @ Abbrev [17] 0x583:0x10 DW_TAG_inlined_subroutine
	.long	1330                            @ DW_AT_abstract_origin
	.long	.Ltmp30                         @ DW_AT_low_pc
	.long	.Ltmp31-.Ltmp30                 @ DW_AT_high_pc
	.byte	3                               @ DW_AT_call_file
	.byte	138                             @ DW_AT_call_line
	.byte	5                               @ DW_AT_call_column
	.byte	17                              @ Abbrev [17] 0x593:0x10 DW_TAG_inlined_subroutine
	.long	1338                            @ DW_AT_abstract_origin
	.long	.Ltmp31                         @ DW_AT_low_pc
	.long	.Ltmp32-.Ltmp31                 @ DW_AT_high_pc
	.byte	3                               @ DW_AT_call_file
	.byte	139                             @ DW_AT_call_line
	.byte	5                               @ DW_AT_call_column
	.byte	0                               @ End Of Children Mark
	.byte	0                               @ End Of Children Mark
.Ldebug_info_end0:
	.section	.debug_ranges,"",%progbits
.Ldebug_ranges0:
	.long	.Lfunc_begin0
	.long	.Lfunc_end0
	.long	.Lfunc_begin1
	.long	.Lfunc_end1
	.long	.Lfunc_begin2
	.long	.Lfunc_end2
	.long	.Lfunc_begin3
	.long	.Lfunc_end3
	.long	.Lfunc_begin4
	.long	.Lfunc_end4
	.long	.Lfunc_begin5
	.long	.Lfunc_end5
	.long	.Lfunc_begin6
	.long	.Lfunc_end6
	.long	.Lfunc_begin7
	.long	.Lfunc_end7
	.long	.Lfunc_begin8
	.long	.Lfunc_end8
	.long	.Lfunc_begin9
	.long	.Lfunc_end9
	.long	.Lfunc_begin10
	.long	.Lfunc_end10
	.long	.Lfunc_begin11
	.long	.Lfunc_end11
	.long	0
	.long	0
	.section	.debug_str,"MS",%progbits,1
.Linfo_string0:
	.asciz	"Component: Arm Compiler for Embedded 6.22 Tool: armclang [5ee92100]" @ string offset=0
.Linfo_string1:
	.asciz	"..\\pin_config.c"              @ string offset=68
.Linfo_string2:
	.asciz	"C:\\Nuvoton_ws\\M032GK_UART_2_RXTX\\Keil" @ string offset=84
.Linfo_string3:
	.asciz	"PDID"                          @ string offset=122
.Linfo_string4:
	.asciz	"unsigned int"                  @ string offset=127
.Linfo_string5:
	.asciz	"uint32_t"                      @ string offset=140
.Linfo_string6:
	.asciz	"RSTSTS"                        @ string offset=149
.Linfo_string7:
	.asciz	"IPRST0"                        @ string offset=156
.Linfo_string8:
	.asciz	"IPRST1"                        @ string offset=163
.Linfo_string9:
	.asciz	"IPRST2"                        @ string offset=170
.Linfo_string10:
	.asciz	"RESERVE0"                      @ string offset=177
.Linfo_string11:
	.asciz	"__ARRAY_SIZE_TYPE__"           @ string offset=186
.Linfo_string12:
	.asciz	"BODCTL"                        @ string offset=206
.Linfo_string13:
	.asciz	"RESERVE1"                      @ string offset=213
.Linfo_string14:
	.asciz	"PORCTL"                        @ string offset=222
.Linfo_string15:
	.asciz	"RESERVE2"                      @ string offset=229
.Linfo_string16:
	.asciz	"GPA_MFPL"                      @ string offset=238
.Linfo_string17:
	.asciz	"GPA_MFPH"                      @ string offset=247
.Linfo_string18:
	.asciz	"GPB_MFPL"                      @ string offset=256
.Linfo_string19:
	.asciz	"GPB_MFPH"                      @ string offset=265
.Linfo_string20:
	.asciz	"GPC_MFPL"                      @ string offset=274
.Linfo_string21:
	.asciz	"GPC_MFPH"                      @ string offset=283
.Linfo_string22:
	.asciz	"GPD_MFPL"                      @ string offset=292
.Linfo_string23:
	.asciz	"GPD_MFPH"                      @ string offset=301
.Linfo_string24:
	.asciz	"GPE_MFPL"                      @ string offset=310
.Linfo_string25:
	.asciz	"GPE_MFPH"                      @ string offset=319
.Linfo_string26:
	.asciz	"GPF_MFPL"                      @ string offset=328
.Linfo_string27:
	.asciz	"GPF_MFPH"                      @ string offset=337
.Linfo_string28:
	.asciz	"GPG_MFPL"                      @ string offset=346
.Linfo_string29:
	.asciz	"GPG_MFPH"                      @ string offset=355
.Linfo_string30:
	.asciz	"GPH_MFPL"                      @ string offset=364
.Linfo_string31:
	.asciz	"GPH_MFPH"                      @ string offset=373
.Linfo_string32:
	.asciz	"RESERVE3"                      @ string offset=382
.Linfo_string33:
	.asciz	"LPLDOCTL"                      @ string offset=391
.Linfo_string34:
	.asciz	"RESERVE4"                      @ string offset=400
.Linfo_string35:
	.asciz	"MODCTL"                        @ string offset=409
.Linfo_string36:
	.asciz	"RESERVE5"                      @ string offset=416
.Linfo_string37:
	.asciz	"SRAM_BISTCTL"                  @ string offset=425
.Linfo_string38:
	.asciz	"SRAM_BISTSTS"                  @ string offset=438
.Linfo_string39:
	.asciz	"SRAM_PARITY"                   @ string offset=451
.Linfo_string40:
	.asciz	"SRAM_INTCTL"                   @ string offset=463
.Linfo_string41:
	.asciz	"SRAM_STATUS"                   @ string offset=475
.Linfo_string42:
	.asciz	"SRAM_ERRADDR"                  @ string offset=487
.Linfo_string43:
	.asciz	"RESERVE6"                      @ string offset=500
.Linfo_string44:
	.asciz	"HIRCTRIMCTL"                   @ string offset=509
.Linfo_string45:
	.asciz	"HIRCTRIMIEN"                   @ string offset=521
.Linfo_string46:
	.asciz	"HIRCTRIMSTS"                   @ string offset=533
.Linfo_string47:
	.asciz	"RESERVE7"                      @ string offset=545
.Linfo_string48:
	.asciz	"REGLCTL"                       @ string offset=554
.Linfo_string49:
	.asciz	"RESERVE8"                      @ string offset=562
.Linfo_string50:
	.asciz	"HIRCADJ"                       @ string offset=571
.Linfo_string51:
	.asciz	"RESERVE9"                      @ string offset=579
.Linfo_string52:
	.asciz	"LDOTRIM"                       @ string offset=588
.Linfo_string53:
	.asciz	"LVR16TRIM"                     @ string offset=596
.Linfo_string54:
	.asciz	"RESERVE10"                     @ string offset=606
.Linfo_string55:
	.asciz	"LIRCT"                         @ string offset=616
.Linfo_string56:
	.asciz	"RESERVE11"                     @ string offset=622
.Linfo_string57:
	.asciz	"LVR17TRIM"                     @ string offset=632
.Linfo_string58:
	.asciz	"LVR20TRIM"                     @ string offset=642
.Linfo_string59:
	.asciz	"LVR25TRIM"                     @ string offset=652
.Linfo_string60:
	.asciz	"uLDOVITRIM"                    @ string offset=662
.Linfo_string61:
	.asciz	"LVRITRIMSEL"                   @ string offset=673
.Linfo_string62:
	.asciz	"RESERVE12"                     @ string offset=685
.Linfo_string63:
	.asciz	"HIRCTCTL"                      @ string offset=695
.Linfo_string64:
	.asciz	"ADCCHIP"                       @ string offset=704
.Linfo_string65:
	.asciz	"HXTTCTL"                       @ string offset=712
.Linfo_string66:
	.asciz	"RESERVE13"                     @ string offset=720
.Linfo_string67:
	.asciz	"PORDISAN"                      @ string offset=730
.Linfo_string68:
	.asciz	"SYS_T"                         @ string offset=739
.Linfo_string69:
	.asciz	"pin_config_init_ice"           @ string offset=745
.Linfo_string70:
	.asciz	"pin_config_init_pb"            @ string offset=765
.Linfo_string71:
	.asciz	"pin_config_init_pc"            @ string offset=784
.Linfo_string72:
	.asciz	"pin_config_init_pf"            @ string offset=803
.Linfo_string73:
	.asciz	"pin_config_init_uart0"         @ string offset=822
.Linfo_string74:
	.asciz	"pin_config_deinit_ice"         @ string offset=844
.Linfo_string75:
	.asciz	"pin_config_deinit_pb"          @ string offset=866
.Linfo_string76:
	.asciz	"pin_config_deinit_pc"          @ string offset=887
.Linfo_string77:
	.asciz	"pin_config_deinit_pf"          @ string offset=908
.Linfo_string78:
	.asciz	"pin_config_deinit_uart0"       @ string offset=929
.Linfo_string79:
	.asciz	"pin_config_init"               @ string offset=953
.Linfo_string80:
	.asciz	"pin_config_deinit"             @ string offset=969
	.ident	"Component: Arm Compiler for Embedded 6.22 Tool: armclang [5ee92100]"
	.section	".note.GNU-stack","",%progbits
	.eabi_attribute	30, 1	@ Tag_ABI_optimization_goals
	.ARM_attribute	16, 1	@ Tag_AV_eba
	.section	.debug_line,"",%progbits
.Lline_table_start0:
